[2015.12.21-03.40.24:978][  0]Log file open, 12/21/15 03:40:24
[2015.12.21-03.40.24:978][  0]LogInit:Display: Running engine for game: WeatherController
[2015.12.21-03.40.24:978][  0]LogInit:Display: RandInit(349375491) SRandInit(349375491).
[2015.12.21-03.40.24:978][  0]LogTaskGraph: Started task graph with 4 named threads and 7 total threads.
[2015.12.21-03.40.24:978][  0]LogStats: Stats thread started at 0.603563
[2015.12.21-03.40.24:978][  0]LogInit: Version: 4.9.2-2707645+++depot+UE4-Releases+4.9
[2015.12.21-03.40.24:978][  0]LogInit: API Version: 2672455
[2015.12.21-03.40.24:978][  0]LogInit: Compiled (64-bit): Sep 28 2015 10:25:44
[2015.12.21-03.40.24:978][  0]LogInit: Compiled with Visual C++: 18.00.21005.01
[2015.12.21-03.40.24:978][  0]LogInit: Build Configuration: Development
[2015.12.21-03.40.24:978][  0]LogInit: Branch Name: ++depot+UE4-Releases+4.9
[2015.12.21-03.40.24:978][  0]LogInit: Command line:  
[2015.12.21-03.40.24:978][  0]LogInit: Base directory: C:/Program Files/Epic Games/4.9/Engine/Binaries/Win64/
[2015.12.21-03.40.24:978][  0]LogInit: Rocket: 1
[2015.12.21-03.40.25:043][  0]LogInit: Using libcurl 7.41.0
[2015.12.21-03.40.25:043][  0]LogInit:  - built for x86_64-pc-win32
[2015.12.21-03.40.25:043][  0]LogInit:  - supports SSL with WinSSL
[2015.12.21-03.40.25:043][  0]LogInit:  - other features:
[2015.12.21-03.40.25:043][  0]LogInit:      CURL_VERSION_SSL
[2015.12.21-03.40.25:043][  0]LogInit:      CURL_VERSION_IPV6
[2015.12.21-03.40.25:043][  0]LogInit:      CURL_VERSION_ASYNCHDNS
[2015.12.21-03.40.25:043][  0]LogInit:      CURL_VERSION_LARGEFILE
[2015.12.21-03.40.25:043][  0]LogInit:      CURL_VERSION_IDN
[2015.12.21-03.40.25:043][  0]LogInit:  CurlRequestOptions (configurable via config and command line):
[2015.12.21-03.40.25:043][  0]LogInit:  - bVerifyPeer = true  - Libcurl will verify peer certificate
[2015.12.21-03.40.25:043][  0]LogInit:  - bUseHttpProxy = false  - Libcurl will NOT use HTTP proxy
[2015.12.21-03.40.25:043][  0]LogInit:  - bDontReuseConnections = false  - Libcurl will reuse connections
[2015.12.21-03.40.25:043][  0]LogInit:  - CertBundlePath = nullptr  - Libcurl will use whatever was configured at build time.
[2015.12.21-03.40.25:192][  0]LogInit: Presizing for 0 objects not considered by GC, pre-allocating 0 bytes.
[2015.12.21-03.40.25:197][  0]LogInit: Object subsystem initialized
[2015.12.21-03.40.25:198][  0]LogInit: Selected Device Profile: [Windows]
[2015.12.21-03.40.25:198][  0]LogInit: Applying CVar settings loaded from the selected device profile: [Windows]
[2015.12.21-03.40.25:212][  0]LogInit: Computer: 7DEADLYSINS
[2015.12.21-03.40.25:212][  0]LogInit: User: KIWe1
[2015.12.21-03.40.25:212][  0]LogInit: CPU Page size=4096, Cores=4
[2015.12.21-03.40.25:212][  0]LogInit: High frequency timer resolution =3.222658 MHz
[2015.12.21-03.40.25:212][  0]LogMemory: Memory total: Physical=7.8GB (8GB approx)
[2015.12.21-03.40.25:212][  0]LogMemory: Platform Memory Stats for Windows
[2015.12.21-03.40.25:212][  0]LogMemory: Process Physical Memory: 53.08 MB used, 53.08 MB peak
[2015.12.21-03.40.25:212][  0]LogMemory: Process Virtual Memory: 55.13 MB used, 55.13 MB peak
[2015.12.21-03.40.25:212][  0]LogMemory: Physical Memory: 4300.32 MB used, 8029.27 MB total
[2015.12.21-03.40.25:212][  0]LogMemory: Virtual Memory: 346.01 MB used, 134217728.00 MB total
[2015.12.21-03.40.25:652][  0]LogTextLocalizationManager: No specific translations for ('en-GB') exist, so ('en') translations will be used.
[2015.12.21-03.40.26:313][  0]LogD3D11RHI: Found D3D11 adapter 0: NVIDIA GeForce GTX 760 (Feature Level 11_0)
[2015.12.21-03.40.26:313][  0]LogD3D11RHI: Adapter has 1985MB of dedicated video memory, 0MB of dedicated system memory, and 2048MB of shared system memory, 1 output[s]
[2015.12.21-03.40.26:319][  0]LogD3D11RHI: Found D3D11 adapter 1: Intel(R) HD Graphics 4600 (Feature Level 11_0)
[2015.12.21-03.40.26:319][  0]LogD3D11RHI: Adapter has 160MB of dedicated video memory, 0MB of dedicated system memory, and 1760MB of shared system memory, 1 output[s]
[2015.12.21-03.40.26:320][  0]LogD3D11RHI: Found D3D11 adapter 2: Microsoft Basic Render Driver (Feature Level 11_0)
[2015.12.21-03.40.26:320][  0]LogD3D11RHI: Adapter has 0MB of dedicated video memory, 0MB of dedicated system memory, and 256MB of shared system memory, 0 output[s]
[2015.12.21-03.40.26:320][  0]LogD3D11RHI: Chosen D3D11 Adapter Id = 0
[2015.12.21-03.40.26:323][  0]LogD3D11RHI: !Direct3DDevice
[2015.12.21-03.40.26:323][  0]LogRHI: Texture pool is 1361 MB (70% of 1945 MB)
[2015.12.21-03.40.26:331][  0]LogD3D11RHI: Async texture creation enabled
[2015.12.21-03.40.26:347][  0]LogShaderCompilers: Guid format shader working directory is 15 characters bigger than the processId version (../../../../../../Users/KIWe1/Documents/GitHub/WeatherSystem/WeatherController/WeatherController/Intermediate/Shaders/WorkingDirectory/8504/).
[2015.12.21-03.40.26:347][  0]LogShaderCompilers: Cleaned the shader compiler working directory '../../../../../../Users/KIWe1/Documents/GitHub/WeatherSystem/WeatherController/WeatherController/Intermediate/Shaders/tmp/BF0779884F50600658898A8A8F14E886/'.
[2015.12.21-03.40.26:347][  0]LogShaderCompilers:Display: Using Local Shader Compiler.
[2015.12.21-03.40.35:424][  0]LogTemp:Display: Loaded TP AllDesktopTargetPlatform
[2015.12.21-03.40.35:428][  0]LogTemp:Display: Loaded TP WindowsClientTargetPlatform
[2015.12.21-03.40.35:432][  0]LogTemp:Display: Loaded TP WindowsNoEditorTargetPlatform
[2015.12.21-03.40.35:436][  0]LogTemp:Display: Loaded TP WindowsServerTargetPlatform
[2015.12.21-03.40.35:441][  0]LogTemp:Display: Loaded TP WindowsTargetPlatform
[2015.12.21-03.40.35:445][  0]LogTemp:Display: Loaded TP AndroidTargetPlatform
[2015.12.21-03.40.35:448][  0]LogTemp:Display: Loaded TP Android_ASTCTargetPlatform
[2015.12.21-03.40.35:451][  0]LogTemp:Display: Loaded TP Android_ATCTargetPlatform
[2015.12.21-03.40.35:454][  0]LogTemp:Display: Loaded TP Android_DXTTargetPlatform
[2015.12.21-03.40.35:457][  0]LogTemp:Display: Loaded TP Android_ETC1TargetPlatform
[2015.12.21-03.40.35:460][  0]LogTemp:Display: Loaded TP Android_ETC2TargetPlatform
[2015.12.21-03.40.35:463][  0]LogTemp:Display: Loaded TP Android_PVRTCTargetPlatform
[2015.12.21-03.40.35:463][  0]LogTemp:Display: Loaded TP HTML5TargetPlatform
[2015.12.21-03.40.35:591][  0]LogTemp:Display: Loaded TP IOSTargetPlatform
[2015.12.21-03.40.35:593][  0]LogTemp:Display: Loaded TP LinuxNoEditorTargetPlatform
[2015.12.21-03.40.35:596][  0]LogTemp:Display: Loaded TP LinuxServerTargetPlatform
[2015.12.21-03.40.35:601][  0]LogTemp:Display: Loaded TP LinuxTargetPlatform
[2015.12.21-03.40.35:601][  0]LogTargetPlatformManager:Display: Building Assets For Windows
[2015.12.21-03.40.36:210][  0]LogDerivedDataCache:Display: Max Cache Size: 512 MB
[2015.12.21-03.40.36:676][  0]LogDerivedDataCache: Loaded boot cache 0.45s 41MB C:/Users/KIWe1/AppData/Local/UnrealEngine/4.9/DerivedDataCache/Boot.ddc.
[2015.12.21-03.40.36:676][  0]LogDerivedDataCache:Display: Loaded Boot cache: C:/Users/KIWe1/AppData/Local/UnrealEngine/4.9/DerivedDataCache/Boot.ddc
[2015.12.21-03.40.36:676][  0]LogDerivedDataCache: FDerivedDataBackendGraph:  Pak pak cache file ../../../../../../Users/KIWe1/Documents/GitHub/WeatherSystem/WeatherController/WeatherController/DerivedDataCache/DDC.ddp not found, will not use a pak cache.
[2015.12.21-03.40.36:676][  0]LogDerivedDataCache: Unable to find inner node Pak for hierarchical cache Hierarchy.
[2015.12.21-03.40.36:676][  0]LogDerivedDataCache: FDerivedDataBackendGraph:  CompressedPak pak cache file ../../../../../../Users/KIWe1/Documents/GitHub/WeatherSystem/WeatherController/WeatherController/DerivedDataCache/Compressed.ddp not found, will not use a pak cache.
[2015.12.21-03.40.36:676][  0]LogDerivedDataCache: Unable to find inner node CompressedPak for hierarchical cache Hierarchy.
[2015.12.21-03.40.36:804][  0]LogDerivedDataCache:Display: Pak cache opened for reading ../../../Engine/DerivedDataCache/Compressed.ddp.
[2015.12.21-03.40.36:890][  0]LogDerivedDataCache: Using Local data cache path C:/Users/KIWe1/AppData/Local/UnrealEngine/Common/DerivedDataCache: Writable
[2015.12.21-03.40.49:246][  0]LogInit: Selected Device Profile: [Windows]
[2015.12.21-03.40.49:352][  0]LogContentStreaming: Texture pool size is 0.000000MB
[2015.12.21-03.40.50:631][  0]LogMeshUtilities: No automatic mesh reduction module available
[2015.12.21-03.40.50:631][  0]LogMeshUtilities: No automatic mesh merging module available
[2015.12.21-03.40.54:312][  0]LogInit: WinSock: version 1.1 (2.2), MaxSocks=32767, MaxUdp=65467
[2015.12.21-03.41.19:973][  0]UdpMessaging: Initializing bridge on interface 0.0.0.0:0 to multicast group 230.0.0.1:6666.
[2015.12.21-03.41.21:026][  0]LogAssetRegistry: FAssetRegistry took 0.0225 seconds to start up
[2015.12.21-03.41.23:017][  0]SourceControl: Info Source control is disabled
[2015.12.21-03.41.23:062][  0]SourceControl: Info Source control is disabled
[2015.12.21-03.41.23:118][  0]SourceControl: Info Source control is disabled
[2015.12.21-03.41.23:156][  0]SourceControl: Info Source control is disabled
[2015.12.21-03.41.24:085][  0]LogLinker:Warning: Asset '../../../Engine/Plugins/Runtime/LeapMotionController/Content/LM_PassthroughMaterial.uasset' has been saved with empty engine version. The asset will be loaded but may be incompatible.
[2015.12.21-03.41.24:598][  0]LogObj: 28361 objects as part of root set at end of initial load.
[2015.12.21-03.41.24:598][  0]LogUObjectAllocator: 6038864 out of 0 bytes used by permanent object pool.
[2015.12.21-03.41.25:281][  0]LogEngine: Initializing Engine...
[2015.12.21-03.41.25:327][  0]LogHMD: Can't find Oculus library dev build: is proper Runtime installed? Version: 0.7.0.0
[2015.12.21-03.41.25:428][  0]LogHMD: SteamVR failed to initialize.  Err: 110
[2015.12.21-03.41.26:473][  0]LogAIModule: Creating AISystem for world NewWorld
[2015.12.21-03.41.26:515][  0]LogInit: XAudio2 using 'Speakers (Realtek High Definition Audio)' : 2 channels at 48 kHz using 32 bits per sample (channel mask 0x3)
[2015.12.21-03.41.26:672][  0]LogInit: FAudioDevice initialized.
[2015.12.21-03.41.26:690][  0]LogDerivedDataCache: Saved boot cache 0.02s 41MB C:/Users/KIWe1/AppData/Local/UnrealEngine/4.9/DerivedDataCache/Boot.ddc.
[2015.12.21-03.41.26:709][  0]LogInit: Texture streaming: Enabled
[2015.12.21-03.41.26:924][  0]LogAnalytics: Creating configured Analytics provider AnalyticsET
[2015.12.21-03.41.26:924][  0]LogAnalytics: [UEEditor.Rocket.Release] APIServer = http://et2.epicgames.com/ET2/. AppVersion = 4.9.2-2707645+++depot+UE4-Releases+4.9
[2015.12.21-03.41.26:924][  0]LogAnalytics: [UEEditor.Rocket.Release] SetUserId 308e0aec40fe65e96e887992614e60d6|b15aaf259a234981ac58d9a2d8097391|3ca5979e-5f07-46a1-9140-d6dcf4c8ce96
[2015.12.21-03.41.26:968][  0]LogAnalytics: [UEEditor.Rocket.Release] AnalyticsET::StartSession
[2015.12.21-03.41.27:179][  0]LogInit: Transaction tracking system initialized
[2015.12.21-03.41.27:921][  0]BlueprintLog: New page: Editor Load
[2015.12.21-03.41.34:304][  0]LocalizationService: Info Localization service is disabled
[2015.12.21-03.41.35:190][  0]LogLinker:Warning: Can't find file '/Game/SideScrollerBP/SideScrollerOverview'
[2015.12.21-03.41.35:190][  0]LogLinker:Warning: Can't find file '/Game/SideScrollerBP/SideScrollerOverview'
[2015.12.21-03.41.35:202][  0]LogUObjectGlobals:Warning: Failed to find object 'Class /Game/SideScrollerBP/SideScrollerOverview.SideScrollerOverview_C'
[2015.12.21-03.41.36:201][  0]LogConsoleResponse:Display: 
[2015.12.21-03.41.40:889][  0]LogFileCache: Scanning file cache for directory 'C:/Users/KIWe1/Documents/GitHub/WeatherSystem/WeatherController/WeatherController/Content/' took 0.02s
[2015.12.21-03.41.40:889][  0]LogCook:Display: Done creating registry. It took  0.00s.
[2015.12.21-03.41.41:654][  0]SourceControl: Info Source control is disabled
[2015.12.21-03.41.41:715][  0]LightingResults: New page: Lighting Build
[2015.12.21-03.41.41:913][  0]MapCheck: New page: Map Check
[2015.12.21-03.41.41:913][  0]LightingResults: New page: Lighting Build
[2015.12.21-03.41.42:169][  0]LogParticles: Destroying 0 GPU particle simulations for FXSystem 0x0000000B5F646160
[2015.12.21-03.41.44:203][  0]LogBlueprint:Warning: [compiler WeatherContorller] Warning 'Item' is already a 'Sky Sphere for Weather', you don't need  Cast To SkySphereForWeather .
[2015.12.21-03.41.44:205][  0]LogBlueprint:Error: [compiler WeatherContorller] Error The type of  Zenith Color  is undetermined.  Connect something to  SpawnActor Sky Sphere for Weather  to imply a specific type.
[2015.12.21-03.41.44:206][  0]LogBlueprint:Error: [compiler WeatherContorller] Error The type of  Horizon Color  is undetermined.  Connect something to  SpawnActor Sky Sphere for Weather  to imply a specific type.
[2015.12.21-03.41.44:217][  0]LogBlueprint:Error: [compiler WeatherContorller] Error The current value ((R=1.979559,G=2.586644,B=3.000000,A=1.000000)) of the ' Horizon Color ' pin is invalid: 'Value' must have an input wired into it ("by ref" params expect a valid input to operate on).
[2015.12.21-03.41.44:217][  0]LogBlueprint:Error: [compiler WeatherContorller] Error The current value ((R=0.034046,G=0.109247,B=0.295000,A=1.000000)) of the ' Zenith Color ' pin is invalid: 'Value' must have an input wired into it ("by ref" params expect a valid input to operate on).
[2015.12.21-03.41.44:264][  0]LogBlueprint:Warning: [compiler WeatherContorller] Warning [0081.37] Compile of WeatherContorller failed. 4 Fatal Issue(s) 1 Warning(s) [in 183 ms]
[2015.12.21-03.41.44:264][  0]LogBlueprint:Warning: [compiler WeatherContorller] Warning [0081.37] Compile of WeatherContorller failed. 4 Fatal Issue(s) 2 Warning(s) [in 0 ms]
[2015.12.21-03.41.44:264][  0]LogBlueprint:Warning: [compiler WeatherContorller] Warning [0081.37] Compile of WeatherContorller failed. 4 Fatal Issue(s) 3 Warning(s) [in 0 ms]
[2015.12.21-03.41.44:551][  0]LogBlueprint:Warning: [compiler SkySphereForWeather] Warning 'Item' is already a 'Directional Light Blueprint', you don't need  Cast To DirectionalLight_Blueprint .
[2015.12.21-03.41.44:670][  0]LogBlueprint:Warning: [compiler SkySphereForWeather] Warning [0081.78] Compile of SkySphereForWeather successful, but with 1 Warning(s) [in 124 ms]
[2015.12.21-03.41.44:689][  0]LogBlueprint:Warning: [compiler SkySphereForWeather] Warning [0081.80] Compile of SkySphereForWeather successful, but with 2 Warning(s) [in 18 ms]
[2015.12.21-03.41.44:689][  0]LogBlueprint:Warning: [compiler SkySphereForWeather] Warning [0081.80] Compile of SkySphereForWeather successful, but with 3 Warning(s) [in 0 ms]
[2015.12.21-03.41.44:755][  0]LogBlueprint:Warning: [compiler SkySphereForWeather] Warning 'Item' is already a 'Directional Light Blueprint', you don't need  Cast To DirectionalLight_Blueprint .
[2015.12.21-03.41.44:760][  0]LogBlueprint:Warning: [compiler SkySphereForWeather] Warning [0081.87] Compile of SkySphereForWeather successful, but with 1 Warning(s) [in 11 ms]
[2015.12.21-03.41.44:760][  0]LogBlueprint:Warning: [compiler SkySphereForWeather] Warning [0081.87] Compile of SkySphereForWeather successful, but with 2 Warning(s) [in 0 ms]
[2015.12.21-03.41.44:761][  0]LogBlueprint:Warning: [compiler SkySphereForWeather] Warning [0081.87] Compile of SkySphereForWeather successful, but with 3 Warning(s) [in 0 ms]
[2015.12.21-03.41.44:772][  0]LogBlueprint:Warning: [compiler WeatherContorller] Warning 'Item' is already a 'Sky Sphere for Weather', you don't need  Cast To SkySphereForWeather .
[2015.12.21-03.41.44:777][  0]LogBlueprint:Warning: [compiler WeatherContorller] Warning [0081.89] Compile of WeatherContorller successful, but with 1 Warning(s) [in 12 ms]
[2015.12.21-03.41.44:777][  0]LogBlueprint:Warning: [compiler WeatherContorller] Warning [0081.89] Compile of WeatherContorller successful, but with 2 Warning(s) [in 0 ms]
[2015.12.21-03.41.44:778][  0]LogBlueprint:Warning: [compiler WeatherContorller] Warning [0081.89] Compile of WeatherContorller successful, but with 3 Warning(s) [in 0 ms]
[2015.12.21-03.41.45:667][  0]LogBlueprint:Warning: [compiler CloudsSystem] Warning 'Item' is already a 'BP Sky Sphere', you don't need  Cast To BP_Sky_Sphere .
[2015.12.21-03.41.45:670][  0]LogBlueprint:Warning: [compiler CloudsSystem] Warning [0082.78] Compile of CloudsSystem successful, but with 1 Warning(s) [in 10 ms]
[2015.12.21-03.41.45:670][  0]LogBlueprint:Warning: [compiler CloudsSystem] Warning [0082.78] Compile of CloudsSystem successful, but with 2 Warning(s) [in 0 ms]
[2015.12.21-03.41.45:670][  0]LogBlueprint:Warning: [compiler CloudsSystem] Warning [0082.78] Compile of CloudsSystem successful, but with 3 Warning(s) [in 0 ms]
[2015.12.21-03.41.45:684][  0]LogBlueprint:Warning: [compiler CloudsSystem] Warning 'Item' is already a 'BP Sky Sphere', you don't need  Cast To BP_Sky_Sphere .
[2015.12.21-03.41.45:687][  0]LogBlueprint:Warning: [compiler CloudsSystem] Warning [0082.80] Compile of CloudsSystem successful, but with 1 Warning(s) [in 13 ms]
[2015.12.21-03.41.45:687][  0]LogBlueprint:Warning: [compiler CloudsSystem] Warning [0082.80] Compile of CloudsSystem successful, but with 2 Warning(s) [in 0 ms]
[2015.12.21-03.41.45:687][  0]LogBlueprint:Warning: [compiler CloudsSystem] Warning [0082.80] Compile of CloudsSystem successful, but with 3 Warning(s) [in 0 ms]
[2015.12.21-03.41.46:293][  0]LogBlueprint:Warning: [compiler SliderDayNight] Warning 'Item' is already a 'Directional Light Blueprint', you don't need  Cast To DirectionalLight_Blueprint .
[2015.12.21-03.41.46:297][  0]LogBlueprint:Warning: [compiler SliderDayNight] Warning [0083.41] Compile of SliderDayNight successful, but with 1 Warning(s) [in 33 ms]
[2015.12.21-03.41.46:298][  0]LogBlueprint:Warning: [compiler SliderDayNight] Warning [0083.41] Compile of SliderDayNight successful, but with 2 Warning(s) [in 0 ms]
[2015.12.21-03.41.46:298][  0]LogBlueprint:Warning: [compiler SliderDayNight] Warning [0083.41] Compile of SliderDayNight successful, but with 3 Warning(s) [in 0 ms]
[2015.12.21-03.41.46:311][  0]LogBlueprint:Warning: [compiler SliderDayNight] Warning 'Item' is already a 'Directional Light Blueprint', you don't need  Cast To DirectionalLight_Blueprint .
[2015.12.21-03.41.46:315][  0]LogBlueprint:Warning: [compiler SliderDayNight] Warning [0083.43] Compile of SliderDayNight successful, but with 1 Warning(s) [in 13 ms]
[2015.12.21-03.41.46:315][  0]LogBlueprint:Warning: [compiler SliderDayNight] Warning [0083.43] Compile of SliderDayNight successful, but with 2 Warning(s) [in 0 ms]
[2015.12.21-03.41.46:315][  0]LogBlueprint:Warning: [compiler SliderDayNight] Warning [0083.43] Compile of SliderDayNight successful, but with 3 Warning(s) [in 0 ms]
[2015.12.21-03.41.46:622][  0]LogBlueprint:Warning: [compiler TempSystem] Warning 'Item' is already a 'Sky Sphere for Weather', you don't need  Cast To SkySphereForWeather .
[2015.12.21-03.41.46:622][  0]LogBlueprint:Warning: [compiler TempSystem] Warning 'Item' is already a 'Directional Light Blueprint', you don't need  Cast To DirectionalLight_Blueprint .
[2015.12.21-03.41.46:626][  0]LogBlueprint:Warning: [compiler TempSystem] Warning [0083.74] Compile of TempSystem successful, but with 2 Warning(s) [in 11 ms]
[2015.12.21-03.41.46:626][  0]LogBlueprint:Warning: [compiler TempSystem] Warning [0083.74] Compile of TempSystem successful, but with 3 Warning(s) [in 0 ms]
[2015.12.21-03.41.46:626][  0]LogBlueprint:Warning: [compiler TempSystem] Warning [0083.74] Compile of TempSystem successful, but with 4 Warning(s) [in 0 ms]
[2015.12.21-03.41.46:637][  0]LogBlueprint:Warning: [compiler TempSystem] Warning 'Item' is already a 'Sky Sphere for Weather', you don't need  Cast To SkySphereForWeather .
[2015.12.21-03.41.46:637][  0]LogBlueprint:Warning: [compiler TempSystem] Warning 'Item' is already a 'Directional Light Blueprint', you don't need  Cast To DirectionalLight_Blueprint .
[2015.12.21-03.41.46:641][  0]LogBlueprint:Warning: [compiler TempSystem] Warning [0083.75] Compile of TempSystem successful, but with 2 Warning(s) [in 11 ms]
[2015.12.21-03.41.46:641][  0]LogBlueprint:Warning: [compiler TempSystem] Warning [0083.75] Compile of TempSystem successful, but with 3 Warning(s) [in 0 ms]
[2015.12.21-03.41.46:641][  0]LogBlueprint:Warning: [compiler TempSystem] Warning [0083.75] Compile of TempSystem successful, but with 4 Warning(s) [in 0 ms]
[2015.12.21-03.41.47:383][  0]LogBlueprint:Warning: [compiler Minimal_Default] Warning 'Item' is already a 'Directional Light Blueprint', you don't need  Cast To DirectionalLight_Blueprint .
[2015.12.21-03.41.47:383][  0]LogBlueprint:Warning: [compiler Minimal_Default] Warning 'Item' is already a 'Slider Day Night', you don't need  Cast To SliderDayNight .
[2015.12.21-03.41.47:384][  0]LogBlueprint:Warning: [compiler Minimal_Default] Warning [0084.49] Compile of Minimal_Default successful, but with 2 Warning(s) [in 3 ms]
[2015.12.21-03.41.47:384][  0]LogBlueprint:Warning: [compiler Minimal_Default] Warning [0084.49] Compile of Minimal_Default successful, but with 3 Warning(s) [in 0 ms]
[2015.12.21-03.41.47:384][  0]LogBlueprint:Warning: [compiler Minimal_Default] Warning [0084.49] Compile of Minimal_Default successful, but with 4 Warning(s) [in 0 ms]
[2015.12.21-03.41.47:389][  0]LogBlueprint:Warning: [compiler Minimal_Default] Warning 'Item' is already a 'Directional Light Blueprint', you don't need  Cast To DirectionalLight_Blueprint .
[2015.12.21-03.41.47:389][  0]LogBlueprint:Warning: [compiler Minimal_Default] Warning 'Item' is already a 'Slider Day Night', you don't need  Cast To SliderDayNight .
[2015.12.21-03.41.47:390][  0]LogBlueprint:Warning: [compiler Minimal_Default] Warning [0084.50] Compile of Minimal_Default successful, but with 2 Warning(s) [in 3 ms]
[2015.12.21-03.41.47:390][  0]LogBlueprint:Warning: [compiler Minimal_Default] Warning [0084.50] Compile of Minimal_Default successful, but with 3 Warning(s) [in 0 ms]
[2015.12.21-03.41.47:390][  0]LogBlueprint:Warning: [compiler Minimal_Default] Warning [0084.50] Compile of Minimal_Default successful, but with 4 Warning(s) [in 0 ms]
[2015.12.21-03.41.54:925][  0]LogAIModule: Creating AISystem for world Minimal_Default
[2015.12.21-03.41.55:620][  0]LogEditorServer: Finished looking for orphan Actors (0.000 secs)
[2015.12.21-03.41.55:652][  0]Cmd: MAP CHECKDEP NOCLEARLOG
[2015.12.21-03.41.55:719][  0]MapCheck: Info Map check complete: 0 Error(s), 0 Warning(s), took 67.64ms to complete.
[2015.12.21-03.41.55:764][  0]LogFileHelpers: Loading map 'Minimal_Default' took 14.068
[2015.12.21-03.41.58:164][  0]LogCollectionManager: Loaded 0 collections in 0.001999 seconds
[2015.12.21-03.41.58:713][  0]LogFileCache: Scanning file cache for directory 'C:/Users/KIWe1/Documents/GitHub/WeatherSystem/WeatherController/WeatherController/Saved/Collections/' took 0.01s
[2015.12.21-03.41.58:713][  0]LogFileCache: Scanning file cache for directory 'C:/Users/KIWe1/Documents/GitHub/WeatherSystem/WeatherController/WeatherController/Content/Developers/KIWe1/Collections/' took 0.01s
[2015.12.21-03.41.58:713][  0]LogFileCache: Scanning file cache for directory 'C:/Users/KIWe1/Documents/GitHub/WeatherSystem/WeatherController/WeatherController/Content/Collections/' took 0.00s
[2015.12.21-03.41.58:713][  0]LogContentBrowser: Native class hierarchy populated in 0.1407 seconds. Added 1867 classes and 333 folders.
[2015.12.21-03.41.59:073][  0]LogCollectionManager: Rebuilt the GUID cache for 0 collections in 0.000002 seconds
[2015.12.21-03.41.59:280][  0]LogContentBrowser: Native class hierarchy updated for 'WidgetCarousel' in 0.0003 seconds. Added 0 classes and 0 folders.
[2015.12.21-03.42.01:893][  0]LogContentBrowser: Native class hierarchy updated for 'AddContentDialog' in 0.0003 seconds. Added 0 classes and 0 folders.
[2015.12.21-03.42.02:448][  0]LogContentBrowser: Native class hierarchy updated for 'SceneOutliner' in 0.0004 seconds. Added 1 classes and 2 folders.
[2015.12.21-03.42.03:015][  0]LogCrashTracker: Crashtracker disabled due to settings.
[2015.12.21-03.42.03:114][  0]LogUObjectGlobals:Warning: Failed to find object 'Class None.'
[2015.12.21-03.42.03:181][  0]LogLoad: Full Startup: 100.29 seconds (BP compile: 1.41 seconds)
[2015.12.21-03.42.03:829][  0]LogContentStreaming: Texture pool size now 1000 MB
[2015.12.21-