[2015.12.13-03.16.21:599][  0]Log file open, 12/13/15 03:16:21
[2015.12.13-03.16.21:599][  0]LogInit:Display: Running engine for game: WeatherController
[2015.12.13-03.16.21:599][  0]LogInit:Display: RandInit(1459615814) SRandInit(1459615814).
[2015.12.13-03.16.21:599][  0]LogTaskGraph: Started task graph with 4 named threads and 7 total threads.
[2015.12.13-03.16.21:599][  0]LogStats: Stats thread started at 0.412811
[2015.12.13-03.16.21:599][  0]LogInit: Version: 4.9.2-2707645+++depot+UE4-Releases+4.9
[2015.12.13-03.16.21:599][  0]LogInit: API Version: 2672455
[2015.12.13-03.16.21:599][  0]LogInit: Compiled (64-bit): Sep 28 2015 10:25:44
[2015.12.13-03.16.21:599][  0]LogInit: Compiled with Visual C++: 18.00.21005.01
[2015.12.13-03.16.21:599][  0]LogInit: Build Configuration: Development
[2015.12.13-03.16.21:599][  0]LogInit: Branch Name: ++depot+UE4-Releases+4.9
[2015.12.13-03.16.21:599][  0]LogInit: Command line:  
[2015.12.13-03.16.21:599][  0]LogInit: Base directory: C:/Program Files/Epic Games/4.9/Engine/Binaries/Win64/
[2015.12.13-03.16.21:599][  0]LogInit: Rocket: 1
[2015.12.13-03.16.21:696][  0]LogInit: Using libcurl 7.41.0
[2015.12.13-03.16.21:696][  0]LogInit:  - built for x86_64-pc-win32
[2015.12.13-03.16.21:696][  0]LogInit:  - supports SSL with WinSSL
[2015.12.13-03.16.21:696][  0]LogInit:  - other features:
[2015.12.13-03.16.21:696][  0]LogInit:      CURL_VERSION_SSL
[2015.12.13-03.16.21:696][  0]LogInit:      CURL_VERSION_IPV6
[2015.12.13-03.16.21:696][  0]LogInit:      CURL_VERSION_ASYNCHDNS
[2015.12.13-03.16.21:696][  0]LogInit:      CURL_VERSION_LARGEFILE
[2015.12.13-03.16.21:696][  0]LogInit:      CURL_VERSION_IDN
[2015.12.13-03.16.21:697][  0]LogInit:  CurlRequestOptions (configurable via config and command line):
[2015.12.13-03.16.21:697][  0]LogInit:  - bVerifyPeer = true  - Libcurl will verify peer certificate
[2015.12.13-03.16.21:697][  0]LogInit:  - bUseHttpProxy = false  - Libcurl will NOT use HTTP proxy
[2015.12.13-03.16.21:697][  0]LogInit:  - bDontReuseConnections = false  - Libcurl will reuse connections
[2015.12.13-03.16.21:697][  0]LogInit:  - CertBundlePath = nullptr  - Libcurl will use whatever was configured at build time.
[2015.12.13-03.16.21:804][  0]LogInit: Presizing for 0 objects not considered by GC, pre-allocating 0 bytes.
[2015.12.13-03.16.21:810][  0]LogInit: Object subsystem initialized
[2015.12.13-03.16.21:812][  0]LogInit: Selected Device Profile: [Windows]
[2015.12.13-03.16.21:812][  0]LogInit: Applying CVar settings loaded from the selected device profile: [Windows]
[2015.12.13-03.16.21:842][  0]LogInit: Computer: 7DEADLYSINS
[2015.12.13-03.16.21:842][  0]LogInit: User: KIWe1
[2015.12.13-03.16.21:842][  0]LogInit: CPU Page size=4096, Cores=4
[2015.12.13-03.16.21:842][  0]LogInit: High frequency timer resolution =3.222658 MHz
[2015.12.13-03.16.21:842][  0]LogMemory: Memory total: Physical=7.8GB (8GB approx)
[2015.12.13-03.16.21:842][  0]LogMemory: Platform Memory Stats for Windows
[2015.12.13-03.16.21:842][  0]LogMemory: Process Physical Memory: 52.77 MB used, 52.77 MB peak
[2015.12.13-03.16.21:842][  0]LogMemory: Process Virtual Memory: 55.11 MB used, 55.11 MB peak
[2015.12.13-03.16.21:842][  0]LogMemory: Physical Memory: 2754.61 MB used, 8029.27 MB total
[2015.12.13-03.16.21:842][  0]LogMemory: Virtual Memory: 348.72 MB used, 134217728.00 MB total
[2015.12.13-03.16.22:195][  0]LogTextLocalizationManager: No specific translations for ('en-GB') exist, so ('en') translations will be used.
[2015.12.13-03.16.22:886][  0]LogD3D11RHI: Found D3D11 adapter 0: NVIDIA GeForce GTX 760 (Feature Level 11_0)
[2015.12.13-03.16.22:886][  0]LogD3D11RHI: Adapter has 1985MB of dedicated video memory, 0MB of dedicated system memory, and 2048MB of shared system memory, 1 output[s]
[2015.12.13-03.16.22:891][  0]LogD3D11RHI: Found D3D11 adapter 1: Intel(R) HD Graphics 4600 (Feature Level 11_0)
[2015.12.13-03.16.22:891][  0]LogD3D11RHI: Adapter has 160MB of dedicated video memory, 0MB of dedicated system memory, and 1760MB of shared system memory, 1 output[s]
[2015.12.13-03.16.22:892][  0]LogD3D11RHI: Found D3D11 adapter 2: Microsoft Basic Render Driver (Feature Level 11_0)
[2015.12.13-03.16.22:892][  0]LogD3D11RHI: Adapter has 0MB of dedicated video memory, 0MB of dedicated system memory, and 256MB of shared system memory, 0 output[s]
[2015.12.13-03.16.22:892][  0]LogD3D11RHI: Chosen D3D11 Adapter Id = 0
[2015.12.13-03.16.22:895][  0]LogD3D11RHI: !Direct3DDevice
[2015.12.13-03.16.22:895][  0]LogRHI: Texture pool is 1361 MB (70% of 1945 MB)
[2015.12.13-03.16.22:903][  0]LogD3D11RHI: Async texture creation enabled
[2015.12.13-03.16.22:918][  0]LogShaderCompilers: Guid format shader working directory is 15 characters bigger than the processId version (E:/all/UE TEST STORAGE/WeatherController/WeatherController/Intermediate/Shaders/WorkingDirectory/5692/).
[2015.12.13-03.16.22:918][  0]LogShaderCompilers: Cleaned the shader compiler working directory 'E:/all/UE TEST STORAGE/WeatherController/WeatherController/Intermediate/Shaders/tmp/030640934D2819BD28A473881EF04911/'.
[2015.12.13-03.16.22:918][  0]LogShaderCompilers:Display: Using Local Shader Compiler.
[2015.12.13-03.16.26:726][  0]LogTemp:Display: Loaded TP AllDesktopTargetPlatform
[2015.12.13-03.16.26:731][  0]LogTemp:Display: Loaded TP WindowsClientTargetPlatform
[2015.12.13-03.16.26:735][  0]LogTemp:Display: Loaded TP WindowsNoEditorTargetPlatform
[2015.12.13-03.16.26:740][  0]LogTemp:Display: Loaded TP WindowsServerTargetPlatform
[2015.12.13-03.16.26:744][  0]LogTemp:Display: Loaded TP WindowsTargetPlatform
[2015.12.13-03.16.26:749][  0]LogTemp:Display: Loaded TP AndroidTargetPlatform
[2015.12.13-03.16.26:752][  0]LogTemp:Display: Loaded TP Android_ASTCTargetPlatform
[2015.12.13-03.16.26:755][  0]LogTemp:Display: Loaded TP Android_ATCTargetPlatform
[2015.12.13-03.16.26:758][  0]LogTemp:Display: Loaded TP Android_DXTTargetPlatform
[2015.12.13-03.16.26:760][  0]LogTemp:Display: Loaded TP Android_ETC1TargetPlatform
[2015.12.13-03.16.26:763][  0]LogTemp:Display: Loaded TP Android_ETC2TargetPlatform
[2015.12.13-03.16.26:766][  0]LogTemp:Display: Loaded TP Android_PVRTCTargetPlatform
[2015.12.13-03.16.26:766][  0]LogTemp:Display: Loaded TP HTML5TargetPlatform
[2015.12.13-03.16.26:817][  0]LogTemp:Display: Loaded TP IOSTargetPlatform
[2015.12.13-03.16.26:819][  0]LogTemp:Display: Loaded TP LinuxNoEditorTargetPlatform
[2015.12.13-03.16.26:822][  0]LogTemp:Display: Loaded TP LinuxServerTargetPlatform
[2015.12.13-03.16.26:827][  0]LogTemp:Display: Loaded TP LinuxTargetPlatform
[2015.12.13-03.16.26:827][  0]LogTargetPlatformManager:Display: Building Assets For Windows
[2015.12.13-03.16.27:477][  0]LogDerivedDataCache:Display: Max Cache Size: 512 MB
[2015.12.13-03.16.28:092][  0]LogDerivedDataCache: Loaded boot cache 0.59s 41MB C:/Users/KIWe1/AppData/Local/UnrealEngine/4.9/DerivedDataCache/Boot.ddc.
[2015.12.13-03.16.28:092][  0]LogDerivedDataCache:Display: Loaded Boot cache: C:/Users/KIWe1/AppData/Local/UnrealEngine/4.9/DerivedDataCache/Boot.ddc
[2015.12.13-03.16.28:092][  0]LogDerivedDataCache: FDerivedDataBackendGraph:  Pak pak cache file E:/all/UE TEST STORAGE/WeatherController/WeatherController/DerivedDataCache/DDC.ddp not found, will not use a pak cache.
[2015.12.13-03.16.28:092][  0]LogDerivedDataCache: Unable to find inner node Pak for hierarchical cache Hierarchy.
[2015.12.13-03.16.28:092][  0]LogDerivedDataCache: FDerivedDataBackendGraph:  CompressedPak pak cache file E:/all/UE TEST STORAGE/WeatherController/WeatherController/DerivedDataCache/Compressed.ddp not found, will not use a pak cache.
[2015.12.13-03.16.28:092][  0]LogDerivedDataCache: Unable to find inner node CompressedPak for hierarchical cache Hierarchy.
[2015.12.13-03.16.28:303][  0]LogDerivedDataCache:Display: Pak cache opened for reading ../../../Engine/DerivedDataCache/Compressed.ddp.
[2015.12.13-03.16.28:360][  0]LogDerivedDataCache: Using Local data cache path C:/Users/KIWe1/AppData/Local/UnrealEngine/Common/DerivedDataCache: Writable
[2015.12.13-03.16.38:881][  0]LogInit: Selected Device Profile: [Windows]
[2015.12.13-03.16.38:919][  0]LogContentStreaming: Texture pool size is 0.000000MB
[2015.12.13-03.16.40:022][  0]LogMeshUtilities: No automatic mesh reduction module available
[2015.12.13-03.16.40:022][  0]LogMeshUtilities: No automatic mesh merging module available
[2015.12.13-03.16.42:890][  0]LogInit: WinSock: version 1.1 (2.2), MaxSocks=32767, MaxUdp=65467
[2015.12.13-03.17.08:458][  0]UdpMessaging: Initializing bridge on interface 0.0.0.0:0 to multicast group 230.0.0.1:6666.
[2015.12.13-03.17.09:308][  0]LogAssetRegistry: FAssetRegistry took 0.0104 seconds to start up
[2015.12.13-03.17.11:622][  0]SourceControl: Info Source control is disabled
[2015.12.13-03.17.11:707][  0]SourceControl: Info Source control is disabled
[2015.12.13-03.17.11:808][  0]SourceControl: Info Source control is disabled
[2015.12.13-03.17.11:866][  0]SourceControl: Info Source control is disabled
[2015.12.13-03.17.12:894][  0]LogLinker:Warning: Asset '../../../Engine/Plugins/Runtime/LeapMotionController/Content/LM_PassthroughMaterial.uasset' has been saved with empty engine version. The asset will be loaded but may be incompatible.
[2015.12.13-03.17.13:348][  0]LogObj: 28361 objects as part of root set at end of initial load.
[2015.12.13-03.17.13:348][  0]LogUObjectAllocator: 6038864 out of 0 bytes used by permanent object pool.
[2015.12.13-03.17.13:968][  0]LogEngine: Initializing Engine...
[2015.12.13-03.17.14:016][  0]LogHMD: Can't find Oculus library dev build: is proper Runtime installed? Version: 0.7.0.0
[2015.12.13-03.17.14:103][  0]LogHMD: SteamVR failed to initialize.  Err: 110
[2015.12.13-03.17.14:866][  0]LogAIModule: Creating AISystem for world NewWorld
[2015.12.13-03.17.14:944][  0]LogInit: XAudio2 using 'Speakers (Realtek High Definition Audio)' : 2 channels at 48 kHz using 32 bits per sample (channel mask 0x3)
[2015.12.13-03.17.14:953][  0]LogInit: FAudioDevice initialized.
[2015.12.13-03.17.14:980][  0]LogDerivedDataCache: Saved boot cache 0.03s 41MB C:/Users/KIWe1/AppData/Local/UnrealEngine/4.9/DerivedDataCache/Boot.ddc.
[2015.12.13-03.17.14:984][  0]LogInit: Texture streaming: Enabled
[2015.12.13-03.17.14:990][  0]LogAnalytics: Creating configured Analytics provider AnalyticsET
[2015.12.13-03.17.14:990][  0]LogAnalytics: [UEEditor.Rocket.Release] APIServer = http://et2.epicgames.com/ET2/. AppVersion = 4.9.2-2707645+++depot+UE4-Releases+4.9
[2015.12.13-03.17.14:990][  0]LogAnalytics: [UEEditor.Rocket.Release] SetUserId 308e0aec40fe65e96e887992614e60d6|b15aaf259a234981ac58d9a2d8097391|3ca5979e-5f07-46a1-9140-d6dcf4c8ce96
[2015.12.13-03.17.14:994][  0]LogAnalytics: [UEEditor.Rocket.Release] AnalyticsET::StartSession
[2015.12.13-03.17.15:180][  0]LogInit: Transaction tracking system initialized
[2015.12.13-03.17.15:402][  0]BlueprintLog: New page: Editor Load
[2015.12.13-03.17.16:926][  0]LocalizationService: Info Localization service is disabled
[2015.12.13-03.17.17:465][  0]LogLinker:Warning: Can't find file '/Game/SideScrollerBP/SideScrollerOverview'
[2015.12.13-03.17.17:465][  0]LogLinker:Warning: Can't find file '/Game/SideScrollerBP/SideScrollerOverview'
[2015.12.13-03.17.17:465][  0]LogUObjectGlobals:Warning: Failed to find object 'Class /Game/SideScrollerBP/SideScrollerOverview.SideScrollerOverview_C'
[2015.12.13-03.17.17:755][  0]LogConsoleResponse:Display: 
[2015.12.13-03.17.25:213][  0]LogFileCache: Scanning file cache for directory 'E:/all/UE TEST STORAGE/WeatherController/WeatherController/Content/' took 0.01s
[2015.12.13-03.17.25:213][  0]LogCook:Display: Done creating registry. It took  0.00s.
[2015.12.13-03.17.26:632][  0]SourceControl: Info Source control is disabled
[2015.12.13-03.17.26:671][  0]Cmd: MAP LOAD FILE="E:/all/UE TEST STORAGE/WeatherController/WeatherController/Content/StarterContent/Maps/Minimal_Default.umap" TEMPLATE=0 SHOWPROGRESS=1 FEATURELEVEL=3
[2015.12.13-03.17.26:745][  0]LightingResults: New page: Lighting Build
[2015.12.13-03.17.26:893][  0]MapCheck: New page: Map Check
[2015.12.13-03.17.26:893][  0]LightingResults: New page: Lighting Build
[2015.12.13-03.17.26:904][  0]LogParticles: Destroying 0 GPU particle simulations for FXSystem 0x0000000679B16160
[2015.12.13-03.17.27:946][  0]LogBlueprint:Warning: [compiler WeatherContorller] Warning 'Item' is already a 'Sky Sphere for Weather', you don't need  Cast To SkySphereForWeather .
[2015.12.13-03.17.27:947][  0]LogBlueprint:Error: [compiler WeatherContorller] Error The type of  Horizon Color  is undetermined.  Connect something to  SpawnActor Sky Sphere for Weather  to imply a specific type.
[2015.12.13-03.17.27:959][  0]LogBlueprint:Error: [compiler WeatherContorller] Error The type of  Zenith Color  is undetermined.  Connect something to  SpawnActor Sky Sphere for Weather  to imply a specific type.
[2015.12.13-03.17.27:960][  0]LogBlueprint:Error: [compiler WeatherContorller] Error The current value ((R=1.979559,G=2.586644,B=3.000000,A=1.000000)) of the ' Horizon Color ' pin is invalid: 'Value' must have an input wired into it ("by ref" params expect a valid input to operate on).
[2015.12.13-03.17.27:960][  0]LogBlueprint:Error: [compiler WeatherContorller] Error The current value ((R=0.034046,G=0.109247,B=0.295000,A=1.000000)) of the ' Zenith Color ' pin is invalid: 'Value' must have an input wired into it ("by ref" params expect a valid input to operate on).
[2015.12.13-03.17.27:968][  0]LogBlueprint:Warning: [compiler WeatherContorller] Warning [0068.74] Compile of WeatherContorller failed. 4 Fatal Issue(s) 1 Warning(s) [in 44 ms]
[2015.12.13-03.17.27:968][  0]LogBlueprint:Warning: [compiler WeatherContorller] Warning [0068.74] Compile of WeatherContorller failed. 4 Fatal Issue(s) 2 Warning(s) [in 0 ms]
[2015.12.13-03.17.27:968][  0]LogBlueprint:Warning: [compiler WeatherContorller] Warning [0068.74] Compile of WeatherContorller failed. 4 Fatal Issue(s) 3 Warning(s) [in 0 ms]
[2015.12.13-03.17.28:126][  0]LogBlueprint:Warning: [compiler SkySphereForWeather] Warning 'Item' is already a 'Directional Light Blueprint', you don't need  Cast To DirectionalLight_Blueprint .
[2015.12.13-03.17.28:132][  0]LogBlueprint:Warning: [compiler SkySphereForWeather] Warning [0068.91] Compile of SkySphereForWeather successful, but with 1 Warning(s) [in 12 ms]
[2015.12.13-03.17.28:132][  0]LogBlueprint:Warning: [compiler SkySphereForWeather] Warning [0068.91] Compile of SkySphereForWeather successful, but with 2 Warning(s) [in 0 ms]
[2015.12.13-03.17.28:132][  0]LogBlueprint:Warning: [compiler SkySphereForWeather] Warning [0068.91] Compile of SkySphereForWeather successful, but with 3 Warning(s) [in 0 ms]
[2015.12.13-03.17.28:231][  0]LogBlueprint:Warning: [compiler SkySphereForWeather] Warning 'Item' is already a 'Directional Light Blueprint', you don't need  Cast To DirectionalLight_Blueprint .
[2015.12.13-03.17.28:238][  0]LogBlueprint:Warning: [compiler SkySphereForWeather] Warning [0069.01] Compile of SkySphereForWeather successful, but with 1 Warning(s) [in 13 ms]
[2015.12.13-03.17.28:238][  0]LogBlueprint:Warning: [compiler SkySphereForWeather] Warning [0069.01] Compile of SkySphereForWeather successful, but with 2 Warning(s) [in 0 ms]
[2015.12.13-03.17.28:239][  0]LogBlueprint:Warning: [compiler SkySphereForWeather] Warning [0069.01] Compile of SkySphereForWeather successful, but with 3 Warning(s) [in 0 ms]
[2015.12.13-03.17.28:247][  0]LogBlueprint:Warning: [compiler WeatherContorller] Warning 'Item' is already a 'Sky Sphere for Weather', you don't need  Cast To SkySphereForWeather .
[2015.12.13-03.17.28:250][  0]LogBlueprint:Warning: [compiler WeatherContorller] Warning [0069.03] Compile of WeatherContorller successful, but with 1 Warning(s) [in 9 ms]
[2015.12.13-03.17.28:250][  0]LogBlueprint:Warning: [compiler WeatherContorller] Warning [0069.03] Compile of WeatherContorller successful, but with 2 Warning(s) [in 0 ms]
[2015.12.13-03.17.28:251][  0]LogBlueprint:Warning: [compiler WeatherContorller] Warning [0069.03] Compile of WeatherContorller successful, but with 3 Warning(s) [in 0 ms]
[2015.12.13-03.17.28:938][  0]LogBlueprint:Warning: [compiler CloudsSystem] Warning 'Item' is already a 'BP Sky Sphere', you don't need  Cast To BP_Sky_Sphere .
[2015.12.13-03.17.28:942][  0]LogBlueprint:Warning: [compiler CloudsSystem] Warning [0069.72] Compile of CloudsSystem successful, but with 1 Warning(s) [in 11 ms]
[2015.12.13-03.17.28:942][  0]LogBlueprint:Warning: [compiler CloudsSystem] Warning [0069.72] Compile of CloudsSystem successful, but with 2 Warning(s) [in 0 ms]
[2015.12.13-03.17.28:942][  0]LogBlueprint:Warning: [compiler CloudsSystem] Warning [0069.72] Compile of CloudsSystem successful, but with 3 Warning(s) [in 0 ms]
[2015.12.13-03.17.28:952][  0]LogBlueprint:Warning: [compiler CloudsSystem] Warning 'Item' is already a 'BP Sky Sphere', you don't need  Cast To BP_Sky_Sphere .
[2015.12.13-03.17.28:957][  0]LogBlueprint:Warning: [compiler CloudsSystem] Warning [0069.73] Compile of CloudsSystem successful, but with 1 Warning(s) [in 12 ms]
[2015.12.13-03.17.28:957][  0]LogBlueprint:Warning: [compiler CloudsSystem] Warning [0069.73] Compile of CloudsSystem successful, but with 2 Warning(s) [in 0 ms]
[2015.12.13-03.17.28:958][  0]LogBlueprint:Warning: [compiler CloudsSystem] Warning [0069.73] Compile of CloudsSystem successful, but with 3 Warning(s) [in 0 ms]
[2015.12.13-03.17.29:364][  0]LogBlueprint:Warning: [compiler SliderDayNight] Warning 'Item' is already a 'Directional Light Blueprint', you don't need  Cast To DirectionalLight_Blueprint .
[2015.12.13-03.17.29:368][  0]LogBlueprint:Warning: [compiler SliderDayNight] Warning [0070.14] Compile of SliderDayNight successful, but with 1 Warning(s) [in 146 ms]
[2015.12.13-03.17.29:368][  0]LogBlueprint:Warning: [compiler SliderDayNight] Warning [0070.14] Compile of SliderDayNight successful, but with 2 Warning(s) [in 0 ms]
[2015.12.13-03.17.29:368][  0]LogBlueprint:Warning: [compiler SliderDayNight] Warning [0070.14] Compile of SliderDayNight successful, but with 3 Warning(s) [in 0 ms]
[2015.12.13-03.17.29:383][  0]LogBlueprint:Warning: [compiler SliderDayNight] Warning 'Item' is already a 'Directional Light Blueprint', you don't need  Cast To DirectionalLight_Blueprint .
[2015.12.13-03.17.29:387][  0]LogBlueprint:Warning: [compiler SliderDayNight] Warning [0070.16] Compile of SliderDayNight successful, but with 1 Warning(s) [in 14 ms]
[2015.12.13-03.17.29:387][  0]LogBlueprint:Warning: [compiler SliderDayNight] Warning [0070.16] Compile of SliderDayNight successful, but with 2 Warning(s) [in 0 ms]
[2015.12.13-03.17.29:387][  0]LogBlueprint:Warning: [compiler SliderDayNight] Warning [0070.16] Compile of SliderDayNight successful, but with 3 Warning(s) [in 0 ms]
[2015.12.13-03.17.29:649][  0]LogBlueprint:Warning: [compiler TempSystem] Warning 'Item' is already a 'Directional Light Blueprint', you don't need  Cast To DirectionalLight_Blueprint .
[2015.12.13-03.17.29:649][  0]LogBlueprint:Warning: [compiler TempSystem] Warning 'Item' is already a 'BP Sky Sphere', you don't need  Cast To BP_Sky_Sphere .
[2015.12.13-03.17.29:653][  0]LogBlueprint:Warning: [compiler TempSystem] Warning [0070.43] Compile of TempSystem successful, but with 2 Warning(s) [in 11 ms]
[2015.12.13-03.17.29:653][  0]LogBlueprint:Warning: [compiler TempSystem] Warning [0070.43] Compile of TempSystem successful, but with 3 Warning(s) [in 0 ms]
[2015.12.13-03.17.29:653][  0]LogBlueprint:Warning: [compiler TempSystem] Warning [0070.43] Compile of TempSystem successful, but with 4 Warning(s) [in 0 ms]
[2015.12.13-03.17.29:668][  0]LogBlueprint:Warning: [compiler TempSystem] Warning 'Item' is already a 'Directional Light Blueprint', you don't need  Cast To DirectionalLight_Blueprint .
[2015.12.13-03.17.29:669][  0]LogBlueprint:Warning: [compiler TempSystem] Warning 'Item' is already a 'BP Sky Sphere', you don't need  Cast To BP_Sky_Sphere .
[2015.12.13-03.17.29:674][  0]LogBlueprint:Warning: [compiler TempSystem] Warning [0070.45] Compile of TempSystem successful, but with 2 Warning(s) [in 13 ms]
[2015.12.13-03.17.29:674][  0]LogBlueprint:Warning: [compiler TempSystem] Warning [0070.45] Compile of TempSystem successful, but with 3 Warning(s) [in 0 ms]
[2015.12.13-03.17.29:674][  0]LogBlueprint:Warning: [compiler TempSystem] Warning [0070.45] Compile of TempSystem successful, but with 4 Warning(s) [in 0 ms]
[2015.12.13-03.17.30:198][  0]LogBlueprint:Warning: [compiler Minimal_Default] Warning 'Item' is already a 'Directional Light Blueprint', you don't need  Cast To DirectionalLight_Blueprint .
[2015.12.13-03.17.30:198][  0]LogBlueprint:Warning: [compiler Minimal_Default] Warning 'Item' is already a 'Slider Day Night', you don't need  Cast To SliderDayNight .
[2015.12.13-03.17.30:199][  0]LogBlueprint:Warning: [compiler Minimal_Default] Warning [0070.97] Compile of Minimal_Default successful, but with 2 Warning(s) [in 3 ms]
[2015.12.13-03.17.30:199][  0]LogBlueprint:Warning: [compiler Minimal_Default] Warning [0070.97] Compile of Minimal_Default successful, but with 3 Warning(s) [in 0 ms]
[2015.12.13-03.17.30:199][  0]LogBlueprint:Warning: [compiler Minimal_Default] Warning [0070.97] Compile of Minimal_Default successful, but with 4 Warning(s) [in 0 ms]
[2015.12.13-03.17.30:204][  0]LogBlueprint:Warning: [compiler Minimal_Default] Warning 'Item' is already a 'Directional Light Blueprint', you don't need  Cast To DirectionalLight_Blueprint .
[2015.12.13-03.17.30:204][  0]LogBlueprint:Warning: [compiler Minimal_Default] Warning 'Item' is already a 'Slider Day Night', you don't need  Cast To SliderDayNight .
[2015.12.13-03.17.30:205][  0]LogBlueprint:Warning: [compiler Minimal_Default] Warning [0070.98] Compile of Minimal_Default successful, but with 2 Warning(s) [in 4 ms]
[2015.12.13-03.17.30:205][  0]LogBlueprint:Warning: [compiler Minimal_Default] Warning [0070.98] Compile of Minimal_Default successful, but with 3 Warning(s) [in 0 ms]
[2015.12.13-03.17.30:205][  0]LogBlueprint:Warning: [compiler Minimal_Default] Warning [0070.98] Compile of Minimal_Default successful, but with 4 Warning(s) [in 0 ms]
[2015.12.13-03.17.42:071][  0]LogAIModule: Creating AISystem for world Minimal_Default
[2015.12.13-03.17.42:525][  0]LogEditorServer: Finished looking for orphan Actors (0.003 secs)
[2015.12.13-03.17.42:541][  0]Cmd: MAP CHECKDEP NOCLEARLOG
[2015.12.13-03.17.42:674][  0]MapCheck: Info Map check complete: 0 Error(s), 0 Warning(s), took 131.804ms to complete.
[2015.12.13-03.17.42:674][  0]LogFileHelpers: Loading map 'Minimal_Default' took 16.010
[2015.12.13-03.17.45:771][  0]LogCollectionManager: Loaded 0 collections in 0.056881 seconds
[2015.12.13-03.17.45:926][  0]LogFileCache: Scanning file cache for directory 'E:/all/UE TEST STORAGE/WeatherController/WeatherController/Saved/Collections/' took 0.01s
[2015.12.13-03.17.45:926][  0]LogFileCache: Scanning file cache for directory 'E:/all/UE TEST STORAGE/WeatherController/WeatherController/Content/Developers/KIWe1/Collections/' took 0.01s
[2015.12.13-03.17.45:926][  0]LogFileCache: Scanning file cache for directory 'E:/all/UE TEST STORAGE/WeatherController/WeatherController/Content/Collections/' took 0.02s
[2015.12.13-03.17.45:927][  0]LogContentBrowser: Native class hierarchy populated in 0.0179 seconds. Added 1867 classes and 333 folders.
[2015.12.13-03.17.46:001][  0]LogCollectionManager: Rebuilt the GUID cache for 0 collections in 0.000002 seconds
[2015.12.13-03.17.46:073][  0]LogContentBrowser: Native class hierarchy updated for 'WidgetCarousel' in 0.0004 seconds. Added 0 classes and 0 folders.
[2015.12.13-03.17.49:104][  0]LogContentBrowser: Native class hierarchy updated for 'AddContentDialog' in 0.0003 seconds. Added 0 classes and 0 folders.
[2015.12.13-03.17.49:574][  0]LogContentBrowser: Native class hierarchy updated for 'SceneOutliner' in 0.0003 seconds. Added 1 classes and 2 folders.
[2015.12.13-03.17.50:010][  0]LogCrashTracker: Crashtracker disabled due to settings.
[2015.12.13-03.17.50:067][  0]LogUObjectGlobals:Warning: Failed to find object 'Class None.'
[2015.12.13-03.17.50:209][  0]LogLoad: Full Startup: 90.98 seconds (BP compile: 0.61 seconds)
[2015.12.13-03.17.50:589][  0]LogContentStreaming: Texture pool size now 1000 MB
[2015.12.13-03.17.51:278][  0]LogRenderer: Reallocating scene render targets to suppo