[2015.12.04-10.43.09:140][  0]Log file open, 12/04/15 10:43:09
[2015.12.04-10.43.09:140][  0]LogInit:Display: Running engine for game: WeatherController
[2015.12.04-10.43.09:140][  0]LogInit:Display: RandInit(-1359407442) SRandInit(-1359407442).
[2015.12.04-10.43.09:140][  0]LogTaskGraph: Started task graph with 4 named threads and 7 total threads.
[2015.12.04-10.43.09:140][  0]LogStats: Stats thread started at 1.146578
[2015.12.04-10.43.09:140][  0]LogInit: Version: 4.9.1-2689999+++depot+UE4-Releases+4.9
[2015.12.04-10.43.09:140][  0]LogInit: API Version: 2672455
[2015.12.04-10.43.09:140][  0]LogInit: Compiled (64-bit): Sep 14 2015 04:12:03
[2015.12.04-10.43.09:140][  0]LogInit: Compiled with Visual C++: 18.00.21005.01
[2015.12.04-10.43.09:140][  0]LogInit: Build Configuration: Development
[2015.12.04-10.43.09:140][  0]LogInit: Branch Name: ++depot+UE4-Releases+4.9
[2015.12.04-10.43.09:140][  0]LogInit: Command line:  
[2015.12.04-10.43.09:140][  0]LogInit: Base directory: D:/UE4/Epic Games/4.9/Engine/Binaries/Win64/
[2015.12.04-10.43.09:140][  0]LogInit: Rocket: 1
[2015.12.04-10.43.09:151][  0]LogInit: Using libcurl 7.41.0
[2015.12.04-10.43.09:151][  0]LogInit:  - built for x86_64-pc-win32
[2015.12.04-10.43.09:151][  0]LogInit:  - supports SSL with WinSSL
[2015.12.04-10.43.09:151][  0]LogInit:  - other features:
[2015.12.04-10.43.09:151][  0]LogInit:      CURL_VERSION_SSL
[2015.12.04-10.43.09:151][  0]LogInit:      CURL_VERSION_IPV6
[2015.12.04-10.43.09:151][  0]LogInit:      CURL_VERSION_ASYNCHDNS
[2015.12.04-10.43.09:151][  0]LogInit:      CURL_VERSION_LARGEFILE
[2015.12.04-10.43.09:151][  0]LogInit:      CURL_VERSION_IDN
[2015.12.04-10.43.09:152][  0]LogInit:  CurlRequestOptions (configurable via config and command line):
[2015.12.04-10.43.09:152][  0]LogInit:  - bVerifyPeer = true  - Libcurl will verify peer certificate
[2015.12.04-10.43.09:152][  0]LogInit:  - bUseHttpProxy = false  - Libcurl will NOT use HTTP proxy
[2015.12.04-10.43.09:152][  0]LogInit:  - bDontReuseConnections = false  - Libcurl will reuse connections
[2015.12.04-10.43.09:152][  0]LogInit:  - CertBundlePath = nullptr  - Libcurl will use whatever was configured at build time.
[2015.12.04-10.43.09:160][  0]LogInit: Presizing for 0 objects not considered by GC, pre-allocating 0 bytes.
[2015.12.04-10.43.09:169][  0]LogInit: Object subsystem initialized
[2015.12.04-10.43.09:171][  0]LogInit: Selected Device Profile: [Windows]
[2015.12.04-10.43.09:171][  0]LogInit: Applying CVar settings loaded from the selected device profile: [Windows]
[2015.12.04-10.43.09:242][  0]LogInit: Computer: DC023881
[2015.12.04-10.43.09:242][  0]LogInit: User: robertfordi
[2015.12.04-10.43.09:242][  0]LogInit: CPU Page size=4096, Cores=4
[2015.12.04-10.43.09:242][  0]LogInit: High frequency timer resolution =3.117998 MHz
[2015.12.04-10.43.09:243][  0]LogMemory: Memory total: Physical=7.9GB (8GB approx)
[2015.12.04-10.43.09:243][  0]LogMemory: Platform Memory Stats for Windows
[2015.12.04-10.43.09:243][  0]LogMemory: Process Physical Memory: 53.61 MB used, 53.61 MB peak
[2015.12.04-10.43.09:243][  0]LogMemory: Process Virtual Memory: 58.54 MB used, 58.54 MB peak
[2015.12.04-10.43.09:243][  0]LogMemory: Physical Memory: 4755.24 MB used, 8112.82 MB total
[2015.12.04-10.43.09:243][  0]LogMemory: Virtual Memory: 339.17 MB used, 8388608.00 MB total
[2015.12.04-10.43.09:500][  0]LogTextLocalizationManager: No specific translations for ('en-GB') exist, so ('en') translations will be used.
[2015.12.04-10.43.11:862][  0]LogD3D11RHI: Found D3D11 adapter 0: NVIDIA GeForce GTX 650 Ti  (Feature Level 11_0)
[2015.12.04-10.43.11:862][  0]LogD3D11RHI: Adapter has 971MB of dedicated video memory, 0MB of dedicated system memory, and 3072MB of shared system memory, 1 output[s]
[2015.12.04-10.43.11:862][  0]LogD3D11RHI: Chosen D3D11 Adapter Id = 0
[2015.12.04-10.43.11:867][  0]LogD3D11RHI: !Direct3DDevice
[2015.12.04-10.43.11:867][  0]LogRHI: Texture pool is 680 MB (70% of 971 MB)
[2015.12.04-10.43.11:873][  0]LogD3D11RHI: Async texture creation enabled
[2015.12.04-10.43.11:902][  0]LogShaderCompilers: Guid format shader working directory is 15 characters bigger than the processId version (G:/Games/Hogwarts/Tests/WeatherController/WeatherController/Intermediate/Shaders/WorkingDirectory/4824/).
[2015.12.04-10.43.11:903][  0]LogShaderCompilers: Cleaned the shader compiler working directory 'G:/Games/Hogwarts/Tests/WeatherController/WeatherController/Intermediate/Shaders/tmp/D968CB0542D4582273653EB15B5C26B4/'.
[2015.12.04-10.43.11:903][  0]LogShaderCompilers:Display: Using Local Shader Compiler.
[2015.12.04-10.43.16:437][  0]LogTemp:Display: Loaded TP AllDesktopTargetPlatform
[2015.12.04-10.43.16:451][  0]LogTemp:Display: Loaded TP WindowsClientTargetPlatform
[2015.12.04-10.43.16:466][  0]LogTemp:Display: Loaded TP WindowsNoEditorTargetPlatform
[2015.12.04-10.43.16:477][  0]LogTemp:Display: Loaded TP WindowsServerTargetPlatform
[2015.12.04-10.43.16:485][  0]LogTemp:Display: Loaded TP WindowsTargetPlatform
[2015.12.04-10.43.16:494][  0]LogTemp:Display: Loaded TP AndroidTargetPlatform
[2015.12.04-10.43.16:500][  0]LogTemp:Display: Loaded TP Android_ASTCTargetPlatform
[2015.12.04-10.43.16:505][  0]LogTemp:Display: Loaded TP Android_ATCTargetPlatform
[2015.12.04-10.43.16:509][  0]LogTemp:Display: Loaded TP Android_DXTTargetPlatform
[2015.12.04-10.43.16:515][  0]LogTemp:Display: Loaded TP Android_ETC1TargetPlatform
[2015.12.04-10.43.16:519][  0]LogTemp:Display: Loaded TP Android_ETC2TargetPlatform
[2015.12.04-10.43.16:522][  0]LogTemp:Display: Loaded TP Android_PVRTCTargetPlatform
[2015.12.04-10.43.16:523][  0]LogTemp:Display: Loaded TP HTML5TargetPlatform
[2015.12.04-10.43.16:539][  0]LogTemp:Display: Loaded TP IOSTargetPlatform
[2015.12.04-10.43.16:542][  0]LogTemp:Display: Loaded TP LinuxNoEditorTargetPlatform
[2015.12.04-10.43.16:546][  0]LogTemp:Display: Loaded TP LinuxServerTargetPlatform
[2015.12.04-10.43.16:552][  0]LogTemp:Display: Loaded TP LinuxTargetPlatform
[2015.12.04-10.43.16:552][  0]LogTargetPlatformManager:Display: Building Assets For Windows
[2015.12.04-10.43.16:625][  0]LogDerivedDataCache:Display: Max Cache Size: 512 MB
[2015.12.04-10.43.21:090][  0]LogDerivedDataCache: Loaded boot cache 4.46s 41MB C:/Users/robert.fordi/AppData/Local/UnrealEngine/4.9/DerivedDataCache/Boot.ddc.
[2015.12.04-10.43.21:090][  0]LogDerivedDataCache:Display: Loaded Boot cache: C:/Users/robert.fordi/AppData/Local/UnrealEngine/4.9/DerivedDataCache/Boot.ddc
[2015.12.04-10.43.22:231][  0]LogDerivedDataCache: FDerivedDataBackendGraph:  Pak pak cache file G:/Games/Hogwarts/Tests/WeatherController/WeatherController/DerivedDataCache/DDC.ddp not found, will not use a pak cache.
[2015.12.04-10.43.22:231][  0]LogDerivedDataCache: Unable to find inner node Pak for hierarchical cache Hierarchy.
[2015.12.04-10.43.22:231][  0]LogDerivedDataCache: FDerivedDataBackendGraph:  CompressedPak pak cache file G:/Games/Hogwarts/Tests/WeatherController/WeatherController/DerivedDataCache/Compressed.ddp not found, will not use a pak cache.
[2015.12.04-10.43.22:231][  0]LogDerivedDataCache: Unable to find inner node CompressedPak for hierarchical cache Hierarchy.
[2015.12.04-10.43.22:396][  0]LogDerivedDataCache:Display: Pak cache opened for reading ../../../Engine/DerivedDataCache/Compressed.ddp.
[2015.12.04-10.43.22:457][  0]LogDerivedDataCache: Using Local data cache path C:/Users/robert.fordi/AppData/Local/UnrealEngine/Common/DerivedDataCache: Writable
[2015.12.04-10.43.22:771][  0]LogInit: Selected Device Profile: [Windows]
[2015.12.04-10.43.22:773][  0]LogContentStreaming: Texture pool size is 0.000000MB
[2015.12.04-10.43.22:826][  0]LogMeshUtilities: No automatic mesh reduction module available
[2015.12.04-10.43.22:826][  0]LogMeshUtilities: No automatic mesh merging module available
[2015.12.04-10.43.23:338][  0]LogInit: WinSock: version 1.1 (2.2), MaxSocks=32767, MaxUdp=65467
[2015.12.04-10.43.42:727][  0]UdpMessaging: Initializing bridge on interface 0.0.0.0:0 to multicast group 230.0.0.1:6666.
[2015.12.04-10.43.43:173][  0]LogAssetRegistry: FAssetRegistry took 0.0102 seconds to start up
[2015.12.04-10.43.43:909][  0]SourceControl: Info Source control is disabled
[2015.12.04-10.43.43:912][  0]SourceControl: Info Source control is disabled
[2015.12.04-10.43.43:946][  0]SourceControl: Info Source control is disabled
[2015.12.04-10.43.43:955][  0]SourceControl: Info Source control is disabled
[2015.12.04-10.43.44:723][  0]LogLinker:Warning: Asset '../../../Engine/Plugins/Runtime/LeapMotionController/Content/LM_PassthroughMaterial.uasset' has been saved with empty engine version. The asset will be loaded but may be incompatible.
[2015.12.04-10.43.44:798][  0]LogObj: 28361 objects as part of root set at end of initial load.
[2015.12.04-10.43.44:798][  0]LogUObjectAllocator: 6038872 out of 0 bytes used by permanent object pool.
[2015.12.04-10.43.45:278][  0]LogEngine: Initializing Engine...
[2015.12.04-10.43.45:280][  0]LogHMD: Can't find Oculus library dev build: is proper Runtime installed? Version: 0.7.0.0
[2015.12.04-10.43.45:280][  0]LogHMD: SteamVR failed to initialize.  Err: 110
[2015.12.04-10.43.45:425][  0]LogAIModule: Creating AISystem for world NewWorld
[2015.12.04-10.43.45:428][  0]LogInit: XAudio2 using 'Speakers (Realtek High Definition Audio)' : 2 channels at 48 kHz using 32 bits per sample (channel mask 0x3)
[2015.12.04-10.43.45:436][  0]LogInit: FAudioDevice initialized.
[2015.12.04-10.43.45:787][  0]LogDerivedDataCache: Saved boot cache 0.35s 41MB C:/Users/robert.fordi/AppData/Local/UnrealEngine/4.9/DerivedDataCache/Boot.ddc.
[2015.12.04-10.43.45:799][  0]LogInit: Texture streaming: Enabled
[2015.12.04-10.43.45:815][  0]LogAnalytics: Creating configured Analytics provider AnalyticsET
[2015.12.04-10.43.45:815][  0]LogAnalytics: [UEEditor.Rocket.Release] APIServer = http://et2.epicgames.com/ET2/. AppVersion = 4.9.1-2689999+++depot+UE4-Releases+4.9
[2015.12.04-10.43.45:815][  0]LogAnalytics: [UEEditor.Rocket.Release] SetUserId ae086bf74cc7f26b0974bb882db36177|37351758bec143cebfe11c04f3d45ec1|091bca6f-ce52-4572-b6c2-9de50e166c09
[2015.12.04-10.43.45:816][  0]LogAnalytics: [UEEditor.Rocket.Release] AnalyticsET::StartSession
[2015.12.04-10.43.45:846][  0]LogInit: Transaction tracking system initialized
[2015.12.04-10.43.45:875][  0]BlueprintLog: New page: Editor Load
[2015.12.04-10.43.46:258][  0]LocalizationService: Info Localization service is disabled
[2015.12.04-10.43.46:615][  0]LogConsoleResponse:Display: 
[2015.12.04-10.43.46:723][  0]LogCook:Display: Done creating registry. It took  0.00s.
[2015.12.04-10.43.46:907][  0]LogFileCache: Scanning file cache for directory 'G:/Games/Hogwarts/Tests/WeatherController/WeatherController/Content/' took 0.01s
[2015.12.04-10.43.46:907][  0]SourceControl: Info Source control is disabled
[2015.12.04-10.43.46:908][  0]Cmd: MAP LOAD FILE="G:/Games/Hogwarts/Tests/WeatherController/WeatherController/Content/StarterContent/Maps/Minimal_Default.umap" TEMPLATE=0 SHOWPROGRESS=1 FEATURELEVEL=3
[2015.12.04-10.43.46:909][  0]LightingResults: New page: Lighting Build
[2015.12.04-10.43.46:914][  0]MapCheck: New page: Map Check
[2015.12.04-10.43.46:914][  0]LightingResults: New page: Lighting Build
[2015.12.04-10.43.46:929][  0]LogParticles: Destroying 0 GPU particle simulations for FXSystem 0x000000002030A160
[2015.12.04-10.43.47:389][  0]LogAIModule: Creating AISystem for world Minimal_Default
[2015.12.04-10.43.47:396][  0]LogEditorServer: Finished looking for orphan Actors (0.000 secs)
[2015.12.04-10.43.47:396][  0]Cmd: MAP CHECKDEP NOCLEARLOG
[2015.12.04-10.43.47:437][  0]MapCheck: Info Map check complete: 0 Error(s), 0 Warning(s), took 41ms to complete.
[2015.12.04-10.43.47:437][  0]LogFileHelpers: Loading map 'Minimal_Default' took 0.530
[2015.12.04-10.43.47:559][  0]LogCollectionManager: Loaded 0 collections in 0.002528 seconds
[2015.12.04-10.43.47:623][  0]LogFileCache: Scanning file cache for directory 'G:/Games/Hogwarts/Tests/WeatherController/WeatherController/Saved/Collections/' took 0.01s
[2015.12.04-10.43.47:623][  0]LogFileCache: Scanning file cache for directory 'G:/Games/Hogwarts/Tests/WeatherController/WeatherController/Content/Developers/robertfordi/Collections/' took 0.01s
[2015.12.04-10.43.47:627][  0]LogFileCache: Scanning file cache for directory 'G:/Games/Hogwarts/Tests/WeatherController/WeatherController/Content/Collections/' took 0.01s
[2015.12.04-10.43.47:627][  0]LogContentBrowser: Native class hierarchy populated in 0.0262 seconds. Added 1867 classes and 333 folders.
[2015.12.04-10.43.47:635][  0]LogCollectionManager: Rebuilt the GUID cache for 0 collections in 0.000002 seconds
[2015.12.04-10.43.47:642][  0]LogContentBrowser: Native class hierarchy updated for 'WidgetCarousel' in 0.0010 seconds. Added 0 classes and 0 folders.
[2015.12.04-10.43.48:703][  0]LogContentBrowser: Native class hierarchy updated for 'AddContentDialog' in 0.0030 seconds. Added 0 classes and 0 folders.
[2015.12.04-10.43.48:707][  0]LogContentBrowser: Native class hierarchy updated for 'SceneOutliner' in 0.0006 seconds. Added 1 classes and 2 folders.
[2015.12.04-10.43.48:731][  0]LogCrashTracker: Crashtracker disabled due to settings.
[2015.12.04-10.43.48:782][  0]LogLoad: Full Startup: 42.81 seconds (BP compile: 0.23 seconds)
[2015.12.04-10.43.49:174][  0]LogContentStreaming: Texture pool size now 1000 MB
[2015.12.04-10.43.49:312][  0]LogRenderer: Reallocating scene render targets to support 804x496 (Frame:2).
[2015.12.04-10.43.54:746][  2]LogWindows:Warning: FWindowsPlatformSurvey::TickSurveyHardware() failed to parse available memory from dxdiag report
[2015.12.04-10.43.54:750][  2]LogSynthBenchmark:Display: FSynthBenchmark (V0.95):  requested WorkScale=1.00
[2015.12.04-10.43.54:750][  2]LogSynthBenchmark:Display: ===============
[2015.12.04-10.43.54:750][  2]LogSynthBenchmark:Display: Main Processor:
[2015.12.04-10.43.54:792][  2]LogSynthBenchmark:Display:          ... 0.020310 s/Run 'RayIntersect'
[2015.12.04-10.43.54:792][  2]LogSynthBenchmark:Display:          ... 0.022341 s/Run 'Fractal'
[2015.12.04-10.43.54:792][  2]LogSynthBenchmark:Display: 
[2015.12.04-10.43.54:792][  2]LogSynthBenchmark:Display:   CompiledTarget_x_Bits: 64
[2015.12.04-10.43.54:792][  2]LogSynthBenchmark:Display:   UE_BUILD_SHIPPING: 0
[2015.12.04-10.43.54:792][  2]LogSynthBenchmark:Display:   UE_BUILD_TEST: 0
[2015.12.04-10.43.54:792][  2]LogSynthBenchmark:Display:   UE_BUILD_DEBUG: 0
[2015.12.04-10.43.54:792][  2]LogSynthBenchmark:Display:   TotalPhysicalGBRam: 8
[2015.12.04-10.43.54:792][  2]LogSynthBenchmark:Display:   NumberOfCores (physical): 4
[2015.12.04-10.43.54:792][  2]LogSynthBenchmark:Display:   NumberOfCores (logical): 4
[2015.12.04-10.43.54:792][  2]LogSynthBenchmark:Display:   CPU Perf Index 0: 126.1
[2015.12.04-10.43.54:792][  2]LogSynthBenchmark:Display:   CPU Perf Index 1: 128.0
[2015.12.04-10.43.54:792][  2]LogSynthBenchmark:Display:  
[2015.12.04-10.43.54:792][  2]LogSynthBenchmark:Display: Graphics:
[2015.12.04-10.43.54:792][  2]LogSynthBenchmark:Display:   Adapter Name: 'NVIDIA GeForce GTX 650 Ti '
[2015.12.04-10.43.54:792][  2]LogSynthBenchmark:Display:   (On Optimus the name might be wrong, memory should be ok)
[2015.12.04-10.43.54:792][  2]LogSynthBenchmark:Display:   Vendor Id: 0x10de
[2015.12.04-10.43.54:792][  2]LogSynthBenchmark:Display:   GPU Memory: 972/0/3073 MB
[2015.12.04-10.43.54:792][  2]LogSynthBenchmark:Display:   CPUIndex: 126.1
[2015.12.04-10.43.54:792][  2]LogSynthBenchmark:Display:   GPUIndex: -1.$
[2015.12.04-10.43.54:792][  2]LogSynthBenchmark:Display: 
[2015.12.04-10.43.54:792][  2]LogSynthBenchmark:Display:          ... Total Time: 0.042839 sec
[2015.12.04-10.44.02:729][  4]LogAssetRegistry: Asset discovery search completed in 19.5663 seconds
[2015.12.04-10.44.02:729][  4]LogCollectionManager: Rebuilt the object cache for 0 collections in 0.000000 seconds (found 0 objects)
[2015.12.04-10.44.02:729][  4]LogCollectionManager: Fixed up redirectors for 0 collections in 0.000018 seconds (updated 0 objects)
[2015.12.04-10.44.28:409][ 79]Cmd: QUIT_EDITOR
[2015.12.04-10.44.28:689][ 79]LogExit: Preparing to exit.
[2015.12.04-10.44.29:796][ 79]LogExit: Editor shut down
[2015.12.04-10.44.29:801][ 79]LogExit: Transaction tracking system shut down
[2015.12.04-10.44.29:802][ 79]LogParticles: Destroying 0 GPU particle simulations for FXSystem 0x0000000010FEF560
[2015.12.04-10.44.29:803][ 79]LogParticles: Destroying 0 GPU particle simulations for FXSystem 0x00000000257094E0
[2015.12.04-10.44.29:803][ 79]LogParticles: Destroying 0 GPU particle simulations for FXSystem 0x0000000021D360C0
[2015.12.04-10.44.29:803][ 79]LogParticles: Destroying 0 GPU particle simulations for FXSystem 0x00000000296CF060
[2015.12.04-10.44.29:912][ 79]LogExit: Object subsystem successfully closed.
[2015.12.04-10.44.29:930][ 79]LogD3D11RHI: Shutdown
[2015.12.04-10.44.29:930][ 79]LogD3D11RHI: CleanupD3DDevice
[2015.12.04-10.44.29:969][ 79]LogD3D11RHI: ~FD3D11DynamicRHI
[2015.12.04-10.44.29:982][ 79]LogModuleManager: Shutting down and abandoning module SynthBenchmark (198)
[2015.12.04-10.44.29:982][ 79]LogModuleManager: Shutting down and abandoning module CrashTracker (197)
[2015.12.04-10.44.29:982][ 79]LogModuleManager: Shutting down and abandoning module SceneOutliner (196)
[2015.12.04-10.44.29:982][ 79]LogModuleManager: Shutting down and abandoning module SuperSearch (195)
[2015.12.04-10.44.29:982][ 79]LogModuleManager: Shutting down and abandoning module WidgetCarousel (194)
[2015.12.04-10.44.29:982][ 79]LogModuleManager: Shutting down and abandoning module AddContentDialog (193)
[2015.12.04-10.44.29:983][ 79]LogModuleManager: Shutting down and abandoning module EditorWidgets (192)
[2015.12.04-10.44.29:983][ 79]LogModuleManager: Shutting down and abandoning module CollectionManager (191)
[2015.12.04-10.44.29:983][ 79]LogModuleManager: Shutting down and abandoning module StatsViewer (190)
[2015.12.04-10.44.29:983][ 79]LogModuleManager: Shutting down and abandoning module FoliageEdit (189)
[2015.12.04-10.44.29:983][ 79]LogModuleManager: Shutting down and abandoning module LandscapeEditor (188)
[2015.12.04-10.44.29:983][ 79]LogModuleManager: Shutting down and abandoning module ActorPickerMode (187)
[2015.12.04-10.44.29:983][ 79]LogModuleManager: Shutting down and abandoning module GeometryMode (186)
[2015.12.04-10.44.29:983][ 79]LogModuleManager: Shutting down and abandoning module TextureAlignMode (185)
[2015.12.04-10.44.29:983][ 79]LogModuleManager: Shutting down and abandoning module BspMode (184)
[2015.12.04-10.44.29:983][ 79]LogModuleManager: Shutting down and abandoning module PlacementMode (183)
[2015.12.04-10.44.29:983][ 79]LogModuleManager: Shutting down and abandoning module AutomationWorker (182)
[2015.12.04-10.44.29:983][ 79]LogModuleManager: Shutting down and abandoning module CharacterAI (181)
[2015.12.04-10.44.29:983][ 79]LogModuleManager: Shutting down and abandoning module SmartSnapping (180)
[2015.12.04-10.44.29:983][ 79]LogModuleManager: Shutting down and abandoning module ViewportSnapping (179)
[2015.12.04-10.44.29:983][ 79]LogModuleManager: Shutting down and abandoning module LogVisualizer (178)
[2015.12.04-10.44.29:984][ 79]LogModuleManager: Shutting down and abandoning module GameProjectGeneration (177)
[2015.12.04-10.44.29:984][ 79]LogModuleManager: Shutting down and abandoning module IntroTutorials (176)
[2015.12.04-10.44.29:984][ 79]LogModuleManager: Shutting down and abandoning module EditorLiveStreaming (175)
[2015.12.04-10.44.29:984][ 79]LogModuleManager: Shutting down and abandoning module IOSPlatformEditor (174)
[2015.12.04-10.44.29:984][ 79]LogModuleManager: Shutting down and abandoning module HTML5PlatformEditor (173)
[2015.12.04-10.44.29:984][ 79]LogModuleManager: Shutting down and abandoning module AndroidDeviceDetection (172)
[2015.12.04-10.44.30:581][ 79]LogModuleManager: Shutting down and abandoning module AndroidPlatformEditor (171)
[2015.12.04-10.44.30:581][ 79]LogModuleManager: Shutting down and abandoning module IOSRuntimeSettings (170)
[2015.12.04-10.44.30:581][ 79]LogModuleManager: Shutting down and abandoning module AndroidRuntimeSettings (169)
[2015.12.04-10.44.30:581][ 79]LogModuleManager: Shutting down and abandoning module MergeActors (168)
[2015.12.04-10.44.30:599][ 79]LogModuleManager: Shutting down and abandoning module SizeMap (167)
[2015.12.04-10.44.30:599][ 79]LogModuleManager: Shutting down and abandoning module TreeMap (166)
[2015.12.04-10.44.30:599][ 79]LogModuleManager: Shutting down and abandoning module ReferenceViewer (165)
[2015.12.04-10.44.30:599][ 79]LogModuleManager: Shutting down and abandoning module LocalizationService (164)
[2015.12.04-10.44.30:599][ 79]LogModuleManager: Shutting down and abandoning module LocalizationDashboard (163)
[2015.12.04-10.44.30:599][ 79]LogModuleManager: Shutting down and abandoning module HardwareTargeting (162)
[2015.12.04-10.44.30:599][ 79]LogModuleManager: Shutting down and abandoning module DeviceProfileEditor (161)
[2015.12.04-10.44.30:599][ 79]LogModuleManager: Shutting down and abandoning module UndoHistory (160)
[2015.12.04-10.44.30:599][ 79]LogModuleManager: Shutting down and abandoning module GameplayTagsEditor (159)
[2015.12.04-10.44.30:599][ 79]LogModuleManager: Shutting down and abandoning module UserFeedback (158)
[2015.12.04-10.44.30:599][ 79]LogModuleManager: Shutting down and abandoning module XmlParser (157)
[2015.12.04-10.44.30:599][ 79]LogModuleManager: Shutting down and abandoning module Blutility (156)
[2015.12.04-10.44.30:599][ 79]LogModuleManager: Shutting down and abandoning module ProjectTargetPlatformEditor (155)
[2015.12.04-10.44.30:599][ 79]LogModuleManager: Shutting down and abandoning module ProjectSettingsViewer (154)
[2015.12.04-10.44.30:600][ 79]LogModuleManager: Shutting down and abandoning module InputBindingEditor (153)
[2015.12.04-10.44.30:600][ 79]LogModuleManager: Shutting down and abandoning module EditorSettingsViewer (152)
[2015.12.04-10.44.30:600][ 79]LogModuleManager: Shutting down and abandoning module SettingsEditor (151)
[2015.12.04-10.44.30:600][ 79]LogModuleManager: Shutting down and abandoning module ProjectLauncher (150)
[2015.12.04-10.44.30:600][ 79]LogModuleManager: Shutting down and abandoning module SessionFrontend (149)
[2015.12.04-10.44.30:600][ 79]LogModuleManager: Shutting down and abandoning module ProfilerClient (148)
[2015.12.04-10.44.30:600][ 79]LogModuleManager: Shutting down and abandoning module TargetDeviceServices (147)
[2015.12.04-10.44.30:600][ 79]LogModuleManager: Shutting down and abandoning module DeviceManager (146)
[2015.12.04-10.44.30:600][ 79]LogModuleManager: Shutting down and abandoning module AutomationController (145)
[2015.12.04-10.44.30:600][ 79]LogModuleManager: Shutting down and abandoning module AutomationWindow (144)
[2015.12.04-10.44.30:600][ 79]LogModuleManager: Shutting down and abandoning module Layers (143)
[2015.12.04-10.44.30:600][ 79]LogModuleManager: Shutting down and abandoning module ComponentVisualizers (142)
[2015.12.04-10.44.30:600][ 79]LogModuleManager: Shutting down and abandoning module DetailCustomizations (141)
[2015.12.04-10.44.30:600][ 79]LogModuleManager: Shutting down and abandoning module PackagesDialog (140)
[2015.12.04-10.44.30:600][ 79]LogModuleManager: Shutting down and abandoning module Persona (139)
[2015.12.04-10.44.30:600][ 79]LogModuleManager: Shutting down and abandoning module Kismet (138)
[2015.12.04-10.44.30:600][ 79]LogModuleManager: Shutting down and abandoning module GraphEditor (137)
[2015.12.04-10.44.30:600][ 79]LogModuleManager: Shutting down and abandoning module ClassViewer (136)
[2015.12.04-10.44.30:600][ 79]LogModuleManager: Shutting down and abandoning module Toolbox (135)
[2015.12.04-10.44.30:600][ 79]LogModuleManager: Shutting down and abandoning module ModuleUI (134)
[2015.12.04-10.44.30:600][ 79]LogModuleManager: Shutting down and abandoning module MovieSceneTools (133)
[2015.12.04-10.44.30:600][ 79]LogModuleManager: Shutting down and abandoning module OutputLog (132)
[2015.12.04-10.44.30:600][ 79]LogModuleManager: Shutting down and abandoning module GammaUI (131)
[2015.12.04-10.44.30:600][ 79]LogModuleManager: Shutting down and abandoning module Documentation (130)
[2015.12.04-10.44.30:600][ 79]LogModuleManager: Shutting down and abandoning module GameLiveStreaming (129)
[2015.12.04-10.44.30:603][ 79]LogModuleManager: Shutting down and abandoning module StreamingPauseRendering (128)
[2015.12.04-10.44.30:603][ 79]LogModuleManager: Shutting down and abandoning module AnalyticsET (127)
[2015.12.04-10.44.30:603][ 79]LogModuleManager: Shutting down and abandoning module Analytics (126)
[2015.12.04-10.44.30:603][ 79]LogModuleManager: Shutting down and abandoning module AITestSuite (125)
[2015.12.04-10.44.30:603][ 79]LogModuleManager: Shutting down and abandoning module GameplayDebugger (124)
[2015.12.04-10.44.30:603][ 79]LogModuleManager: Shutting down and abandoning module AIModule (123)
[2015.12.04-10.44.30:603][ 79]LogModuleManager: Shutting down and abandoning module ProfilerService (122)
[2015.12.04-10.44.30:792][ 79]LogModuleManager: Shutting down and abandoning module TaskGraph (121)
[2015.12.04-10.44.30:792][ 79]LogModuleManager: Shutting down and abandoning module SlateRemote (120)
[2015.12.04-10.44.30:792][ 79]LogModuleManager: Shutting down and abandoning module SteamVRController (119)
[2015.12.04-10.44.30:792][ 79]LogModuleManager: Shutting down and abandoning module SteamVR (118)
[2015.12.04-10.44.30:792][ 79]LogModuleManager: Shutting down and abandoning module ProceduralMeshComponent (117)
[2015.12.04-10.44.30:792][ 79]LogModuleManager: Shutting down and abandoning module OculusRift (116)
[2015.12.04-10.44.30:792][ 79]LogModuleManager: Shutting down and abandoning module OculusLibrary (115)
[2015.12.04-10.44.30:792][ 79]LogModuleManager: Shutting down and abandoning module LeapMotionController (114)
[2015.12.04-10.44.30:800][ 79]LogModuleManager: Shutting down and abandoning module CustomMeshComponent (113)
[2015.12.04-10.44.30:800][ 79]LogModuleManager: Shutting down and abandoning module CableComponent (112)
[2015.12.04-10.44.30:800][ 79]LogModuleManager: Shutting down and abandoning module ArchVisCharacter (111)
[2015.12.04-10.44.30:800][ 79]LogModuleManager: Shutting down and abandoning module MessagingDebugger (110)
[2015.12.04-10.44.30:800][ 79]LogModuleManager: Shutting down and abandoning module MediaPlayerEditor (109)
[2015.12.04-10.44.30:800][ 79]LogModuleManager: Shutting down and abandoning module HTML5Networking (108)
[2015.12.04-10.44.30:800][ 79]LogModuleManager: Shutting down and abandoning module SpeedTreeImporter (107)
[2015.12.04-10.44.30:800][ 79]LogModuleManager: Shutting down and abandoning module PluginBrowser (106)
[2015.12.04-10.44.30:800][ 79]LogModuleManager: Shutting down and abandoning module EpicSurvey (105)
[2015.12.04-10.44.30:800][ 79]LogModuleManager: Shutting down and abandoning module DesktopPlatform (104)
[2015.12.04-10.44.30:800][ 79]LogModuleManager: Shutting down and abandoning module VisualStudioSourceCodeAccess (103)
[2015.12.04-10.44.30:800][ 79]LogModuleManager: Shutting down and abandoning module UObjectPlugin (102)
[2015.12.04-10.44.30:800][ 79]LogModuleManager: Shutting down and abandoning module SubversionSourceControl (101)
[2015.12.04-10.44.30:800][ 79]LogModuleManager: Shutting down and abandoning module PerforceSourceControl (100)
[2015.12.04-10.44.30:800][ 79]LogModuleManager: Shutting down and abandoning module SourceControl (99)
[2015.12.04-10.44.30:800][ 79]LogModuleManager: Shutting down and abandoning module GitSourceControl (98)
[2015.12.04-10.44.30:800][ 79]LogModuleManager: Shutting down and abandoning module LightPropagationVolumeEditor (97)
[2015.12.04-10.44.30:800][ 79]LogModuleManager: Shutting down and abandoning module PaperTiledImporter (96)
[2015.12.04-10.44.30:800][ 79]LogModuleManager: Shutting down and abandoning module PaperSpriteSheetImporter (95)
[2015.12.04-10.44.30:800][ 79]LogModuleManager: Shutting down and abandoning module MeshPaint (94)
[2015.12.04-10.44.30:800][ 79]LogModuleManager: Shutting down and abandoning module SlateReflector (93)
[2015.12.04-10.44.30:800][ 79]LogModuleManager: Shutting down and abandoning module HotReload (92)
[2015.12.04-10.44.30:800][ 79]LogModuleManager: Shutting down and abandoning module MainFrame (91)
[2015.12.04-10.44.30:803][ 79]LogModuleManager: Shutting down and abandoning module LevelEditor (90)
[2015.12.04-10.44.30:804][ 79]LogModuleManager: Shutting down and abandoning module DirectoryWatcher (89)
[2015.12.04-10.44.30:804][ 79]LogModuleManager: Shutting down and abandoning module AssetRegistry (88)
[2015.12.04-10.44.31:254][ 79]LogModuleManager: Shutting down and abandoning module ContentBrowser (87)
[2015.12.04-10.44.31:254][ 79]LogModuleManager: Shutting down and abandoning module Paper2DEditor (86)
[2015.12.04-10.44.31:254][ 79]LogModuleManager: Shutting down and abandoning module UdpMessaging (85)
[2015.12.04-10.44.31:354][ 79]LogModuleManager: Shutting down and abandoning module LightPropagationVolumeRuntime (84)
[2015.12.04-10.44.31:354][ 79]LogModuleManager: Shutting down and abandoning module Paper2D (83)
[2015.12.04-10.44.31:354][ 79]LogModuleManager: Shutting down and abandoning module WindowsMoviePlayer (82)
[2015.12.04-10.44.31:359][ 79]LogModuleManager: Shutting down and abandoning module Media (81)
[2015.12.04-10.44.31:359][ 79]LogModuleManager: Shutting down and abandoning module WmfMedia (80)
[2015.12.04-10.44.31:360][ 79]LogModuleManager: Shutting down and abandoning module OnlineBlueprintSupport (79)
[2015.12.04-10.44.31:360][ 79]LogModuleManager: Shutting down and abandoning module GameplayTasksEditor (78)
[2015.12.04-10.44.31:360][ 79]LogModuleManager: Shutting down and abandoning module PropertyEditor (77)
[2015.12.04-10.44.31:360][ 79]LogModuleManager: Shutting down and abandoning module BehaviorTreeEditor (76)
[2015.12.04-10.44.31:360][ 79]LogModuleManager: Shutting down and abandoning module FunctionalTesting (75)
[2015.12.04-10.44.31:360][ 79]LogModuleManager: Shutting down and abandoning module CollisionAnalyzer (74)
[2015.12.04-10.44.31:360][ 79]LogModuleManager: Shutting down and abandoning module WorkspaceMenuStructure (73)
[2015.12.04-10.44.31:361][ 79]LogModuleManager: Shutting down and abandoning module MessageLog (72)
[2015.12.04-10.44.31:361][ 79]LogModuleManager: Shutting down and abandoning module Sequencer (71)
[2015.12.04-10.44.31:361][ 79]LogModuleManager: Shutting down and abandoning module AssetTools (70)
[2015.12.04-10.44.31:361][ 79]LogModuleManager: Shutting down and abandoning module UMGEditor (69)
[2015.12.04-10.44.31:361][ 79]LogModuleManager: Shutting down and abandoning module UMG (68)
[2015.12.04-10.44.31:361][ 79]LogModuleManager: Shutting down and abandoning module Slate (67)
[2015.12.04-10.44.31:361][ 79]LogModuleManager: Shutting down and abandoning module EditorStyle (66)
[2015.12.04-10.44.31:363][ 79]LogModuleManager: Shutting down and abandoning module SessionServices (65)
[2015.12.04-10.44.31:363][ 79]LogModuleManager: Shutting down and abandoning module SourceCodeAccess (64)
[2015.12.04-10.44.31:363][ 79]LogModuleManager: Shutting down and abandoning module HeadMountedDisplay (63)
[2015.12.04-10.44.31:363][ 79]LogModuleManager: Shutting down and abandoning module XAudio2 (62)
[2015.12.04-10.44.31:363][ 79]LogModuleManager: Shutting down and abandoning module Networking (60)
[2015.12.04-10.44.31:363][ 79]LogModuleManager: Shutting down and abandoning module Core (59)
[2015.12.04-10.44.31:363][ 79]LogModuleManager: Shutting down and abandoning module KismetCompiler (58)
[2015.12.04-10.44.31:363][ 79]LogModuleManager: Shutting down and abandoning module PhysXFormats (57)
[2015.12.04-10.44.31:363][ 79]LogModuleManager: Shutting down and abandoning module MeshUtilities (56)
[2015.12.04-10.44.31:363][ 79]LogModuleManager: Shutting down and abandoning module CookingStats (55)
[2015.12.04-10.44.31:364][ 79]LogModuleManager: Shutting down and abandoning module DerivedDataCache (54)
[2015.12.04-10.44.31:460][ 79]LogDerivedDataCache: Shutdown
[2015.12.04-10.44.31:460][ 79]LogModuleManager: Shutting down and abandoning module ShaderFormatOpenGL (53)
[2015.12.04-10.44.31:460][ 79]LogModuleManager: Shutting down and abandoning module ShaderFormatD3D (52)
[2015.12.04-10.44.31:460][ 79]LogModuleManager: Shutting down and abandoning module MetalShaderFormat (51)
[2015.12.04-10.44.31:464][ 79]LogModuleManager: Shutting down and abandoning module TextureFormatUncompressed (50)
[2015.12.04-10.44.31:464][ 79]LogModuleManager: Shutting down and abandoning module TextureFormatPVR (49)
[2015.12.04-10.44.31:464][ 79]LogModuleManager: Shutting down and abandoning module TextureFormatIntelISPCTexComp (48)
[2015.12.04-10.44.31:464][ 79]LogModuleManager: Shutting down and abandoning module TextureFormatDXT (47)
[2015.12.04-10.44.31:464][ 79]LogModuleManager: Shutting down and abandoning module ImageWrapper (46)
[2015.12.04-10.44.31:464][ 79]LogModuleManager: Shutting down and abandoning module TextureFormatASTC (45)
[2015.12.04-10.44.31:464][ 79]LogModuleManager: Shutting down and abandoning module TextureFormatAndroid (44)
[2015.12.04-10.44.31:464][ 79]LogModuleManager: Shutting down and abandoning module AudioFormatOpus (43)
[2015.12.04-10.44.31:464][ 79]LogModuleManager: Shutting down and abandoning module AudioFormatOgg (42)
[2015.12.04-10.44.31:464][ 79]LogModuleManager: Shutting down and abandoning module AudioFormatADPCM (41)
[2015.12.04-10.44.31:464][ 79]LogModuleManager: Shutting down and abandoning module LinuxTargetPlatform (40)
[2015.12.04-10.44.31:464][ 79]LogModuleManager: Shutting down and abandoning module LinuxServerTargetPlatform (39)
[2015.12.04-10.44.31:464][ 79]LogModuleManager: Shutting down and abandoning module LinuxNoEditorTargetPlatform (38)
[2015.12.04-10.44.31:464][ 79]LogModuleManager: Shutting down and abandoning module Messaging (37)
[2015.12.04-10.44.31:464][ 79]LogModuleManager: Shutting down and abandoning module IOSTargetPlatform (36)
[2015.12.04-10.44.31:465][ 79]LogModuleManager: Shutting down and abandoning module HTML5TargetPlatform (35)
[2015.12.04-10.44.31:465][ 79]LogModuleManager: Shutting down and abandoning module Android_PVRTCTargetPlatform (34)
[2015.12.04-10.44.31:465][ 79]LogModuleManager: Shutting down and abandoning module Android_ETC2TargetPlatform (33)
[2015.12.04-10.44.31:465][ 79]LogModuleManager: Shutting down and abandoning module Android_ETC1TargetPlatform (32)
[2015.12.04-10.44.31:465][ 79]LogModuleManager: Shutting down and abandoning module Android_DXTTargetPlatform (31)
[2015.12.04-10.44.31:465][ 79]LogModuleManager: Shutting down and abandoning module Android_ATCTargetPlatform (30)
[2015.12.04-10.44.31:465][ 79]LogModuleManager: Shutting down and abandoning module Android_ASTCTargetPlatform (29)
[2015.12.04-10.44.31:465][ 79]LogModuleManager: Shutting down and abandoning module AndroidTargetPlatform (28)
[2015.12.04-10.44.31:465][ 79]LogModuleManager: Shutting down and abandoning module WindowsTargetPlatform (27)
[2015.12.04-10.44.31:465][ 79]LogModuleManager: Shutting down and abandoning module WindowsServerTargetPlatform (26)
[2015.12.04-10.44.31:465][ 79]LogModuleManager: Shutting down and abandoning module WindowsNoEditorTargetPlatform (25)
[2015.12.04-10.44.31:465][ 79]LogModuleManager: Shutting down and abandoning module WindowsClientTargetPlatform (24)
[2015.12.04-10.44.31:465][ 79]LogModuleManager: Shutting down and abandoning module AllDesktopTargetPlatform (23)
[2015.12.04-10.44.31:465][ 79]LogModuleManager: Shutting down and abandoning module TargetPlatform (22)
[2015.12.04-10.44.31:465][ 79]LogModuleManager: Shutting down and abandoning module InputCore (21)
[2015.12.04-10.44.31:465][ 79]LogModuleManager: Shutting down and abandoning module Settings (20)
[2015.12.04-10.44.31:465][ 79]LogModuleManager: Shutting down and abandoning module OnlineSubsystem (18)
[2015.12.04-10.44.31:465][ 79]LogModuleManager: Shutting down and abandoning module HTTP (17)
[2015.12.04-10.44.33:465][ 79]LogModuleManager: Shutting down and abandoning module XMPP (16)
[2015.12.04-10.44.33:465][ 79]LogModuleManager: Shutting down and abandoning module ExampleDeviceProfileSelector (15)
[2015.12.04-10.44.33:465][ 79]LogModuleManager: Shutting down and abandoning module TextureCompressor (14)
[2015.12.04-10.44.33:465][ 79]LogModuleManager: Shutting down and abandoning module ShaderCore (13)
[2015.12.04-10.44.34:246][ 79]LogModuleManager: Shutting down and abandoning module Landscape (12)
[2015.12.04-10.44.34:246][ 79]LogModuleManager: Shutting down and abandoning module SlateRHIRenderer (11)
[2015.12.04-10.44.34:246][ 79]LogModuleManager: Shutting down and abandoning module OpenGLDrv (10)
[2015.12.04-10.44.34:246][ 79]LogModuleManager: Shutting down and abandoning module D3D11RHI (9)
[2015.12.04-10.44.34:246][ 79]LogModuleManager: Shutting down and abandoning module AnimGraphRuntime (8)
[2015.12.04-10.44.34:246][ 79]LogModuleManager: Shutting down and abandoning module Renderer (7)
[2015.12.04-10.44.34:246][ 79]LogModuleManager: Shutting down and abandoning module Engine (6)
[2015.12.04-10.44.34:246][ 79]LogModuleManager: Shutting down and abandoning module CoreUObject (5)
[2015.12.04-10.44.34:246][ 79]LogModuleManager: Shutting down and abandoning module NetworkFile (4)
[2015.12.04-10.44.34:246][ 79]LogModuleManager: Shutting down and abandoning module StreamingFile (3)
[2015.12.04-10.44.34:246][ 79]LogModuleManager: Shutting down and abandoning module SandboxFile (2)
[2015.12.04-10.44.34:247][ 79]LogModuleManager: Shutting down and abandoning module PakFile (1)
[2015.12.04-10.44.34:247][ 79]LogExit: Exiting.
[2015.12.04-10.44.34:248][ 79]Log file closed, 12/04/15 10:44:34
