[2015.12.17-14.45.45:029][  0]Log file open, 12/17/15 14:45:45
[2015.12.17-14.45.45:029][  0]LogInit:Display: Running engine for game: WeatherController
[2015.12.17-14.45.45:029][  0]LogInit:Display: RandInit(-1247133417) SRandInit(-1247133416).
[2015.12.17-14.45.45:029][  0]LogTaskGraph: Started task graph with 4 named threads and 7 total threads.
[2015.12.17-14.45.45:029][  0]LogStats: Stats thread started at 0.075994
[2015.12.17-14.45.45:029][  0]LogInit: Version: 4.9.2-2707645+++depot+UE4-Releases+4.9
[2015.12.17-14.45.45:029][  0]LogInit: API Version: 2672455
[2015.12.17-14.45.45:029][  0]LogInit: Compiled (64-bit): Sep 28 2015 10:25:44
[2015.12.17-14.45.45:029][  0]LogInit: Compiled with Visual C++: 18.00.21005.01
[2015.12.17-14.45.45:029][  0]LogInit: Build Configuration: Development
[2015.12.17-14.45.45:029][  0]LogInit: Branch Name: ++depot+UE4-Releases+4.9
[2015.12.17-14.45.45:029][  0]LogInit: Command line:  
[2015.12.17-14.45.45:029][  0]LogInit: Base directory: C:/Program Files/Epic Games/4.9/Engine/Binaries/Win64/
[2015.12.17-14.45.45:029][  0]LogInit: Rocket: 1
[2015.12.17-14.45.45:037][  0]LogInit: Using libcurl 7.41.0
[2015.12.17-14.45.45:037][  0]LogInit:  - built for x86_64-pc-win32
[2015.12.17-14.45.45:037][  0]LogInit:  - supports SSL with WinSSL
[2015.12.17-14.45.45:037][  0]LogInit:  - other features:
[2015.12.17-14.45.45:037][  0]LogInit:      CURL_VERSION_SSL
[2015.12.17-14.45.45:037][  0]LogInit:      CURL_VERSION_IPV6
[2015.12.17-14.45.45:037][  0]LogInit:      CURL_VERSION_ASYNCHDNS
[2015.12.17-14.45.45:037][  0]LogInit:      CURL_VERSION_LARGEFILE
[2015.12.17-14.45.45:037][  0]LogInit:      CURL_VERSION_IDN
[2015.12.17-14.45.45:037][  0]LogInit:  CurlRequestOptions (configurable via config and command line):
[2015.12.17-14.45.45:037][  0]LogInit:  - bVerifyPeer = true  - Libcurl will verify peer certificate
[2015.12.17-14.45.45:037][  0]LogInit:  - bUseHttpProxy = false  - Libcurl will NOT use HTTP proxy
[2015.12.17-14.45.45:037][  0]LogInit:  - bDontReuseConnections = false  - Libcurl will reuse connections
[2015.12.17-14.45.45:037][  0]LogInit:  - CertBundlePath = nullptr  - Libcurl will use whatever was configured at build time.
[2015.12.17-14.45.45:043][  0]LogInit: Presizing for 0 objects not considered by GC, pre-allocating 0 bytes.
[2015.12.17-14.45.45:049][  0]LogInit: Object subsystem initialized
[2015.12.17-14.45.45:050][  0]LogInit: Selected Device Profile: [Windows]
[2015.12.17-14.45.45:050][  0]LogInit: Applying CVar settings loaded from the selected device profile: [Windows]
[2015.12.17-14.45.45:058][  0]LogInit: Computer: 7DEADLYSINS
[2015.12.17-14.45.45:058][  0]LogInit: User: KIWe1
[2015.12.17-14.45.45:058][  0]LogInit: CPU Page size=4096, Cores=4
[2015.12.17-14.45.45:058][  0]LogInit: High frequency timer resolution =3.222658 MHz
[2015.12.17-14.45.45:058][  0]LogMemory: Memory total: Physical=7.8GB (8GB approx)
[2015.12.17-14.45.45:058][  0]LogMemory: Platform Memory Stats for Windows
[2015.12.17-14.45.45:058][  0]LogMemory: Process Physical Memory: 52.74 MB used, 52.74 MB peak
[2015.12.17-14.45.45:058][  0]LogMemory: Process Virtual Memory: 55.12 MB used, 55.12 MB peak
[2015.12.17-14.45.45:058][  0]LogMemory: Physical Memory: 5179.13 MB used, 8029.27 MB total
[2015.12.17-14.45.45:058][  0]LogMemory: Virtual Memory: 348.72 MB used, 134217728.00 MB total
[2015.12.17-14.45.45:083][  0]LogTextLocalizationManager: No specific translations for ('en-GB') exist, so ('en') translations will be used.
[2015.12.17-14.45.45:740][  0]LogD3D11RHI: Found D3D11 adapter 0: NVIDIA GeForce GTX 760 (Feature Level 11_0)
[2015.12.17-14.45.45:740][  0]LogD3D11RHI: Adapter has 1985MB of dedicated video memory, 0MB of dedicated system memory, and 2048MB of shared system memory, 1 output[s]
[2015.12.17-14.45.45:745][  0]LogD3D11RHI: Found D3D11 adapter 1: Intel(R) HD Graphics 4600 (Feature Level 11_0)
[2015.12.17-14.45.45:745][  0]LogD3D11RHI: Adapter has 160MB of dedicated video memory, 0MB of dedicated system memory, and 1760MB of shared system memory, 1 output[s]
[2015.12.17-14.45.45:746][  0]LogD3D11RHI: Found D3D11 adapter 2: Microsoft Basic Render Driver (Feature Level 11_0)
[2015.12.17-14.45.45:746][  0]LogD3D11RHI: Adapter has 0MB of dedicated video memory, 0MB of dedicated system memory, and 256MB of shared system memory, 0 output[s]
[2015.12.17-14.45.45:746][  0]LogD3D11RHI: Chosen D3D11 Adapter Id = 0
[2015.12.17-14.45.45:750][  0]LogD3D11RHI: !Direct3DDevice
[2015.12.17-14.45.45:750][  0]LogRHI: Texture pool is 1361 MB (70% of 1945 MB)
[2015.12.17-14.45.45:759][  0]LogD3D11RHI: Async texture creation enabled
[2015.12.17-14.45.45:774][  0]LogShaderCompilers: Guid format shader working directory is 15 characters bigger than the processId version (../../../../../../Users/KIWe1/Documents/GitHub/WeatherSystem/WeatherController/WeatherController/Intermediate/Shaders/WorkingDirectory/4556/).
[2015.12.17-14.45.45:774][  0]LogShaderCompilers: Cleaned the shader compiler working directory '../../../../../../Users/KIWe1/Documents/GitHub/WeatherSystem/WeatherController/WeatherController/Intermediate/Shaders/tmp/4A20EA5E4EA3005C6D5DE59AAB4A811E/'.
[2015.12.17-14.45.45:774][  0]LogShaderCompilers:Display: Using Local Shader Compiler.
[2015.12.17-14.45.46:755][  0]LogTemp:Display: Loaded TP AllDesktopTargetPlatform
[2015.12.17-14.45.46:760][  0]LogTemp:Display: Loaded TP WindowsClientTargetPlatform
[2015.12.17-14.45.46:765][  0]LogTemp:Display: Loaded TP WindowsNoEditorTargetPlatform
[2015.12.17-14.45.46:769][  0]LogTemp:Display: Loaded TP WindowsServerTargetPlatform
[2015.12.17-14.45.46:774][  0]LogTemp:Display: Loaded TP WindowsTargetPlatform
[2015.12.17-14.45.46:777][  0]LogTemp:Display: Loaded TP AndroidTargetPlatform
[2015.12.17-14.45.46:780][  0]LogTemp:Display: Loaded TP Android_ASTCTargetPlatform
[2015.12.17-14.45.46:783][  0]LogTemp:Display: Loaded TP Android_ATCTargetPlatform
[2015.12.17-14.45.46:786][  0]LogTemp:Display: Loaded TP Android_DXTTargetPlatform
[2015.12.17-14.45.46:790][  0]LogTemp:Display: Loaded TP Android_ETC1TargetPlatform
[2015.12.17-14.45.46:793][  0]LogTemp:Display: Loaded TP Android_ETC2TargetPlatform
[2015.12.17-14.45.46:797][  0]LogTemp:Display: Loaded TP Android_PVRTCTargetPlatform
[2015.12.17-14.45.46:798][  0]LogTemp:Display: Loaded TP HTML5TargetPlatform
[2015.12.17-14.45.46:815][  0]LogTemp:Display: Loaded TP IOSTargetPlatform
[2015.12.17-14.45.46:818][  0]LogTemp:Display: Loaded TP LinuxNoEditorTargetPlatform
[2015.12.17-14.45.46:821][  0]LogTemp:Display: Loaded TP LinuxServerTargetPlatform
[2015.12.17-14.45.46:824][  0]LogTemp:Display: Loaded TP LinuxTargetPlatform
[2015.12.17-14.45.46:824][  0]LogTargetPlatformManager:Display: Building Assets For Windows
[2015.12.17-14.45.46:897][  0]LogDerivedDataCache:Display: Max Cache Size: 512 MB
[2015.12.17-14.45.46:936][  0]LogDerivedDataCache: Loaded boot cache 0.04s 41MB C:/Users/KIWe1/AppData/Local/UnrealEngine/4.9/DerivedDataCache/Boot.ddc.
[2015.12.17-14.45.46:936][  0]LogDerivedDataCache:Display: Loaded Boot cache: C:/Users/KIWe1/AppData/Local/UnrealEngine/4.9/DerivedDataCache/Boot.ddc
[2015.12.17-14.45.46:936][  0]LogDerivedDataCache: FDerivedDataBackendGraph:  Pak pak cache file ../../../../../../Users/KIWe1/Documents/GitHub/WeatherSystem/WeatherController/WeatherController/DerivedDataCache/DDC.ddp not found, will not use a pak cache.
[2015.12.17-14.45.46:936][  0]LogDerivedDataCache: Unable to find inner node Pak for hierarchical cache Hierarchy.
[2015.12.17-14.45.46:936][  0]LogDerivedDataCache: FDerivedDataBackendGraph:  CompressedPak pak cache file ../../../../../../Users/KIWe1/Documents/GitHub/WeatherSystem/WeatherController/WeatherController/DerivedDataCache/Compressed.ddp not found, will not use a pak cache.
[2015.12.17-14.45.46:936][  0]LogDerivedDataCache: Unable to find inner node CompressedPak for hierarchical cache Hierarchy.
[2015.12.17-14.45.47:063][  0]LogDerivedDataCache:Display: Pak cache opened for reading ../../../Engine/DerivedDataCache/Compressed.ddp.
[2015.12.17-14.45.47:076][  0]LogDerivedDataCache: Using Local data cache path C:/Users/KIWe1/AppData/Local/UnrealEngine/Common/DerivedDataCache: Writable
[2015.12.17-14.45.47:228][  0]LogInit: Selected Device Profile: [Windows]
[2015.12.17-14.45.47:230][  0]LogContentStreaming: Texture pool size is 0.000000MB
[2015.12.17-14.45.47:348][  0]LogMeshUtilities: No automatic mesh reduction module available
[2015.12.17-14.45.47:349][  0]LogMeshUtilities: No automatic mesh merging module available
[2015.12.17-14.45.47:564][  0]LogInit: WinSock: version 1.1 (2.2), MaxSocks=32767, MaxUdp=65467
[2015.12.17-14.45.48:202][  0]UdpMessaging: Initializing bridge on interface 0.0.0.0:0 to multicast group 230.0.0.1:6666.
[2015.12.17-14.45.48:299][  0]LogAssetRegistry: FAssetRegistry took 0.0106 seconds to start up
[2015.12.17-14.45.48:445][  0]SourceControl: Info Source control is disabled
[2015.12.17-14.45.48:446][  0]SourceControl: Info Source control is disabled
[2015.12.17-14.45.48:454][  0]SourceControl: Info Source control is disabled
[2015.12.17-14.45.48:462][  0]SourceControl: Info Source control is disabled
[2015.12.17-14.45.48:581][  0]LogLinker:Warning: Asset '../../../Engine/Plugins/Runtime/LeapMotionController/Content/LM_PassthroughMaterial.uasset' has been saved with empty engine version. The asset will be loaded but may be incompatible.
[2015.12.17-14.45.48:645][  0]LogObj: 28361 objects as part of root set at end of initial load.
[2015.12.17-14.45.48:645][  0]LogUObjectAllocator: 6038864 out of 0 bytes used by permanent object pool.
[2015.12.17-14.45.48:699][  0]LogEngine: Initializing Engine...
[2015.12.17-14.45.48:701][  0]LogHMD: Can't find Oculus library dev build: is proper Runtime installed? Version: 0.7.0.0
[2015.12.17-14.45.48:701][  0]LogHMD: SteamVR failed to initialize.  Err: 110
[2015.12.17-14.45.48:807][  0]LogAIModule: Creating AISystem for world NewWorld
[2015.12.17-14.45.48:815][  0]LogInit: XAudio2 using 'Speakers (Realtek High Definition Audio)' : 2 channels at 48 kHz using 32 bits per sample (channel mask 0x3)
[2015.12.17-14.45.48:822][  0]LogInit: FAudioDevice initialized.
[2015.12.17-14.45.48:839][  0]LogDerivedDataCache: Saved boot cache 0.02s 41MB C:/Users/KIWe1/AppData/Local/UnrealEngine/4.9/DerivedDataCache/Boot.ddc.
[2015.12.17-14.45.48:843][  0]LogInit: Texture streaming: Enabled
[2015.12.17-14.45.48:849][  0]LogAnalytics: Creating configured Analytics provider AnalyticsET
[2015.12.17-14.45.48:849][  0]LogAnalytics: [UEEditor.Rocket.Release] APIServer = http://et2.epicgames.com/ET2/. AppVersion = 4.9.2-2707645+++depot+UE4-Releases+4.9
[2015.12.17-14.45.48:849][  0]LogAnalytics: [UEEditor.Rocket.Release] SetUserId 308e0aec40fe65e96e887992614e60d6|b15aaf259a234981ac58d9a2d8097391|3ca5979e-5f07-46a1-9140-d6dcf4c8ce96
[2015.12.17-14.45.48:849][  0]LogAnalytics: [UEEditor.Rocket.Release] AnalyticsET::StartSession
[2015.12.17-14.45.48:871][  0]LogInit: Transaction tracking system initialized
[2015.12.17-14.45.48:898][  0]BlueprintLog: New page: Editor Load
[2015.12.17-14.45.48:973][  0]LocalizationService: Info Localization service is disabled
[2015.12.17-14.45.49:023][  0]LogLinker:Warning: Can't find file '/Game/SideScrollerBP/SideScrollerOverview'
[2015.12.17-14.45.49:023][  0]LogLinker:Warning: Can't find file '/Game/SideScrollerBP/SideScrollerOverview'
[2015.12.17-14.45.49:023][  0]LogUObjectGlobals:Warning: Failed to find object 'Class /Game/SideScrollerBP/SideScrollerOverview.SideScrollerOverview_C'
[2015.12.17-14.45.49:035][  0]LogConsoleResponse:Display: 
[2015.12.17-14.45.49:132][  0]LogCook:Display: Done creating registry. It took  0.00s.
[2015.12.17-14.45.49:189][  0]LogFileCache: Scanning file cache for directory 'C:/Users/KIWe1/Documents/GitHub/WeatherSystem/WeatherController/WeatherController/Content/' took 0.01s
[2015.12.17-14.45.49:189][  0]SourceControl: Info Source control is disabled
[2015.12.17-14.45.49:190][  0]LightingResults: New page: Lighting Build
[2015.12.17-14.45.49:192][  0]MapCheck: New page: Map Check
[2015.12.17-14.45.49:192][  0]LightingResults: New page: Lighting Build
[2015.12.17-14.45.49:201][  0]LogParticles: Destroying 0 GPU particle simulations for FXSystem 0x00000083E034A160
[2015.12.17-14.45.49:379][  0]LogBlueprint:Warning: [compiler WeatherContorller] Warning 'Item' is already a 'Sky Sphere for Weather', you don't need  Cast To SkySphereForWeather .
[2015.12.17-14.45.49:381][  0]LogBlueprint:Error: [compiler WeatherContorller] Error The type of  Zenith Color  is undetermined.  Connect something to  SpawnActor Sky Sphere for Weather  to imply a specific type.
[2015.12.17-14.45.49:381][  0]LogBlueprint:Error: [compiler WeatherContorller] Error The type of  Horizon Color  is undetermined.  Connect something to  SpawnActor Sky Sphere for Weather  to imply a specific type.
[2015.12.17-14.45.49:382][  0]LogBlueprint:Error: [compiler WeatherContorller] Error The current value ((R=1.979559,G=2.586644,B=3.000000,A=1.000000)) of the ' Horizon Color ' pin is invalid: 'Value' must have an input wired into it ("by ref" params expect a valid input to operate on).
[2015.12.17-14.45.49:382][  0]LogBlueprint:Error: [compiler WeatherContorller] Error The current value ((R=0.034046,G=0.109247,B=0.295000,A=1.000000)) of the ' Zenith Color ' pin is invalid: 'Value' must have an input wired into it ("by ref" params expect a valid input to operate on).
[2015.12.17-14.45.49:394][  0]LogBlueprint:Warning: [compiler WeatherContorller] Warning [0004.85] Compile of WeatherContorller failed. 4 Fatal Issue(s) 1 Warning(s) [in 23 ms]
[2015.12.17-14.45.49:394][  0]LogBlueprint:Warning: [compiler WeatherContorller] Warning [0004.85] Compile of WeatherContorller failed. 4 Fatal Issue(s) 2 Warning(s) [in 0 ms]
[2015.12.17-14.45.49:395][  0]LogBlueprint:Warning: [compiler WeatherContorller] Warning [0004.85] Compile of WeatherContorller failed. 4 Fatal Issue(s) 3 Warning(s) [in 0 ms]
[2015.12.17-14.45.49:437][  0]LogBlueprint:Warning: [compiler SkySphereForWeather] Warning 'Item' is already a 'Directional Light Blueprint', you don't need  Cast To DirectionalLight_Blueprint .
[2015.12.17-14.45.49:443][  0]LogBlueprint:Warning: [compiler SkySphereForWeather] Warning [0004.90] Compile of SkySphereForWeather successful, but with 1 Warning(s) [in 11 ms]
[2015.12.17-14.45.49:443][  0]LogBlueprint:Warning: [compiler SkySphereForWeather] Warning [0004.90] Compile of SkySphereForWeather successful, but with 2 Warning(s) [in 0 ms]
[2015.12.17-14.45.49:444][  0]LogBlueprint:Warning: [compiler SkySphereForWeather] Warning [0004.90] Compile of SkySphereForWeather successful, but with 3 Warning(s) [in 0 ms]
[2015.12.17-14.45.49:493][  0]LogBlueprint:Warning: [compiler SkySphereForWeather] Warning 'Item' is already a 'Directional Light Blueprint', you don't need  Cast To DirectionalLight_Blueprint .
[2015.12.17-14.45.49:499][  0]LogBlueprint:Warning: [compiler SkySphereForWeather] Warning [0004.95] Compile of SkySphereForWeather successful, but with 1 Warning(s) [in 12 ms]
[2015.12.17-14.45.49:499][  0]LogBlueprint:Warning: [compiler SkySphereForWeather] Warning [0004.95] Compile of SkySphereForWeather successful, but with 2 Warning(s) [in 0 ms]
[2015.12.17-14.45.49:500][  0]LogBlueprint:Warning: [compiler SkySphereForWeather] Warning [0004.95] Compile of SkySphereForWeather successful, but with 3 Warning(s) [in 0 ms]
[2015.12.17-14.45.49:511][  0]LogBlueprint:Warning: [compiler WeatherContorller] Warning 'Item' is already a 'Sky Sphere for Weather', you don't need  Cast To SkySphereForWeather .
[2015.12.17-14.45.49:518][  0]LogBlueprint:Warning: [compiler WeatherContorller] Warning [0004.97] Compile of WeatherContorller successful, but with 1 Warning(s) [in 13 ms]
[2015.12.17-14.45.49:518][  0]LogBlueprint:Warning: [compiler WeatherContorller] Warning [0004.97] Compile of WeatherContorller successful, but with 2 Warning(s) [in 0 ms]
[2015.12.17-14.45.49:518][  0]LogBlueprint:Warning: [compiler WeatherContorller] Warning [0004.97] Compile of WeatherContorller successful, but with 3 Warning(s) [in 0 ms]
[2015.12.17-14.45.49:688][  0]LogBlueprint:Warning: [compiler CloudsSystem] Warning 'Item' is already a 'BP Sky Sphere', you don't need  Cast To BP_Sky_Sphere .
[2015.12.17-14.45.49:692][  0]LogBlueprint:Warning: [compiler CloudsSystem] Warning [0005.14] Compile of CloudsSystem successful, but with 1 Warning(s) [in 17 ms]
[2015.12.17-14.45.49:692][  0]LogBlueprint:Warning: [compiler CloudsSystem] Warning [0005.14] Compile of CloudsSystem successful, but with 2 Warning(s) [in 0 ms]
[2015.12.17-14.45.49:693][  0]LogBlueprint:Warning: [compiler CloudsSystem] Warning [0005.15] Compile of CloudsSystem successful, but with 3 Warning(s) [in 0 ms]
[2015.12.17-14.45.49:712][  0]LogBlueprint:Warning: [compiler CloudsSystem] Warning 'Item' is already a 'BP Sky Sphere', you don't need  Cast To BP_Sky_Sphere .
[2015.12.17-14.45.49:716][  0]LogBlueprint:Warning: [compiler CloudsSystem] Warning [0005.17] Compile of CloudsSystem successful, but with 1 Warning(s) [in 14 ms]
[2015.12.17-14.45.49:716][  0]LogBlueprint:Warning: [compiler CloudsSystem] Warning [0005.17] Compile of CloudsSystem successful, but with 2 Warning(s) [in 0 ms]
[2015.12.17-14.45.49:716][  0]LogBlueprint:Warning: [compiler CloudsSystem] Warning [0005.17] Compile of CloudsSystem successful, but with 3 Warning(s) [in 0 ms]
[2015.12.17-14.45.49:777][  0]LogBlueprint:Warning: [compiler SliderDayNight] Warning 'Item' is already a 'Directional Light Blueprint', you don't need  Cast To DirectionalLight_Blueprint .
[2015.12.17-14.45.49:782][  0]LogBlueprint:Warning: [compiler SliderDayNight] Warning [0005.24] Compile of SliderDayNight successful, but with 1 Warning(s) [in 14 ms]
[2015.12.17-14.45.49:782][  0]LogBlueprint:Warning: [compiler SliderDayNight] Warning [0005.24] Compile of SliderDayNight successful, but with 2 Warning(s) [in 0 ms]
[2015.12.17-14.45.49:782][  0]LogBlueprint:Warning: [compiler SliderDayNight] Warning [0005.24] Compile of SliderDayNight successful, but with 3 Warning(s) [in 0 ms]
[2015.12.17-14.45.49:797][  0]LogBlueprint:Warning: [compiler SliderDayNight] Warning 'Item' is already a 'Directional Light Blueprint', you don't need  Cast To DirectionalLight_Blueprint .
[2015.12.17-14.45.49:803][  0]LogBlueprint:Warning: [compiler SliderDayNight] Warning [0005.26] Compile of SliderDayNight successful, but with 1 Warning(s) [in 16 ms]
[2015.12.17-14.45.49:803][  0]LogBlueprint:Warning: [compiler SliderDayNight] Warning [0005.26] Compile of SliderDayNight successful, but with 2 Warning(s) [in 0 ms]
[2015.12.17-14.45.49:803][  0]LogBlueprint:Warning: [compiler SliderDayNight] Warning [0005.26] Compile of SliderDayNight successful, but with 3 Warning(s) [in 0 ms]
[2015.12.17-14.45.49:858][  0]LogBlueprint:Warning: [compiler TempSystem] Warning 'Item' is already a 'Sky Sphere for Weather', you don't need  Cast To SkySphereForWeather .
[2015.12.17-14.45.49:859][  0]LogBlueprint:Warning: [compiler TempSystem] Warning 'Item' is already a 'Directional Light Blueprint', you don't need  Cast To DirectionalLight_Blueprint .
[2015.12.17-14.45.49:862][  0]LogBlueprint:Warning: [compiler TempSystem] Warning [0005.32] Compile of TempSystem successful, but with 2 Warning(s) [in 13 ms]
[2015.12.17-14.45.49:862][  0]LogBlueprint:Warning: [compiler TempSystem] Warning [0005.32] Compile of TempSystem successful, but with 3 Warning(s) [in 0 ms]
[2015.12.17-14.45.49:862][  0]LogBlueprint:Warning: [compiler TempSystem] Warning [0005.32] Compile of TempSystem successful, but with 4 Warning(s) [in 0 ms]
[2015.12.17-14.45.49:876][  0]LogBlueprint:Warning: [compiler TempSystem] Warning 'Item' is already a 'Sky Sphere for Weather', you don't need  Cast To SkySphereForWeather .
[2015.12.17-14.45.49:877][  0]LogBlueprint:Warning: [compiler TempSystem] Warning 'Item' is already a 'Directional Light Blueprint', you don't need  Cast To DirectionalLight_Blueprint .
[2015.12.17-14.45.49:880][  0]LogBlueprint:Warning: [compiler TempSystem] Warning [0005.33] Compile of TempSystem successful, but with 2 Warning(s) [in 13 ms]
[2015.12.17-14.45.49:880][  0]LogBlueprint:Warning: [compiler TempSystem] Warning [0005.33] Compile of TempSystem successful, but with 3 Warning(s) [in 0 ms]
[2015.12.17-14.45.49:881][  0]LogBlueprint:Warning: [compiler TempSystem] Warning [0005.33] Compile of TempSystem successful, but with 4 Warning(s) [in 0 ms]
[2015.12.17-14.45.49:946][  0]LogBlueprint:Warning: [compiler Minimal_Default] Warning 'Item' is already a 'Directional Light Blueprint', you don't need  Cast To DirectionalLight_Blueprint .
[2015.12.17-14.45.49:946][  0]LogBlueprint:Warning: [compiler Minimal_Default] Warning 'Item' is already a 'Slider Day Night', you don't need  Cast To SliderDayNight .
[2015.12.17-14.45.49:948][  0]LogBlueprint:Warning: [compiler Minimal_Default] Warning [0005.40] Compile of Minimal_Default successful, but with 2 Warning(s) [in 4 ms]
[2015.12.17-14.45.49:948][  0]LogBlueprint:Warning: [compiler Minimal_Default] Warning [0005.40] Compile of Minimal_Default successful, but with 3 Warning(s) [in 0 ms]
[2015.12.17-14.45.49:948][  0]LogBlueprint:Warning: [compiler Minimal_Default] Warning [0005.40] Compile of Minimal_Default successful, but with 4 Warning(s) [in 0 ms]
[2015.12.17-14.45.49:953][  0]LogBlueprint:Warning: [compiler Minimal_Default] Warning 'Item' is already a 'Directional Light Blueprint', you don't need  Cast To DirectionalLight_Blueprint .
[2015.12.17-14.45.49:954][  0]LogBlueprint:Warning: [compiler Minimal_Default] Warning 'Item' is already a 'Slider Day Night', you don't need  Cast To SliderDayNight .
[2015.12.17-14.45.49:954][  0]LogBlueprint:Warning: [compiler Minimal_Default] Warning [0005.41] Compile of Minimal_Default successful, but with 2 Warning(s) [in 4 ms]
[2015.12.17-14.45.49:954][  0]LogBlueprint:Warning: [compiler Minimal_Default] Warning [0005.41] Compile of Minimal_Default successful, but with 3 Warning(s) [in 0 ms]
[2015.12.17-14.45.49:954][  0]LogBlueprint:Warning: [compiler Minimal_Default] Warning [0005.41] Compile of Minimal_Default successful, but with 4 Warning(s) [in 0 ms]
[2015.12.17-14.45.50:206][  0]LogAIModule: Creating AISystem for world Minimal_Default
[2015.12.17-14.45.50:213][  0]LogEditorServer: Finished looking for orphan Actors (0.000 secs)
[2015.12.17-14.45.50:213][  0]Cmd: MAP CHECKDEP NOCLEARLOG
[2015.12.17-14.45.50:261][  0]MapCheck: Info Map check complete: 0 Error(s), 0 Warning(s), took 47.502ms to complete.
[2015.12.17-14.45.50:261][  0]LogFileHelpers: Loading map 'Minimal_Default' took 1.072
[2015.12.17-14.45.50:320][  0]LogCollectionManager: Loaded 0 collections in 0.001745 seconds
[2015.12.17-14.45.50:359][  0]LogFileCache: Scanning file cache for directory 'C:/Users/KIWe1/Documents/GitHub/WeatherSystem/WeatherController/WeatherController/Saved/Collections/' took 0.01s
[2015.12.17-14.45.50:359][  0]LogFileCache: Scanning file cache for directory 'C:/Users/KIWe1/Documents/GitHub/WeatherSystem/WeatherController/WeatherController/Content/Developers/KIWe1/Collections/' took 0.01s
[2015.12.17-14.45.50:359][  0]LogFileCache: Scanning file cache for directory 'C:/Users/KIWe1/Documents/GitHub/WeatherSystem/WeatherController/WeatherController/Content/Collections/' took 0.01s
[2015.12.17-14.45.50:359][  0]LogContentBrowser: Native class hierarchy populated in 0.0063 seconds. Added 1867 classes and 333 folders.
[2015.12.17-14.45.50:365][  0]LogCollectionManager: Rebuilt the GUID cache for 0 collections in 0.000002 seconds
[2015.12.17-14.45.50:375][  0]LogContentBrowser: Native class hierarchy updated for 'WidgetCarousel' in 0.0003 seconds. Added 0 classes and 0 folders.
[2015.12.17-14.45.50:414][  0]LogContentBrowser: Native class hierarchy updated for 'AddContentDialog' in 0.0003 seconds. Added 0 classes and 0 folders.
[2015.12.17-14.45.50:448][  0]LogContentBrowser: Native class hierarchy updated for 'SceneOutliner' in 0.0003 seconds. Added 1 classes and 2 folders.
[2015.12.17-14.45.50:474][  0]LogCrashTracker: Crashtracker disabled due to settings.
[2015.12.17-14.45.50:481][  0]LogUObjectGlobals:Warning: Failed to find object 'Class None.'
[2015.12.17-14.45.50:503][  0]LogLoad: Full Startup: 5.96 seconds (BP compile: 0.29 seconds)
[2015.12.17-14.45.50:563][  0]LogContentStreaming: Texture pool size now 1000 MB
[2015.12.17-14.45.50:706][  0]LogRenderer: Reallocating scene render targets to support 724x744 (Frame:2).
[2015.12.17-14.45.50:970][  7]LogAssetRegistry: Asset discovery search completed in 2.6829 seconds
[2015.12.17-14.45.50:971][  7]LogCollectionManager: Rebuilt the object cache for 0 collections in 0.000000 seconds (found 0 objects)
[2015.12.17-14.45.50:971][  7]LogCollectionManager: Fixed up redirectors for 0 collections in 0.000020 seconds (updated 0 objects)
[2015.12.17-14.45.57:365][765]SourceControl:Error: Error Failed to enable Git source control. You need to initialize the project as a Git repository first.
[2015.12.17-14.46.03:447][471]SourceControl: Info Source control is disabled
[2015.12.17-14.46.04:495][580]LogWindowsTextInputMethodSystem:Display: IME system now deactivated.
[2015.12.17-14.46.04:745][581]Cmd: QUIT_EDITOR
[2015.12.17-14.46.04:994][581]LogExit: Preparing to exit.
[2015.12.17-14.46.05:290][581]LogExit: Editor shut down
[2015.12.17-14.46.05:290][581]LogExit: Transaction tracking system shut down
[2015.12.17-14.46.05:292][581]LogParticles: Destroying 0 GPU particle simulations for FXSystem 0x00000083E5A63880
[2015.12.17-14.46.05:292][581]LogParticles: Destroying 0 GPU particle simulations for FXSystem 0x00000083EF3F4F40
[2015.12.17-14.46.05:292][581]LogParticles: Destroying 0 GPU particle simulations for FXSystem 0x00000083F09B9D00
[2015.12.17-14.46.05:292][581]LogParticles: Destroying 0 GPU particle simulations for FXSystem 0x00000083F4663880
[2015.12.17-14.46.05:293][581]LogParticles: Destroying 0 GPU particle simulations for FXSystem 0x00000083F46639C0
[2015.12.17-14.46.05:421][581]LogExit: Object subsystem successfully closed.
[2015.12.17-14.46.05:437][581]LogD3D11RHI: Shutdown
[2015.12.17-14.46.05:437][581]LogD3D11RHI: CleanupD3DDevice
[2015.12.17-14.46.05:474][581]LogD3D11RHI: ~FD3D11DynamicRHI
[2015.12.17-14.46.05:492][581]LogModuleManager: Shutting down and abandoning module CrashTracker (197)
[2015.12.17-14.46.05:492][581]LogModuleManager: Shutting down and abandoning module SceneOutliner (196)
[2015.12.17-14.46.05:492][581]LogModuleManager: Shutting down and abandoning module SuperSearch (195)
[2015.12.17-14.46.05:492][581]LogModuleManager: Shutting down and abandoning module WidgetCarousel (194)
[2015.12.17-14.46.05:492][581]LogModuleManager: Shutting down and abandoning module AddContentDialog (193)
[2015.12.17-14.46.05:493][581]LogModuleManager: Shutting down and abandoning module EditorWidgets (192)
[2015.12.17-14.46.05:493][581]LogModuleManager: Shutting down and abandoning module CollectionManager (191)
[2015.12.17-14.46.05:493][581]LogModuleManager: Shutting down and abandoning module StatsViewer (190)
[2015.12.17-14.46.05:493][581]LogModuleManager: Shutting down and abandoning module FoliageEdit (189)
[2015.12.17-14.46.05:493][581]LogModuleManager: Shutting down and abandoning module LandscapeEditor (188)
[2015.12.17-14.46.05:493][581]LogModuleManager: Shutting down and abandoning module ActorPickerMode (187)
[2015.12.17-14.46.05:493][581]LogModuleManager: Shutting down and abandoning module GeometryMode (186)
[2015.12.17-14.46.05:493][581]LogModuleManager: Shutting down and abandoning module TextureAlignMode (185)
[2015.12.17-14.46.05:493][581]LogModuleManager: Shutting down and abandoning module BspMode (184)
[2015.12.17-14.46.05:493][581]LogModuleManager: Shutting down and abandoning module PlacementMode (183)
[2015.12.17-14.46.05:493][581]LogModuleManager: Shutting down and abandoning module AutomationWorker (182)
[2015.12.17-14.46.05:493][581]LogModuleManager: Shutting down and abandoning module CharacterAI (181)
[2015.12.17-14.46.05:493][581]LogModuleManager: Shutting down and abandoning module SmartSnapping (180)
[2015.12.17-14.46.05:493][581]LogModuleManager: Shutting down and abandoning module ViewportSnapping (179)
[2015.12.17-14.46.05:493][581]LogModuleManager: Shutting down and abandoning module LogVisualizer (178)
[2015.12.17-14.46.05:493][581]LogModuleManager: Shutting down and abandoning module GameProjectGeneration (177)
[2015.12.17-14.46.05:493][581]LogModuleManager: Shutting down and abandoning module IntroTutorials (176)
[2015.12.17-14.46.05:493][581]LogModuleManager: Shutting down and abandoning module EditorLiveStreaming (175)
[2015.12.17-14.46.05:493][581]LogModuleManager: Shutting down and abandoning module IOSPlatformEditor (174)
[2015.12.17-14.46.05:493][581]LogModuleManager: Shutting down and abandoning module HTML5PlatformEditor (173)
[2015.12.17-14.46.05:493][581]LogModuleManager: Shutting down and abandoning module AndroidDeviceDetection (172)
[2015.12.17-14.46.06:020][581]LogModuleManager: Shutting down and abandoning module AndroidPlatformEditor (171)
[2015.12.17-14.46.06:020][581]LogModuleManager: Shutting down and abandoning module IOSRuntimeSettings (170)
[2015.12.17-14.46.06:020][581]LogModuleManager: Shutting down and abandoning module AndroidRuntimeSettings (169)
[2015.12.17-14.46.06:020][581]LogModuleManager: Shutting down and abandoning module MergeActors (168)
[2015.12.17-14.46.06:020][581]LogModuleManager: Shutting down and abandoning module SizeMap (167)
[2015.12.17-14.46.06:020][581]LogModuleManager: Shutting down and abandoning module TreeMap (166)
[2015.12.17-14.46.06:020][581]LogModuleManager: Shutting down and abandoning module ReferenceViewer (165)
[2015.12.17-14.46.06:020][581]LogModuleManager: Shutting down and abandoning module LocalizationService (164)
[2015.12.17-14.46.06:020][581]LogModuleManager: Shutting down and abandoning module LocalizationDashboard (163)
[2015.12.17-14.46.06:020][581]LogModuleManager: Shutting down and abandoning module HardwareTargeting (162)
[2015.12.17-14.46.06:020][581]LogModuleManager: Shutting down and abandoning module DeviceProfileEditor (161)
[2015.12.17-14.46.06:020][581]LogModuleManager: Shutting down and abandoning module UndoHistory (160)
[2015.12.17-14.46.06:020][581]LogModuleManager: Shutting down and abandoning module GameplayTagsEditor (159)
[2015.12.17-14.46.06:020][581]LogModuleManager: Shutting down and abandoning module UserFeedback (158)
[2015.12.17-14.46.06:020][581]LogModuleManager: Shutting down and abandoning module XmlParser (157)
[2015.12.17-14.46.06:020][581]LogModuleManager: Shutting down and abandoning module Blutility (156)
[2015.12.17-14.46.06:020][581]LogModuleManager: Shutting down and abandoning module ProjectTargetPlatformEditor (155)
[2015.12.17-14.46.06:020][581]LogModuleManager: Shutting down and abandoning module ProjectSettingsViewer (154)
[2015.12.17-14.46.06:020][581]LogModuleManager: Shutting down and abandoning module InputBindingEditor (153)
[2015.12.17-14.46.06:020][581]LogModuleManager: Shutting down and abandoning module EditorSettingsViewer (152)
[2015.12.17-14.46.06:020][581]LogModuleManager: Shutting down and abandoning module SettingsEditor (151)
[2015.12.17-14.46.06:020][581]LogModuleManager: Shutting down and abandoning module ProjectLauncher (150)
[2015.12.17-14.46.06:020][581]LogModuleManager: Shutting down and abandoning module SessionFrontend (149)
[2015.12.17-14.46.06:020][581]LogModuleManager: Shutting down and abandoning module ProfilerClient (148)
[2015.12.17-14.46.06:020][581]LogModuleManager: Shutting down and abandoning module TargetDeviceServices (147)
[2015.12.17-14.46.06:020][581]LogModuleManager: Shutting down and abandoning module DeviceManager (146)
[2015.12.17-14.46.06:020][581]LogModuleManager: Shutting down and abandoning module AutomationController (145)
[2015.12.17-14.46.06:020][581]LogModuleManager: Shutting down and abandoning module AutomationWindow (144)
[2015.12.17-14.46.06:020][581]LogModuleManager: Shutting down and abandoning module Layers (143)
[2015.12.17-14.46.06:020][581]LogModuleManager: Shutting down and abandoning module ComponentVisualizers (142)
[2015.12.17-14.46.06:020][581]LogModuleManager: Shutting down and abandoning module DetailCustomizations (141)
[2015.12.17-14.46.06:020][581]LogModuleManager: Shutting down and abandoning module PackagesDialog (140)
[2015.12.17-14.46.06:020][581]LogModuleManager: Shutting down and abandoning module Persona (139)
[2015.12.17-14.46.06:020][581]LogModuleManager: Shutting down and abandoning module Kismet (138)
[2015.12.17-14.46.06:020][581]LogModuleManager: Shutting down and abandoning module GraphEditor (137)
[2015.12.17-14.46.06:020][581]LogModuleManager: Shutting down and abandoning module ClassViewer (136)
[2015.12.17-14.46.06:020][581]LogModuleManager: Shutting down and abandoning module Toolbox (135)
[2015.12.17-14.46.06:020][581]LogModuleManager: Shutting down and abandoning module ModuleUI (134)
[2015.12.17-14.46.06:020][581]LogModuleManager: Shutting down and abandoning module MovieSceneTools (133)
[2015.12.17-14.46.06:021][581]LogModuleManager: Shutting down and abandoning module OutputLog (132)
[2015.12.17-14.46.06:021][581]LogModuleManager: Shutting down and abandoning module GammaUI (131)
[2015.12.17-14.46.06:021][581]LogModuleManager: Shutting down and abandoning module Documentation (130)
[2015.12.17-14.46.06:021][581]LogModuleManager: Shutting down and abandoning module GameLiveStreaming (129)
[2015.12.17-14.46.06:021][581]LogModuleManager: Shutting down and abandoning module StreamingPauseRendering (128)
[2015.12.17-14.46.06:021][581]LogModuleManager: Shutting down and abandoning module AnalyticsET (127)
[2015.12.17-14.46.06:021][581]LogModuleManager: Shutting down and abandoning module Analytics (126)
[2015.12.17-14.46.06:021][581]LogModuleManager: Shutting down and abandoning module AITestSuite (125)
[2015.12.17-14.46.06:021][581]LogModuleManager: Shutting down and abandoning module GameplayDebugger (124)
[2015.12.17-14.46.06:021][581]LogModuleManager: Shutting down and abandoning module AIModule (123)
[2015.12.17-14.46.06:021][581]LogModuleManager: Shutting down and abandoning module ProfilerService (122)
[2015.12.17-14.46.06:175][581]LogModuleManager: Shutting down and abandoning module TaskGraph (121)
[2015.12.17-14.46.06:175][581]LogModuleManager: Shutting down and abandoning module SlateRemote (120)
[2015.12.17-14.46.06:175][581]LogModuleManager: Shutting down and abandoning module SteamVRController (119)
[2015.12.17-14.46.06:175][581]LogModuleManager: Shutting down and abandoning module SteamVR (118)
[2015.12.17-14.46.06:175][581]LogModuleManager: Shutting down and abandoning module ProceduralMeshComponent (117)
[2015.12.17-14.46.06:175][581]LogModuleManager: Shutting down and abandoning module OculusRift (116)
[2015.12.17-14.46.06:175][581]LogModuleManager: Shutting down and abandoning module OculusLibrary (115)
[2015.12.17-14.46.06:175][581]LogModuleManager: Shutting down and abandoning module LeapMotionController (114)
[2015.12.17-14.46.06:194][581]LogModuleManager: Shutting down and abandoning module CustomMeshComponent (113)
[2015.12.17-14.46.06:194][581]LogModuleManager: Shutting down and abandoning module CableComponent (112)
[2015.12.17-14.46.06:194][581]LogModuleManager: Shutting down and abandoning module ArchVisCharacter (111)
[2015.12.17-14.46.06:194][581]LogModuleManager: Shutting down and abandoning module MessagingDebugger (110)
[2015.12.17-14.46.06:194][581]LogModuleManager: Shutting down and abandoning module MediaPlayerEditor (109)
[2015.12.17-14.46.06:194][581]LogModuleManager: Shutting down and abandoning module HTML5Networking (108)
[2015.12.17-14.46.06:194][581]LogModuleManager: Shutting down and abandoning module SpeedTreeImporter (107)
[2015.12.17-14.46.06:194][581]LogModuleManager: Shutting down and abandoning module PluginBrowser (106)
[2015.12.17-14.46.06:194][581]LogModuleManager: Shutting down and abandoning module EpicSurvey (105)
[2015.12.17-14.46.06:194][581]LogModuleManager: Shutting down and abandoning module DesktopPlatform (104)
[2015.12.17-14.46.06:194][581]LogModuleManager: Shutting down and abandoning module VisualStudioSourceCodeAccess (103)
[2015.12.17-14.46.06:194][581]LogModuleManager: Shutting down and abandoning module UObjectPlugin (102)
[2015.12.17-14.46.06:194][581]LogModuleManager: Shutting down and abandoning module SubversionSourceControl (101)
[2015.12.17-14.46.06:194][581]LogModuleManager: Shutting down and abandoning module PerforceSourceControl (100)
[2015.12.17-14.46.06:194][581]LogModuleManager: Shutting down and abandoning module SourceControl (99)
[2015.12.17-14.46.06:194][581]LogModuleManager: Shutting down and abandoning module GitSourceControl (98)
[2015.12.17-14.46.06:194][581]LogModuleManager: Shutting down and abandoning module LightPropagationVolumeEditor (97)
[2015.12.17-14.46.06:194][581]LogModuleManager: Shutting down and abandoning module PaperTiledImporter (96)
[2015.12.17-14.46.06:194][581]LogModuleManager: Shutting down and abandoning module PaperSpriteSheetImporter (95)
[2015.12.17-14.46.06:194][581]LogModuleManager: Shutting down and abandoning module MeshPaint (94)
[2015.12.17-14.46.06:194][581]LogModuleManager: Shutting down and abandoning module SlateReflector (93)
[2015.12.17-14.46.06:194][581]LogModuleManager: Shutting down and abandoning module HotReload (92)
[2015.12.17-14.46.06:194][581]LogModuleManager: Shutting down and abandoning module MainFrame (91)
[2015.12.17-14.46.06:194][581]LogModuleManager: Shutting down and abandoning module LevelEditor (90)
[2015.12.17-14.46.06:195][581]LogModuleManager: Shutting down and abandoning module DirectoryWatcher (89)
[2015.12.17-14.46.06:196][581]LogModuleManager: Shutting down and abandoning module AssetRegistry (88)
[2015.12.17-14.46.06:284][581]LogModuleManager: Shutting down and abandoning module ContentBrowser (87)
[2015.12.17-14.46.06:285][581]LogModuleManager: Shutting down and abandoning module Paper2DEditor (86)
[2015.12.17-14.46.06:285][581]LogModuleManager: Shutting down and abandoning module UdpMessaging (85)
[2015.12.17-14.46.06:386][581]LogModuleManager: Shutting down and abandoning module LightPropagationVolumeRuntime (84)
[2015.12.17-14.46.06:386][581]LogModuleManager: Shutting down and abandoning module Paper2D (83)
[2015.12.17-14.46.06:386][581]LogModuleManager: Shutting down and abandoning module WindowsMoviePlayer (82)
[2015.12.17-14.46.06:388][581]LogModuleManager: Shutting down and abandoning module Media (81)
[2015.12.17-14.46.06:388][581]LogModuleManager: Shutting down and abandoning module WmfMedia (80)
[2015.12.17-14.46.06:388][581]LogModuleManager: Shutting down and abandoning module OnlineBlueprintSupport (79)
[2015.12.17-14.46.06:388][581]LogModuleManager: Shutting down and abandoning module GameplayTasksEditor (78)
[2015.12.17-14.46.06:388][581]LogModuleManager: Shutting down and abandoning module PropertyEditor (77)
[2015.12.17-14.46.06:388][581]LogModuleManager: Shutting down and abandoning module BehaviorTreeEditor (76)
[2015.12.17-14.46.06:388][581]LogModuleManager: Shutting down and abandoning module FunctionalTesting (75)
[2015.12.17-14.46.06:388][581]LogModuleManager: Shutting down and abandoning module CollisionAnalyzer (74)
[2015.12.17-14.46.06:388][581]LogModuleManager: Shutting down and abandoning module WorkspaceMenuStructure (73)
[2015.12.17-14.46.06:388][581]LogModuleManager: Shutting down and abandoning module MessageLog (72)
[2015.12.17-14.46.06:388][581]LogModuleManager: Shutting down and abandoning module Sequencer (71)
[2015.12.17-14.46.06:388][581]LogModuleManager: Shutting down and abandoning module AssetTools (70)
[2015.12.17-14.46.06:388][581]LogModuleManager: Shutting down and abandoning module UMGEditor (69)
[2015.12.17-14.46.06:388][581]LogModuleManager: Shutting down and abandoning module UMG (68)
[2015.12.17-14.46.06:388][581]LogModuleManager: Shutting down and abandoning module Slate (67)
[2015.12.17-14.46.06:388][581]LogModuleManager: Shutting down and abandoning module EditorStyle (66)
[2015.12.17-14.46.06:390][581]LogModuleManager: Shutting down and abandoning module SessionServices (65)
[2015.12.17-14.46.06:390][581]LogModuleManager: Shutting down and abandoning module SourceCodeAccess (64)
[2015.12.17-14.46.06:390][581]LogModuleManager: Shutting down and abandoning module HeadMountedDisplay (63)
[2015.12.17-14.46.06:390][581]LogModuleManager: Shutting down and abandoning module XAudio2 (62)
[2015.12.17-14.46.06:390][581]LogModuleManager: Shutting down and abandoning module Networking (60)
[2015.12.17-14.46.06:390][581]LogModuleManager: Shutting down and abandoning module Core (59)
[2015.12.17-14.46.06:390][581]LogModuleManager: Shutting down and abandoning module KismetCompiler (58)
[2015.12.17-14.46.06:390][581]LogModuleManager: Shutting down and abandoning module PhysXFormats (57)
[2015.12.17-14.46.06:390][581]LogModuleManager: Shutting down and abandoning module MeshUtilities (56)
[2015.12.17-14.46.06:390][581]LogModuleManager: Shutting down and abandoning module CookingStats (55)
[2015.12.17-14.46.06:390][581]LogModuleManager: Shutting down and abandoning module DerivedDataCache (54)
[2015.12.17-14.46.06:641][581]LogDerivedDataCache: Shutdown
[2015.12.17-14.46.06:641][581]LogModuleManager: Shutting down and abandoning module ShaderFormatOpenGL (53)
[2015.12.17-14.46.06:641][581]LogModuleManager: Shutting down and abandoning module ShaderFormatD3D (52)
[2015.12.17-14.46.06:641][581]LogModuleManager: Shutting down and abandoning module MetalShaderFormat (51)
[2015.12.17-14.46.06:641][581]LogModuleManager: Shutting down and abandoning module TextureFormatUncompressed (50)
[2015.12.17-14.46.06:641][581]LogModuleManager: Shutting down and abandoning module TextureFormatPVR (49)
[2015.12.17-14.46.06:641][581]LogModuleManager: Shutting down and abandoning module TextureFormatIntelISPCTexComp (48)
[2015.12.17-14.46.06:641][581]LogModuleManager: Shutting down and abandoning module TextureFormatDXT (47)
[2015.12.17-14.46.06:641][581]LogModuleManager: Shutting down and abandoning module ImageWrapper (46)
[2015.12.17-14.46.06:641][581]LogModuleManager: Shutting down and abandoning module TextureFormatASTC (45)
[2015.12.17-14.46.06:641][581]LogModuleManager: Shutting down and abandoning module TextureFormatAndroid (44)
[2015.12.17-14.46.06:641][581]LogModuleManager: Shutting down and abandoning module AudioFormatOpus (43)
[2015.12.17-14.46.06:641][581]LogModuleManager: Shutting down and abandoning module AudioFormatOgg (42)
[2015.12.17-14.46.06:641][581]LogModuleManager: Shutting down and abandoning module AudioFormatADPCM (41)
[2015.12.17-14.46.06:641][581]LogModuleManager: Shutting down and abandoning module LinuxTargetPlatform (40)
[2015.12.17-14.46.06:641][581]LogModuleManager: Shutting down and abandoning module LinuxServerTargetPlatform (39)
[2015.12.17-14.46.06:641][581]LogModuleManager: Shutting down and abandoning module LinuxNoEditorTargetPlatform (38)
[2015.12.17-14.46.06:641][581]LogModuleManager: Shutting down and abandoning module Messaging (37)
[2015.12.17-14.46.06:641][581]LogModuleManager: Shutting down and abandoning module IOSTargetPlatform (36)
[2015.12.17-14.46.06:641][581]LogModuleManager: Shutting down and abandoning module HTML5TargetPlatform (35)
[2015.12.17-14.46.06:641][581]LogModuleManager: Shutting down and abandoning module Android_PVRTCTargetPlatform (34)
[2015.12.17-14.46.06:641][581]LogModuleManager: Shutting down and abandoning module Android_ETC2TargetPlatform (33)
[2015.12.17-14.46.06:641][581]LogModuleManager: Shutting down and abandoning module Android_ETC1TargetPlatform (32)
[2015.12.17-14.46.06:641][581]LogModuleManager: Shutting down and abandoning module Android_DXTTargetPlatform (31)
[2015.12.17-14.46.06:641][581]LogModuleManager: Shutting down and abandoning module Android_ATCTargetPlatform (30)
[2015.12.17-14.46.06:641][581]LogModuleManager: Shutting down and abandoning module Android_ASTCTargetPlatform (29)
[2015.12.17-14.46.06:641][581]LogModuleManager: Shutting down and abandoning module AndroidTargetPlatform (28)
[2015.12.17-14.46.06:641][581]LogModuleManager: Shutting down and abandoning module WindowsTargetPlatform (27)
[2015.12.17-14.46.06:641][581]LogModuleManager: Shutting down and abandoning module WindowsServerTargetPlatform (26)
[2015.12.17-14.46.06:641][581]LogModuleManager: Shutting down and abandoning module WindowsNoEditorTargetPlatform (25)
[2015.12.17-14.46.06:641][581]LogModuleManager: Shutting down and abandoning module WindowsClientTargetPlatform (24)
[2015.12.17-14.46.06:641][581]LogModuleManager: Shutting down and abandoning module AllDesktopTargetPlatform (23)
[2015.12.17-14.46.06:641][581]LogModuleManager: Shutting down and abandoning module TargetPlatform (22)
[2015.12.17-14.46.06:641][581]LogModuleManager: Shutting down and abandoning module InputCore (21)
[2015.12.17-14.46.06:641][581]LogModuleManager: Shutting down and abandoning module Settings (20)
[2015.12.17-14.46.06:641][581]LogModuleManager: Shutting down and abandoning module OnlineSubsystem (18)
[2015.12.17-14.46.06:641][581]LogModuleManager: Shutting down and abandoning module HTTP (17)
[2015.12.17-14.46.08:645][581]LogModuleManager: Shutting down and abandoning module XMPP (16)
[2015.12.17-14.46.08:645][581]LogModuleManager: Shutting down and abandoning module ExampleDeviceProfileSelector (15)
[2015.12.17-14.46.08:645][581]LogModuleManager: Shutting down and abandoning module TextureCompressor (14)
[2015.12.17-14.46.08:645][581]LogModuleManager: Shutting down and abandoning module ShaderCore (13)
[2015.12.17-14.46.08:645][581]LogModuleManager: Shutting down and abandoning module Landscape (12)
[2015.12.17-14.46.08:645][581]LogModuleManager: Shutting down and abandoning module SlateRHIRenderer (11)
[2015.12.17-14.46.08:646][581]LogModuleManager: Shutting down and abandoning module OpenGLDrv (10)
[2015.12.17-14.46.08:646][581]LogModuleManager: Shutting down and abandoning module D3D11RHI (9)
[2015.12.17-14.46.08:646][581]LogModuleManager: Shutting down and abandoning module AnimGraphRuntime (8)
[2015.12.17-14.46.08:646][581]LogModuleManager: Shutting down and abandoning module Renderer (7)
[2015.12.17-14.46.08:646][581]LogModuleManager: Shutting down and abandoning module Engine (6)
[2015.12.17-14.46.08:646][581]LogModuleManager: Shutting down and abandoning module CoreUObject (5)
[2015.12.17-14.46.08:646][581]LogModuleManager: Shutting down and abandoning module NetworkFile (4)
[2015.12.17-14.46.08:646][581]LogModuleManager: Shutting down and abandoning module StreamingFile (3)
[2015.12.17-14.46.08:646][581]LogModuleManager: Shutting down and abandoning module SandboxFile (2)
[2015.12.17-14.46.08:646][581]LogModuleManager: Shutting down and abandoning module PakFile (1)
[2015.12.17-14.46.08:646][581]LogExit: Exiting.
[2015.12.17-14.46.08:648][581]Log file closed, 12/17/15 14:46:08
