[2015.12.17-10.16.09:782][  0]Log file open, 12/17/15 10:16:09
[2015.12.17-10.16.09:782][  0]LogInit:Display: Running engine for game: WeatherController
[2015.12.17-10.16.09:782][  0]LogInit:Display: RandInit(1545077813) SRandInit(1545077813).
[2015.12.17-10.16.09:782][  0]LogTaskGraph: Started task graph with 4 named threads and 7 total threads.
[2015.12.17-10.16.09:782][  0]LogStats: Stats thread started at 0.065045
[2015.12.17-10.16.09:782][  0]LogInit: Version: 4.9.2-2707645+++depot+UE4-Releases+4.9
[2015.12.17-10.16.09:782][  0]LogInit: API Version: 2672455
[2015.12.17-10.16.09:782][  0]LogInit: Compiled (64-bit): Sep 28 2015 10:25:44
[2015.12.17-10.16.09:782][  0]LogInit: Compiled with Visual C++: 18.00.21005.01
[2015.12.17-10.16.09:782][  0]LogInit: Build Configuration: Development
[2015.12.17-10.16.09:782][  0]LogInit: Branch Name: ++depot+UE4-Releases+4.9
[2015.12.17-10.16.09:782][  0]LogInit: Command line:  
[2015.12.17-10.16.09:782][  0]LogInit: Base directory: D:/UE4/Epic Games/4.9/Engine/Binaries/Win64/
[2015.12.17-10.16.09:782][  0]LogInit: Rocket: 1
[2015.12.17-10.16.09:860][  0]LogInit: Using libcurl 7.41.0
[2015.12.17-10.16.09:860][  0]LogInit:  - built for x86_64-pc-win32
[2015.12.17-10.16.09:860][  0]LogInit:  - supports SSL with WinSSL
[2015.12.17-10.16.09:860][  0]LogInit:  - other features:
[2015.12.17-10.16.09:860][  0]LogInit:      CURL_VERSION_SSL
[2015.12.17-10.16.09:860][  0]LogInit:      CURL_VERSION_IPV6
[2015.12.17-10.16.09:860][  0]LogInit:      CURL_VERSION_ASYNCHDNS
[2015.12.17-10.16.09:860][  0]LogInit:      CURL_VERSION_LARGEFILE
[2015.12.17-10.16.09:860][  0]LogInit:      CURL_VERSION_IDN
[2015.12.17-10.16.09:860][  0]LogInit:  CurlRequestOptions (configurable via config and command line):
[2015.12.17-10.16.09:860][  0]LogInit:  - bVerifyPeer = true  - Libcurl will verify peer certificate
[2015.12.17-10.16.09:860][  0]LogInit:  - bUseHttpProxy = false  - Libcurl will NOT use HTTP proxy
[2015.12.17-10.16.09:860][  0]LogInit:  - bDontReuseConnections = false  - Libcurl will reuse connections
[2015.12.17-10.16.09:860][  0]LogInit:  - CertBundlePath = nullptr  - Libcurl will use whatever was configured at build time.
[2015.12.17-10.16.09:874][  0]LogInit: Presizing for 0 objects not considered by GC, pre-allocating 0 bytes.
[2015.12.17-10.16.09:881][  0]LogInit: Object subsystem initialized
[2015.12.17-10.16.09:884][  0]LogInit: Selected Device Profile: [Windows]
[2015.12.17-10.16.09:884][  0]LogInit: Applying CVar settings loaded from the selected device profile: [Windows]
[2015.12.17-10.16.09:934][  0]LogInit: Computer: DC017913
[2015.12.17-10.16.09:934][  0]LogInit: User: 712191
[2015.12.17-10.16.09:934][  0]LogInit: CPU Page size=4096, Cores=4
[2015.12.17-10.16.09:934][  0]LogInit: High frequency timer resolution =3.410146 MHz
[2015.12.17-10.16.09:934][  0]LogMemory: Memory total: Physical=7.9GB (8GB approx)
[2015.12.17-10.16.09:934][  0]LogMemory: Platform Memory Stats for Windows
[2015.12.17-10.16.09:934][  0]LogMemory: Process Physical Memory: 53.85 MB used, 53.85 MB peak
[2015.12.17-10.16.09:934][  0]LogMemory: Process Virtual Memory: 58.55 MB used, 58.55 MB peak
[2015.12.17-10.16.09:934][  0]LogMemory: Physical Memory: 5513.88 MB used, 8109.19 MB total
[2015.12.17-10.16.09:934][  0]LogMemory: Virtual Memory: 340.13 MB used, 8388608.00 MB total
[2015.12.17-10.16.09:976][  0]LogTextLocalizationManager: No specific translations for ('en-GB') exist, so ('en') translations will be used.
[2015.12.17-10.16.10:505][  0]LogD3D11RHI: Found D3D11 adapter 0: NVIDIA GeForce GTX 750 Ti (Feature Level 11_0)
[2015.12.17-10.16.10:505][  0]LogD3D11RHI: Adapter has 1974MB of dedicated video memory, 0MB of dedicated system memory, and 2048MB of shared system memory, 1 output[s]
[2015.12.17-10.16.10:505][  0]LogD3D11RHI: Chosen D3D11 Adapter Id = 0
[2015.12.17-10.16.10:510][  0]LogD3D11RHI: !Direct3DDevice
[2015.12.17-10.16.10:510][  0]LogRHI: Texture pool is 1361 MB (70% of 1945 MB)
[2015.12.17-10.16.10:517][  0]LogD3D11RHI: Async texture creation enabled
[2015.12.17-10.16.10:531][  0]LogShaderCompilers: Guid format shader working directory is 15 characters bigger than the processId version (E:/all/UE TEST STORAGE/WeatherController/WeatherController/Intermediate/Shaders/WorkingDirectory/7536/).
[2015.12.17-10.16.10:532][  0]LogShaderCompilers: Cleaned the shader compiler working directory 'E:/all/UE TEST STORAGE/WeatherController/WeatherController/Intermediate/Shaders/tmp/C61CFBCE4828B04CC49ACCB6E64B4643/'.
[2015.12.17-10.16.10:532][  0]LogShaderCompilers:Display: Using Local Shader Compiler.
[2015.12.17-10.16.11:382][  0]LogTemp:Display: Loaded TP AllDesktopTargetPlatform
[2015.12.17-10.16.11:386][  0]LogTemp:Display: Loaded TP WindowsClientTargetPlatform
[2015.12.17-10.16.11:391][  0]LogTemp:Display: Loaded TP WindowsNoEditorTargetPlatform
[2015.12.17-10.16.11:395][  0]LogTemp:Display: Loaded TP WindowsServerTargetPlatform
[2015.12.17-10.16.11:399][  0]LogTemp:Display: Loaded TP WindowsTargetPlatform
[2015.12.17-10.16.11:402][  0]LogTemp:Display: Loaded TP AndroidTargetPlatform
[2015.12.17-10.16.11:404][  0]LogTemp:Display: Loaded TP Android_ASTCTargetPlatform
[2015.12.17-10.16.11:407][  0]LogTemp:Display: Loaded TP Android_ATCTargetPlatform
[2015.12.17-10.16.11:410][  0]LogTemp:Display: Loaded TP Android_DXTTargetPlatform
[2015.12.17-10.16.11:413][  0]LogTemp:Display: Loaded TP Android_ETC1TargetPlatform
[2015.12.17-10.16.11:416][  0]LogTemp:Display: Loaded TP Android_ETC2TargetPlatform
[2015.12.17-10.16.11:419][  0]LogTemp:Display: Loaded TP Android_PVRTCTargetPlatform
[2015.12.17-10.16.11:420][  0]LogTemp:Display: Loaded TP HTML5TargetPlatform
[2015.12.17-10.16.11:435][  0]LogTemp:Display: Loaded TP IOSTargetPlatform
[2015.12.17-10.16.11:437][  0]LogTemp:Display: Loaded TP LinuxNoEditorTargetPlatform
[2015.12.17-10.16.11:440][  0]LogTemp:Display: Loaded TP LinuxServerTargetPlatform
[2015.12.17-10.16.11:443][  0]LogTemp:Display: Loaded TP LinuxTargetPlatform
[2015.12.17-10.16.11:443][  0]LogTargetPlatformManager:Display: Building Assets For Windows
[2015.12.17-10.16.11:503][  0]LogDerivedDataCache:Display: Max Cache Size: 512 MB
[2015.12.17-10.16.11:543][  0]LogDerivedDataCache: Loaded boot cache 0.04s 41MB C:/Users/712191/AppData/Local/UnrealEngine/4.9/DerivedDataCache/Boot.ddc.
[2015.12.17-10.16.11:543][  0]LogDerivedDataCache:Display: Loaded Boot cache: C:/Users/712191/AppData/Local/UnrealEngine/4.9/DerivedDataCache/Boot.ddc
[2015.12.17-10.16.11:543][  0]LogDerivedDataCache: FDerivedDataBackendGraph:  Pak pak cache file E:/all/UE TEST STORAGE/WeatherController/WeatherController/DerivedDataCache/DDC.ddp not found, will not use a pak cache.
[2015.12.17-10.16.11:543][  0]LogDerivedDataCache: Unable to find inner node Pak for hierarchical cache Hierarchy.
[2015.12.17-10.16.11:543][  0]LogDerivedDataCache: FDerivedDataBackendGraph:  CompressedPak pak cache file E:/all/UE TEST STORAGE/WeatherController/WeatherController/DerivedDataCache/Compressed.ddp not found, will not use a pak cache.
[2015.12.17-10.16.11:543][  0]LogDerivedDataCache: Unable to find inner node CompressedPak for hierarchical cache Hierarchy.
[2015.12.17-10.16.11:662][  0]LogDerivedDataCache:Display: Pak cache opened for reading ../../../Engine/DerivedDataCache/Compressed.ddp.
[2015.12.17-10.16.11:673][  0]LogDerivedDataCache: Using Local data cache path C:/Users/712191/AppData/Local/UnrealEngine/Common/DerivedDataCache: Writable
[2015.12.17-10.16.11:837][  0]LogInit: Selected Device Profile: [Windows]
[2015.12.17-10.16.11:838][  0]LogContentStreaming: Texture pool size is 0.000000MB
[2015.12.17-10.16.11:859][  0]LogMeshUtilities: No automatic mesh reduction module available
[2015.12.17-10.16.11:859][  0]LogMeshUtilities: No automatic mesh merging module available
[2015.12.17-10.16.12:181][  0]LogInit: WinSock: version 1.1 (2.2), MaxSocks=32767, MaxUdp=65467
[2015.12.17-10.16.14:304][  0]UdpMessaging: Initializing bridge on interface 0.0.0.0:0 to multicast group 230.0.0.1:6666.
[2015.12.17-10.16.14:573][  0]LogAssetRegistry: FAssetRegistry took 0.0101 seconds to start up
[2015.12.17-10.16.14:837][  0]SourceControl: Info Source control is disabled
[2015.12.17-10.16.14:837][  0]SourceControl: Info Source control is disabled
[2015.12.17-10.16.14:844][  0]SourceControl: Info Source control is disabled
[2015.12.17-10.16.14:851][  0]SourceControl: Info Source control is disabled
[2015.12.17-10.16.14:969][  0]LogLinker:Warning: Asset '../../../Engine/Plugins/Runtime/LeapMotionController/Content/LM_PassthroughMaterial.uasset' has been saved with empty engine version. The asset will be loaded but may be incompatible.
[2015.12.17-10.16.15:025][  0]LogObj: 28361 objects as part of root set at end of initial load.
[2015.12.17-10.16.15:025][  0]LogUObjectAllocator: 6038872 out of 0 bytes used by permanent object pool.
[2015.12.17-10.16.15:077][  0]LogEngine: Initializing Engine...
[2015.12.17-10.16.15:078][  0]LogHMD: Can't find Oculus library dev build: is proper Runtime installed? Version: 0.7.0.0
[2015.12.17-10.16.15:079][  0]LogHMD: SteamVR failed to initialize.  Err: 110
[2015.12.17-10.16.15:188][  0]LogAIModule: Creating AISystem for world NewWorld
[2015.12.17-10.16.15:191][  0]LogInit: XAudio2 using 'Speakers (Realtek High Definition Audio)' : 2 channels at 48 kHz using 32 bits per sample (channel mask 0x3)
[2015.12.17-10.16.15:209][  0]LogInit: FAudioDevice initialized.
[2015.12.17-10.16.15:229][  0]LogDerivedDataCache: Saved boot cache 0.02s 41MB C:/Users/712191/AppData/Local/UnrealEngine/4.9/DerivedDataCache/Boot.ddc.
[2015.12.17-10.16.15:233][  0]LogInit: Texture streaming: Enabled
[2015.12.17-10.16.15:237][  0]LogAnalytics: Creating configured Analytics provider AnalyticsET
[2015.12.17-10.16.15:237][  0]LogAnalytics: [UEEditor.Rocket.Release] APIServer = http://et2.epicgames.com/ET2/. AppVersion = 4.9.2-2707645+++depot+UE4-Releases+4.9
[2015.12.17-10.16.15:237][  0]LogAnalytics: [UEEditor.Rocket.Release] SetUserId 7a12939f4e20a02ac398288bcaedf1b8|b15aaf259a234981ac58d9a2d8097391|b6fe73fd-db88-4e00-b273-d08ec7215409
[2015.12.17-10.16.15:237][  0]LogAnalytics: [UEEditor.Rocket.Release] AnalyticsET::StartSession
[2015.12.17-10.16.15:254][  0]LogInit: Transaction tracking system initialized
[2015.12.17-10.16.15:276][  0]BlueprintLog: New page: Editor Load
[2015.12.17-10.16.15:360][  0]LocalizationService: Info Localization service is disabled
[2015.12.17-10.16.15:471][  0]LogConsoleResponse:Display: 
[2015.12.17-10.16.15:574][  0]LogCook:Display: Done creating registry. It took  0.00s.
[2015.12.17-10.16.15:623][  0]LogFileCache: Scanning file cache for directory 'E:/all/UE TEST STORAGE/WeatherController/WeatherController/Content/' took 0.01s
[2015.12.17-10.16.15:623][  0]SourceControl: Info Source control is disabled
[2015.12.17-10.16.15:623][  0]Cmd: MAP LOAD FILE="E:/all/UE TEST STORAGE/WeatherController/WeatherController/Content/StarterContent/Maps/Minimal_Default.umap" TEMPLATE=0 SHOWPROGRESS=1 FEATURELEVEL=3
[2015.12.17-10.16.15:662][  0]LightingResults: New page: Lighting Build
[2015.12.17-10.16.15:664][  0]MapCheck: New page: Map Check
[2015.12.17-10.16.15:664][  0]LightingResults: New page: Lighting Build
[2015.12.17-10.16.15:673][  0]LogParticles: Destroying 0 GPU particle simulations for FXSystem 0x0000000013ABC400
[2015.12.17-10.16.16:100][  0]LogBlueprint:Warning: [compiler WeatherContorller] Warning 'Item' is already a 'Sky Sphere for Weather', you don't need  Cast To SkySphereForWeather .
[2015.12.17-10.16.16:101][  0]LogBlueprint:Error: [compiler WeatherContorller] Error The type of  Horizon Color  is undetermined.  Connect something to  SpawnActor Sky Sphere for Weather  to imply a specific type.
[2015.12.17-10.16.16:101][  0]LogBlueprint:Error: [compiler WeatherContorller] Error The type of  Zenith Color  is undetermined.  Connect something to  SpawnActor Sky Sphere for Weather  to imply a specific type.
[2015.12.17-10.16.16:102][  0]LogBlueprint:Error: [compiler WeatherContorller] Error The current value ((R=1.979559,G=2.586644,B=3.000000,A=1.000000)) of the ' Horizon Color ' pin is invalid: 'Value' must have an input wired into it ("by ref" params expect a valid input to operate on).
[2015.12.17-10.16.16:102][  0]LogBlueprint:Error: [compiler WeatherContorller] Error The current value ((R=0.034046,G=0.109247,B=0.295000,A=1.000000)) of the ' Zenith Color ' pin is invalid: 'Value' must have an input wired into it ("by ref" params expect a valid input to operate on).
[2015.12.17-10.16.16:109][  0]LogBlueprint:Warning: [compiler WeatherContorller] Warning [0007.67] Compile of WeatherContorller failed. 4 Fatal Issue(s) 1 Warning(s) [in 15 ms]
[2015.12.17-10.16.16:109][  0]LogBlueprint:Warning: [compiler WeatherContorller] Warning [0007.67] Compile of WeatherContorller failed. 4 Fatal Issue(s) 2 Warning(s) [in 0 ms]
[2015.12.17-10.16.16:109][  0]LogBlueprint:Warning: [compiler WeatherContorller] Warning [0007.67] Compile of WeatherContorller failed. 4 Fatal Issue(s) 3 Warning(s) [in 0 ms]
[2015.12.17-10.16.16:184][  0]LogBlueprint:Warning: [compiler SkySphereForWeather] Warning 'Item' is already a 'Directional Light Blueprint', you don't need  Cast To DirectionalLight_Blueprint .
[2015.12.17-10.16.16:189][  0]LogBlueprint:Warning: [compiler SkySphereForWeather] Warning [0007.75] Compile of SkySphereForWeather successful, but with 1 Warning(s) [in 11 ms]
[2015.12.17-10.16.16:190][  0]LogBlueprint:Warning: [compiler SkySphereForWeather] Warning [0007.75] Compile of SkySphereForWeather successful, but with 2 Warning(s) [in 0 ms]
[2015.12.17-10.16.16:190][  0]LogBlueprint:Warning: [compiler SkySphereForWeather] Warning [0007.75] Compile of SkySphereForWeather successful, but with 3 Warning(s) [in 0 ms]
[2015.12.17-10.16.16:223][  0]LogBlueprint:Warning: [compiler SkySphereForWeather] Warning 'Item' is already a 'Directional Light Blueprint', you don't need  Cast To DirectionalLight_Blueprint .
[2015.12.17-10.16.16:229][  0]LogBlueprint:Warning: [compiler SkySphereForWeather] Warning [0007.79] Compile of SkySphereForWeather successful, but with 1 Warning(s) [in 11 ms]
[2015.12.17-10.16.16:229][  0]LogBlueprint:Warning: [compiler SkySphereForWeather] Warning [0007.79] Compile of SkySphereForWeather successful, but with 2 Warning(s) [in 0 ms]
[2015.12.17-10.16.16:229][  0]LogBlueprint:Warning: [compiler SkySphereForWeather] Warning [0007.79] Compile of SkySphereForWeather successful, but with 3 Warning(s) [in 0 ms]
[2015.12.17-10.16.16:238][  0]LogBlueprint:Warning: [compiler WeatherContorller] Warning 'Item' is already a 'Sky Sphere for Weather', you don't need  Cast To SkySphereForWeather .
[2015.12.17-10.16.16:241][  0]LogBlueprint:Warning: [compiler WeatherContorller] Warning [0007.80] Compile of WeatherContorller successful, but with 1 Warning(s) [in 8 ms]
[2015.12.17-10.16.16:241][  0]LogBlueprint:Warning: [compiler WeatherContorller] Warning [0007.80] Compile of WeatherContorller successful, but with 2 Warning(s) [in 0 ms]
[2015.12.17-10.16.16:241][  0]LogBlueprint:Warning: [compiler WeatherContorller] Warning [0007.80] Compile of WeatherContorller successful, but with 3 Warning(s) [in 0 ms]
[2015.12.17-10.16.16:598][  0]LogBlueprint:Warning: [compiler CloudsSystem] Warning 'Item' is already a 'BP Sky Sphere', you don't need  Cast To BP_Sky_Sphere .
[2015.12.17-10.16.16:601][  0]LogBlueprint:Warning: [compiler CloudsSystem] Warning [0008.16] Compile of CloudsSystem successful, but with 1 Warning(s) [in 9 ms]
[2015.12.17-10.16.16:601][  0]LogBlueprint:Warning: [compiler CloudsSystem] Warning [0008.16] Compile of CloudsSystem successful, but with 2 Warning(s) [in 0 ms]
[2015.12.17-10.16.16:601][  0]LogBlueprint:Warning: [compiler CloudsSystem] Warning [0008.16] Compile of CloudsSystem successful, but with 3 Warning(s) [in 0 ms]
[2015.12.17-10.16.16:609][  0]LogBlueprint:Warning: [compiler CloudsSystem] Warning 'Item' is already a 'BP Sky Sphere', you don't need  Cast To BP_Sky_Sphere .
[2015.12.17-10.16.16:612][  0]LogBlueprint:Warning: [compiler CloudsSystem] Warning [0008.17] Compile of CloudsSystem successful, but with 1 Warning(s) [in 9 ms]
[2015.12.17-10.16.16:612][  0]LogBlueprint:Warning: [compiler CloudsSystem] Warning [0008.17] Compile of CloudsSystem successful, but with 2 Warning(s) [in 0 ms]
[2015.12.17-10.16.16:612][  0]LogBlueprint:Warning: [compiler CloudsSystem] Warning [0008.17] Compile of CloudsSystem successful, but with 3 Warning(s) [in 0 ms]
[2015.12.17-10.16.16:833][  0]LogBlueprint:Warning: [compiler SliderDayNight] Warning 'Item' is already a 'Directional Light Blueprint', you don't need  Cast To DirectionalLight_Blueprint .
[2015.12.17-10.16.16:836][  0]LogBlueprint:Warning: [compiler SliderDayNight] Warning [0008.40] Compile of SliderDayNight successful, but with 1 Warning(s) [in 13 ms]
[2015.12.17-10.16.16:837][  0]LogBlueprint:Warning: [compiler SliderDayNight] Warning [0008.40] Compile of SliderDayNight successful, but with 2 Warning(s) [in 0 ms]
[2015.12.17-10.16.16:837][  0]LogBlueprint:Warning: [compiler SliderDayNight] Warning [0008.40] Compile of SliderDayNight successful, but with 3 Warning(s) [in 0 ms]
[2015.12.17-10.16.16:849][  0]LogBlueprint:Warning: [compiler SliderDayNight] Warning 'Item' is already a 'Directional Light Blueprint', you don't need  Cast To DirectionalLight_Blueprint .
[2015.12.17-10.16.16:853][  0]LogBlueprint:Warning: [compiler SliderDayNight] Warning [0008.41] Compile of SliderDayNight successful, but with 1 Warning(s) [in 13 ms]
[2015.12.17-10.16.16:853][  0]LogBlueprint:Warning: [compiler SliderDayNight] Warning [0008.41] Compile of SliderDayNight successful, but with 2 Warning(s) [in 0 ms]
[2015.12.17-10.16.16:853][  0]LogBlueprint:Warning: [compiler SliderDayNight] Warning [0008.41] Compile of SliderDayNight successful, but with 3 Warning(s) [in 0 ms]
[2015.12.17-10.16.17:571][  0]LogBlueprint:Warning: [compiler TempSystem] Warning 'Item' is already a 'Directional Light Blueprint', you don't need  Cast To DirectionalLight_Blueprint .
[2015.12.17-10.16.17:571][  0]LogBlueprint:Warning: [compiler TempSystem] Warning 'Item' is already a 'BP Sky Sphere', you don't need  Cast To BP_Sky_Sphere .
[2015.12.17-10.16.17:574][  0]LogBlueprint:Warning: [compiler TempSystem] Warning [0009.13] Compile of TempSystem successful, but with 2 Warning(s) [in 9 ms]
[2015.12.17-10.16.17:574][  0]LogBlueprint:Warning: [compiler TempSystem] Warning [0009.13] Compile of TempSystem successful, but with 3 Warning(s) [in 0 ms]
[2015.12.17-10.16.17:574][  0]LogBlueprint:Warning: [compiler TempSystem] Warning [0009.13] Compile of TempSystem successful, but with 4 Warning(s) [in 0 ms]
[2015.12.17-10.16.17:583][  0]LogBlueprint:Warning: [compiler TempSystem] Warning 'Item' is already a 'Directional Light Blueprint', you don't need  Cast To DirectionalLight_Blueprint .
[2015.12.17-10.16.17:583][  0]LogBlueprint:Warning: [compiler TempSystem] Warning 'Item' is already a 'BP Sky Sphere', you don't need  Cast To BP_Sky_Sphere .
[2015.12.17-10.16.17:586][  0]LogBlueprint:Warning: [compiler TempSystem] Warning [0009.15] Compile of TempSystem successful, but with 2 Warning(s) [in 9 ms]
[2015.12.17-10.16.17:586][  0]LogBlueprint:Warning: [compiler TempSystem] Warning [0009.15] Compile of TempSystem successful, but with 3 Warning(s) [in 0 ms]
[2015.12.17-10.16.17:586][  0]LogBlueprint:Warning: [compiler TempSystem] Warning [0009.15] Compile of TempSystem successful, but with 4 Warning(s) [in 0 ms]
[2015.12.17-10.16.17:994][  0]LogBlueprint:Warning: [compiler Minimal_Default] Warning 'Item' is already a 'Directional Light Blueprint', you don't need  Cast To DirectionalLight_Blueprint .
[2015.12.17-10.16.17:994][  0]LogBlueprint:Warning: [compiler Minimal_Default] Warning 'Item' is already a 'Slider Day Night', you don't need  Cast To SliderDayNight .
[2015.12.17-10.16.17:994][  0]LogBlueprint:Warning: [compiler Minimal_Default] Warning [0009.55] Compile of Minimal_Default successful, but with 2 Warning(s) [in 3 ms]
[2015.12.17-10.16.17:994][  0]LogBlueprint:Warning: [compiler Minimal_Default] Warning [0009.55] Compile of Minimal_Default successful, but with 3 Warning(s) [in 0 ms]
[2015.12.17-10.16.17:995][  0]LogBlueprint:Warning: [compiler Minimal_Default] Warning [0009.55] Compile of Minimal_Default successful, but with 4 Warning(s) [in 0 ms]
[2015.12.17-10.16.17:998][  0]LogBlueprint:Warning: [compiler Minimal_Default] Warning 'Item' is already a 'Directional Light Blueprint', you don't need  Cast To DirectionalLight_Blueprint .
[2015.12.17-10.16.17:998][  0]LogBlueprint:Warning: [compiler Minimal_Default] Warning 'Item' is already a 'Slider Day Night', you don't need  Cast To SliderDayNight .
[2015.12.17-10.16.17:999][  0]LogBlueprint:Warning: [compiler Minimal_Default] Warning [0009.56] Compile of Minimal_Default successful, but with 2 Warning(s) [in 3 ms]
[2015.12.17-10.16.17:999][  0]LogBlueprint:Warning: [compiler Minimal_Default] Warning [0009.56] Compile of Minimal_Default successful, but with 3 Warning(s) [in 0 ms]
[2015.12.17-10.16.17:999][  0]LogBlueprint:Warning: [compiler Minimal_Default] Warning [0009.56] Compile of Minimal_Default successful, but with 4 Warning(s) [in 0 ms]
[2015.12.17-10.16.18:241][  0]LogTexture:Display: Building textures: T_Sky_Clouds_TempTest (AutoDXT)
[2015.12.17-10.16.19:231][  0]LogMaterial: Missing cached shader map for material M_Sky_Panning_Clouds2, compiling. 
[2015.12.17-10.16.19:247][  0]LogStaticMesh: Building static mesh RingCloud...
[2015.12.17-10.16.19:263][  0]LogStaticMesh: Built static mesh [0.016578.2s] /Game/StarterContent/Props/RingCloud.RingCloud
[2015.12.17-10.16.19:294][  0]LogStaticMesh: Building static mesh SliderCloudFix...
[2015.12.17-10.16.19:998][  0]LogStaticMesh: Built static mesh [0.704226.2s] /Game/StarterContent/Blueprints/weather/Clouds/SliderCloudFix.SliderCloudFix
[2015.12.17-10.16.20:014][  0]LogMaterial: Missing cached shader map for material Color_D02, compiling. 
[2015.12.17-10.16.20:038][  0]LogMaterial: Missing cached shader map for material Color_D01, compiling. 
[2015.12.17-10.16.20:080][  0]LogStaticMesh: Building static mesh SliderTimeOfDayFix...
[2015.12.17-10.16.20:243][  0]LogStaticMesh: Built static mesh [0.163753.2s] /Game/StarterContent/Blueprints/SliderTimeOfDayFix.SliderTimeOfDayFix
[2015.12.17-10.16.20:247][  0]LogStaticMesh: Building static mesh RingTimeOfDay...
[2015.12.17-10.16.20:368][  0]LogStaticMesh: Built static mesh [0.121837.2s] /Game/StarterContent/Props/RingTimeOfDay.RingTimeOfDay
[2015.12.17-10.16.20:376][  0]LogStaticMesh: Building static mesh RingTemp...
[2015.12.17-10.16.20:392][  0]LogStaticMesh: Built static mesh [0.016603.2s] /Game/StarterContent/Blueprints/weather/Temp/RingTemp.RingTemp
[2015.12.17-10.16.20:392][  0]LogStaticMesh: Building static mesh SliderTempFix...
[2015.12.17-10.16.21:116][  0]LogStaticMesh: Built static mesh [0.724295.2s] /Game/StarterContent/Blueprints/weather/Temp/SliderTempFix.SliderTempFix
[2015.12.17-10.16.21:130][  0]LogMaterial: Missing cached shader map for material Color_D03, compiling. 
[2015.12.17-10.16.21:139][  0]LogMaterial: Missing cached shader map for material Color_D04, compiling. 
[2015.12.17-10.16.21:417][  0]LogTexture:Display: Building textures: T_Sky_Bluetest (AutoDXT)
[2015.12.17-10.16.22:652][  0]LogMaterial: Missing cached shader map for material M_Sky_Panning_CloudsTemp, compiling. 
[2015.12.17-10.16.22:667][  0]LogMaterial: Missing cached shader map for material Color_D04, compiling. 
[2015.12.17-10.16.22:675][  0]LogMaterial: Missing cached shader map for material Color_D01, compiling. 
[2015.12.17-10.16.22:730][  0]LogAIModule: Creating AISystem for world Minimal_Default
[2015.12.17-10.16.22:743][  0]LogEditorServer: Finished looking for orphan Actors (0.000 secs)
[2015.12.17-10.16.22:743][  0]Cmd: MAP CHECKDEP NOCLEARLOG
[2015.12.17-10.16.22:860][  0]MapCheck: Info Map check complete: 0 Error(s), 0 Warning(s), took 116.359ms to complete.
[2015.12.17-10.16.22:860][  0]LogFileHelpers: Loading map 'Minimal_Default' took 7.236
[2015.12.17-10.16.22:979][  0]LogCollectionManager: Loaded 0 collections in 0.002182 seconds
[2015.12.17-10.16.23:073][  0]LogFileCache: Scanning file cache for directory 'E:/all/UE TEST STORAGE/WeatherController/WeatherController/Saved/Collections/' took 0.06s
[2015.12.17-10.16.23:073][  0]LogFileCache: Scanning file cache for directory 'E:/all/UE TEST STORAGE/WeatherController/WeatherController/Content/Developers/712191/Collections/' took 0.01s
[2015.12.17-10.16.23:073][  0]LogFileCache: Scanning file cache for directory 'E:/all/UE TEST STORAGE/WeatherController/WeatherController/Content/Collections/' took 0.01s
[2015.12.17-10.16.23:073][  0]LogContentBrowser: Native class hierarchy populated in 0.0068 seconds. Added 1867 classes and 333 folders.
[2015.12.17-10.16.23:084][  0]LogCollectionManager: Rebuilt the GUID cache for 0 collections in 0.000002 seconds
[2015.12.17-10.16.23:097][  0]LogContentBrowser: Native class hierarchy updated for 'WidgetCarousel' in 0.0003 seconds. Added 0 classes and 0 folders.
[2015.12.17-10.16.23:465][  0]LogContentBrowser: Native class hierarchy updated for 'AddContentDialog' in 0.0003 seconds. Added 0 classes and 0 folders.
[2015.12.17-10.16.23:472][  0]LogContentBrowser: Native class hierarchy updated for 'SceneOutliner' in 0.0003 seconds. Added 1 classes and 2 folders.
[2015.12.17-10.16.23:517][  0]LogCrashTracker: Crashtracker disabled due to settings.
[2015.12.17-10.16.23:524][  0]LogUObjectGlobals:Warning: Failed to find object 'Class None.'
[2015.12.17-10.16.23:545][  0]LogLoad: Full Startup: 15.10 seconds (BP compile: 0.24 seconds)
[2015.12.17-10.16.23:638][  0]LogContentStreaming: Texture pool size now 1000 MB
[2015.12.17-10.16.23:984][  0]LogRenderer: Reallocating scene render targets to support 1056x556 (Frame:2).
[2015.12.17-10.16.24:489][  7]LogAssetRegistry: Asset discovery search completed in 9.9256 seconds
[2015.12.17-10.16.24:489][  7]LogCollectionManager: Rebuilt the object cache for 0 collections in 0.000001 seconds (found 0 objects)
[2015.12.17-10.16.24:489][  7]LogCollectionManager: Fixed up redirectors for 0 collections in 0.000018 seconds (updated 0 objects)
[2015.12.17-10.16.30:349][617]LogBlueprintUserMessages: Early PlayInEditor Detection: Level '/Game/StarterContent/Maps/Minimal_Default.Minimal_Default:PersistentLevel' has LevelScriptBlueprint '/Game/StarterContent/Maps/Minimal_Default.Minimal_Default:PersistentLevel.Minimal_Default' with GeneratedClass '/Game/StarterContent/Maps/Minimal_Default.Minimal_Default_C' with ClassGeneratedBy '/Game/StarterContent/Maps/Minimal_Default.Minimal_Default:PersistentLevel.Minimal_Default'
[2015.12.17-10.16.30:349][617]LogPlayLevel: PlayLevel: No blueprints needed recompiling
[2015.12.17-10.16.30:349][617]PIE: New page: PIE session: Minimal_Default (17 Dec 2015 10:16:30)
[2015.12.17-10.16.30:349][617]LogPlayLevel: Creating play world package: /Game/StarterContent/Maps/UEDPIE_0_Minimal_Default
[2015.12.17-10.16.30:357][617]LogPlayLevel: PIE: StaticDuplicateObject took: (0.007883s)
[2015.12.17-10.16.30:358][617]LogAIModule: Creating AISystem for world Minimal_Default
[2015.12.17-10.16.30:358][617]LogPlayLevel: PIE: World Init took: (0.000603s)
[2015.12.17-10.16.30:358][617]LogPlayLevel: PIE: Created PIE world by copying editor world from /Game/StarterContent/Maps/Minimal_Default.Minimal_Default to /Game/StarterContent/Maps/UEDPIE_0_Minimal_Default.Minimal_Default (0.008681s)
[2015.12.17-10.16.30:390][617]LogInit: XAudio2 using 'Speakers (Realtek High Definition Audio)' : 2 channels at 48 kHz using 32 bits per sample (channel mask 0x3)
[2015.12.17-10.16.30:399][617]LogInit: FAudioDevice initialized.
[2015.12.17-10.16.30:443][617]LogWorld: Game class is 'WeatherControllerGameMode_C'
[2015.12.17-10.16.30:446][617]LogWorld: Bringing World /Game/StarterContent/Maps/UEDPIE_0_Minimal_Default.Minimal_Default up for play (max tick rate 0) at 2015.12.17-10.16.30
[2015.12.17-10.16.30:446][617]LogActor:Warning: GameSession /Game/StarterContent/Maps/UEDPIE_0_Minimal_Default.Minimal_Default:PersistentLevel.GameSession_0 has natively added scene component(s), but none of them were set as the actor's RootComponent - picking one arbitrarily
[2015.12.17-10.16.30:446][617]LogActor:Warning: GameNetworkManager /Game/StarterContent/Maps/UEDPIE_0_Minimal_Default.Minimal_Default:PersistentLevel.GameNetworkManager_0 has natively added scene component(s), but none of them were set as the actor's RootComponent - picking one arbitrarily
[2015.12.17-10.16.30:447][617]LogWorld: Bringing up level for play took: 0.002697
[2015.12.17-10.16.30:453][617]LogScript:Warning: Attempted to get an item from array CallFunc_GetAllActorsOfClass_OutActors out of bounds [0/0]!
[2015.12.17-10.16.30:453][617]LogScript:Warning: Attempted to get an item from array CallFunc_GetAllActorsOfClass_OutActors out of bounds [0/0]!
[2015.12.17-10.16.30:464][617]PIE: Info Play in editor start time for /Game/StarterContent/Maps/UEDPIE_0_Minimal_Default -0.519
[2015.12.17-10.16.30:464][617]LogBlueprintUserMessages: Late PlayInEditor Detection: Level '/Game/StarterContent/Maps/Minimal_Default.Minimal_Default:PersistentLevel' has LevelScriptBlueprint '/Game/StarterContent/Maps/Minimal_Default.Minimal_Default:PersistentLevel.Minimal_Default' with GeneratedClass '/Game/StarterContent/Maps/Minimal_Default.Minimal_Default_C' with ClassGeneratedBy '/Game/StarterContent/Maps/Minimal_Default.Minimal_Default:PersistentLevel.Minimal_Default'
[2015.12.17-10.16.30:481][618]LogRenderer: Reallocating scene render targets to support 1280x720 (Frame:519).
[2015.12.17-10.16.30:827][649]LogBlueprintUserMessages: [DirectionalLight_Blueprint_C_2] Not Dragged
[2015.12.17-10.16.30:827][649]LogBlueprintUserMessages: [DirectionalLight_Blueprint_C_2] 15.0
[2015.12.17-10.16.30:827][649]LogBlueprintUserMessages: [DirectionalLight_Blueprint_C_2] 0
[2015.12.17-10.16.31:327][705]LogBlueprintUserMessages: [DirectionalLight_Blueprint_C_2] Not Dragged
[2015.12.17-10.16.31:327][705]LogBlueprintUserMessages: [DirectionalLight_Blueprint_C_2] 15.0
[2015.12.17-10.16.31:327][705]LogBlueprintUserMessages: [DirectionalLight_Blueprint_C_2] 0
[2015.12.17-10.16.31:835][764]LogBlueprintUserMessages: [DirectionalLight_Blueprint_C_2] Not Dragged
[2015.12.17-10.16.31:835][764]LogBlueprintUserMessages: [DirectionalLight_Blueprint_C_2] 30.0
[2015.12.17-10.16.31:835][764]LogBlueprintUserMessages: [DirectionalLight_Blueprint_C_2] 1
[2015.12.17-10.16.32:341][822]LogBlueprintUserMessages: [DirectionalLight_Blueprint_C_2] Not Dragged
[2015.12.17-10.16.32:341][822]LogBlueprintUserMessages: [DirectionalLight_Blueprint_C_2] 45.0
[2015.12.17-10.16.32:341][822]LogBlueprintUserMessages: [DirectionalLight_Blueprint_C_2] 2
[2015.12.17-10.16.32:843][880]LogBlueprintUserMessages: [DirectionalLight_Blueprint_C_2] Dragged
[2015.12.17-10.16.32:843][880]LogBlueprintUserMessages: [DirectionalLight_Blueprint_C_2] 0.0
[2015.12.17-10.16.32:843][880]LogBlueprintUserMessages: [DirectionalLight_Blueprint_C_2] 0
[2015.12.17-10.16.33:344][938]LogBlueprintUserMessages: [DirectionalLight_Blueprint_C_2] Dragged
[2015.12.17-10.16.33:344][938]LogBlueprintUserMessages: [DirectionalLight_Blueprint_C_2] 38.623775
[2015.12.17-10.16.33:344][938]LogBlueprintUserMessages: [DirectionalLight_Blueprint_C_2] 3
[2015.12.17-10.16.33:849][996]LogBlueprintUserMessages: [DirectionalLight_Blueprint_C_2] Dragged
[2015.12.17-10.16.33:849][996]LogBlueprintUserMessages: [DirectionalLight_Blueprint_C_2] 71.81382
[2015.12.17-10.16.33:849][996]LogBlueprintUserMessages: [DirectionalLight_Blueprint_C_2] 5
[2015.12.17-10.16.34:350][ 54]LogBlueprintUserMessages: [DirectionalLight_Blueprint_C_2] Not Dragged
[2015.12.17-10.16.34:350][ 54]LogBlueprintUserMessages: [DirectionalLight_Blueprint_C_2] 105.0
[2015.12.17-10.16.34:350][ 54]LogBlueprintUserMessages: [DirectionalLight_Blueprint_C_2] 6
[2015.12.17-10.16.34:832][110]LogBlueprintUserMessages: [WeatherContorller_C_0] Hello
[2015.12.17-10.16.34:833][110]LogBlueprintUserMessages: [WeatherContorller_C_0] Hello
[2015.12.17-10.16.34:860][113]LogBlueprintUserMessages: [DirectionalLight_Blueprint_C_2] Not Dragged
[2015.12.17-10.16.34:860][113]LogBlueprintUserMessages: [DirectionalLight_Blueprint_C_2] 105.0
[2015.12.17-10.16.34:860][113]LogBlueprintUserMessages: [DirectionalLight_Blueprint_C_2] 6
[2015.12.17-10.16.35:361][171]LogBlueprintUserMessages: [DirectionalLight_Blueprint_C_2] Not Dragged
[2015.12.17-10.16.35:361][171]LogBlueprintUserMessages: [DirectionalLight_Blueprint_C_2] 120.0
[2015.12.17-10.16.35:361][171]LogBlueprintUserMessages: [DirectionalLight_Blueprint_C_2] 7
[2015.12.17-10.16.35:861][229]LogBlueprintUserMessages: [DirectionalLight_Blueprint_C_2] Not Dragged
[2015.12.17-10.16.35:861][229]LogBlueprintUserMessages: [DirectionalLight_Blueprint_C_2] 120.0
[2015.12.17-10.16.35:861][229]LogBlueprintUserMessages: [DirectionalLight_Blueprint_C_2] 7
[2015.12.17-10.16.36:367][288]LogBlueprintUserMessages: [DirectionalLight_Blueprint_C_2] Dragged
[2015.12.17-10.16.36:367][288]LogBlueprintUserMessages: [DirectionalLight_Blueprint_C_2] 137.145752
[2015.12.17-10.16.36:367][288]LogBlueprintUserMessages: [DirectionalLight_Blueprint_C_2] 9
[2015.12.17-10.16.36:870][346]LogBlueprintUserMessages: [DirectionalLight_Blueprint_C_2] Not Dragged
[2015.12.17-10.16.36:870][346]LogBlueprintUserMessages: [DirectionalLight_Blueprint_C_2] 165.0
[2015.12.17-10.16.36:870][346]LogBlueprintUserMessages: [DirectionalLight_Blueprint_C_2] 10
[2015.12.17-10.16.37:191][383]LogBlueprintUserMessages: [WeatherContorller_C_0] Hello
[2015.12.17-10.16.37:192][383]LogBlueprintUserMessages: [WeatherContorller_C_0] Hello
[2015.12.17-10.16.37:372][404]LogBlueprintUserMessages: [DirectionalLight_Blueprint_C_2] Not Dragged
[2015.12.17-10.16.37:373][404]LogBlueprintUserMessages: [DirectionalLight_Blueprint_C_2] 180.0
[2015.12.17-10.16.37:373][404]LogBlueprintUserMessages: [DirectionalLight_Blueprint_C_2] 11
[2015.12.17-10.16.37:873][462]LogBlueprintUserMessages: [DirectionalLight_Blueprint_C_2] Not Dragged
[2015.12.17-10.16.37:873][462]LogBlueprintUserMessages: [DirectionalLight_Blueprint_C_2] 180.0
[2015.12.17-10.16.37:873][462]LogBlueprintUserMessages: [DirectionalLight_Blueprint_C_2] 11
[2015.12.17-10.16.38:373][520]LogBlueprintUserMessages: [DirectionalLight_Blueprint_C_2] Not Dragged
[2015.12.17-10.16.38:373][520]LogBlueprintUserMessages: [DirectionalLight_Blueprint_C_2] 195.0
[2015.12.17-10.16.38:373][520]LogBlueprintUserMessages: [DirectionalLight_Blueprint_C_2] 12
[2015.12.17-10.16.38:520][537]LogBlueprintUserMessages: [WeatherContorller_C_0] Hello
[2015.12.17-10.16.38:520][537]LogBlueprintUserMessages: [WeatherContorller_C_0] Hello
[2015.12.17-10.16.38:873][578]LogBlueprintUserMessages: [DirectionalLight_Blueprint_C_2] Not Dragged
[2015.12.17-10.16.38:873][578]LogBlueprintUserMessages: [DirectionalLight_Blueprint_C_2] 195.0
[2015.12.17-10.16.38:873][578]LogBlueprintUserMessages: [DirectionalLight_Blueprint_C_2] 12
[2015.12.17-10.16.39:376][636]LogBlueprintUserMessages: [DirectionalLight_Blueprint_C_2] Not Dragged
[2015.12.17-10.16.39:376][636]LogBlueprintUserMessages: [DirectionalLight_Blueprint_C_2] 210.0
[2015.12.17-10.16.39:376][636]LogBlueprintUserMessages: [DirectionalLight_Blueprint_C_2] 13
[2015.12.17-10.16.39:877][694]LogBlueprintUserMessages: [DirectionalLight_Blueprint_C_2] Not Dragged
[2015.12.17-10.16.39:877][694]LogBlueprintUserMessages: [DirectionalLight_Blueprint_C_2] 210.0
[2015.12.17-10.16.39:877][694]LogBlueprintUserMessages: [DirectionalLight_Blueprint_C_2] 13
[2015.12.17-10.16.39:989][707]LogBlueprintUserMessages: [WeatherContorller_C_0] Hello
[2015.12.17-10.16.39:990][707]LogBlueprintUserMessages: [WeatherContorller_C_0] Hello
[2015.12.17-10.16.40:382][752]LogBlueprintUserMessages: [DirectionalLight_Blueprint_C_2] Not Dragged
[2015.12.17-10.16.40:382][752]LogBlueprintUserMessages: [DirectionalLight_Blueprint_C_2] 225.0
[2015.12.17-10.16.40:382][752]LogBlueprintUserMessages: [DirectionalLight_Blueprint_C_2] 14
[2015.12.17-10.16.40:889][811]LogBlueprintUserMessages: [DirectionalLight_Blueprint_C_2] Not Dragged
[2015.12.17-10.16.40:889][811]LogBlueprintUserMessages: [DirectionalLight_Blueprint_C_2] 225.0
[2015.12.17-10.16.40:889][811]LogBlueprintUserMessages: [DirectionalLight_Blueprint_C_2] 14
[2015.12.17-10.16.41:396][870]LogBlueprintUserMessages: [DirectionalLight_Blueprint_C_2] Not Dragged
[2015.12.17-10.16.41:396][870]LogBlueprintUserMessages: [DirectionalLight_Blueprint_C_2] 240.0
[2015.12.17-10.16.41:397][870]LogBlueprintUserMessages: [DirectionalLight_Blueprint_C_2] 15
[2015.12.17-10.16.41:899][928]LogBlueprintUserMessages: [DirectionalLight_Blueprint_C_2] Not Dragged
[2015.12.17-10.16.41:899][928]LogBlueprintUserMessages: [DirectionalLight_Blueprint_C_2] 240.0
[2015.12.17-10.16.41:899][928]LogBlueprintUserMessages: [DirectionalLight_Blueprint_C_2] 15
[2015.12.17-10.16.42:406][987]LogBlueprintUserMessages: [DirectionalLight_Blueprint_C_2] Not Dragged
[2015.12.17-10.16.42:406][987]LogBlueprintUserMessages: [DirectionalLight_Blueprint_C_2] 255.0
[2015.12.17-10.16.42:406][987]LogBlueprintUserMessages: [DirectionalLight_Blueprint_C_2] 16
[2015.12.17-10.16.42:914][ 46]LogBlueprintUserMessages: [DirectionalLight_Blueprint_C_2] Not Dragged
[2015.12.17-10.16.42:914][ 46]LogBlueprintUserMessages: [DirectionalLight_Blueprint_C_2] 255.0
[2015.12.17-10.16.42:914][ 46]LogBlueprintUserMessages: [DirectionalLight_Blueprint_C_2] 16
[2015.12.17-10.16.43:419][105]LogBlueprintUserMessages: [DirectionalLight_Blueprint_C_2] Not Dragged
[2015.12.17-10.16.43:420][105]LogBlueprintUserMessages: [DirectionalLight_Blueprint_C_2] 270.0
[2015.12.17-10.16.43:420][105]LogBlueprintUserMessages: [DirectionalLight_Blueprint_C_2] 17
[2015.12.17-10.16.43:927][164]LogBlueprintUserMessages: [DirectionalLight_Blueprint_C_2] Not Dragged
[2015.12.17-10.16.43:927][164]LogBlueprintUserMessages: [DirectionalLight_Blueprint_C_2] 270.0
[2015.12.17-10.16.43:927][164]LogBlueprintUserMessages: [DirectionalLight_Blueprint_C_2] 17
[2015.12.17-10.16.44:434][223]LogBlueprintUserMessages: [DirectionalLight_Blueprint_C_2] Not Dragged
[2015.12.17-10.16.44:434][223]LogBlueprintUserMessages: [DirectionalLight_Blueprint_C_2] 285.0
[2015.12.17-10.16.44:434][223]LogBlueprintUserMessages: [DirectionalLight_Blueprint_C_2] 18
[2015.12.17-10.16.44:939][282]LogBlueprintUserMessages: [DirectionalLight_Blueprint_C_2] Not Dragged
[2015.12.17-10.16.44:939][282]LogBlueprintUserMessages: [DirectionalLight_Blueprint_C_2] 285.0
[2015.12.17-10.16.44:939][282]LogBlueprintUserMessages: [DirectionalLight_Blueprint_C_2] 18
[2015.12.17-10.16.45:447][341]LogBlueprintUserMessages: [DirectionalLight_Blueprint_C_2] Not Dragged
[2015.12.17-10.16.45:447][341]LogBlueprintUserMessages: [DirectionalLight_Blueprint_C_2] 300.0
[2015.12.17-10.16.45:447][341]LogBlueprintUserMessages: [DirectionalLight_Blueprint_C_2] 19
[2015.12.17-10.16.45:952][400]LogBlueprintUserMessages: [DirectionalLight_Blueprint_C_2] Not Dragged
[2015.12.17-10.16.45:953][400]LogBlueprintUserMessages: [DirectionalLight_Blueprint_C_2] 300.0
[2015.12.17-10.16.45:953][400]LogBlueprintUserMessages: [DirectionalLight_Blueprint_C_2] 19
[2015.12.17-10.16.46:460][459]LogBlueprintUserMessages: [DirectionalLight_Blueprint_C_2] Not Dragged
[2015.12.17-10.16.46:461][459]LogBlueprintUserMessages: [DirectionalLight_Blueprint_C_2] 315.0
[2015.12.17-10.16.46:461][459]LogBlueprintUserMessages: [DirectionalLight_Blueprint_C_2] 20
[2015.12.17-10.16.46:967][518]LogBlueprintUserMessages: [DirectionalLight_Blueprint_C_2] Not Dragged
[2015.12.17-10.16.46:967][518]LogBlueprintUserMessages: [DirectionalLight_Blueprint_C_2] 315.0
[2015.12.17-10.16.46:967][518]LogBlueprintUserMessages: [DirectionalLight_Blueprint_C_2] 20
[2015.12.17-10.16.47:471][576]LogBlueprintUserMessages: [DirectionalLight_Blueprint_C_2] Dragged
[2015.12.17-10.16.47:471][576]LogBlueprintUserMessages: [DirectionalLight_Blueprint_C_2] 295.584167
[2015.12.17-10.16.47:471][576]LogBlueprintUserMessages: [DirectionalLight_Blueprint_C_2] 20
[2015.12.17-10.16.47:977][635]LogBlueprintUserMessages: [DirectionalLight_Blueprint_C_2] Dragged
[2015.12.17-10.16.47:978][635]LogBlueprintUserMessages: [DirectionalLight_Blueprint_C_2] 249.235992
[2015.12.17-10.16.47:978][635]LogBlueprintUserMessages: [DirectionalLight_Blueprint_C_2] 17
[2015.12.17-10.16.48:484][694]LogBlueprintUserMessages: [DirectionalLight_Blueprint_C_2] Not Dragged
[2015.12.17-10.16.48:484][694]LogBlueprintUserMessages: [DirectionalLight_Blueprint_C_2] 270.0
[2015.12.17-10.16.48:484][694]LogBlueprintUserMessages: [DirectionalLight_Blueprint_C_2] 17
[2015.12.17-10.16.48:984][752]LogBlueprintUserMessages: [DirectionalLight_Blueprint_C_2] Not Dragged
[2015.12.17-10.16.48:984][752]LogBlueprintUserMessages: [DirectionalLight_Blueprint_C_2] 270.0
[2015.12.17-10.16.48:984][752]LogBlueprintUserMessages: [DirectionalLight_Blueprint_C_2] 17
[2015.12.17-10.16.49:224][780]LogBlueprintUserMessages: [WeatherContorller_C_0] Hello
[2015.12.17-10.16.49:225][780]LogBlueprintUserMessages: [WeatherContorller_C_0] Hello
[2015.12.17-10.16.49:491][811]LogBlueprintUserMessages: [DirectionalLight_Blueprint_C_2] Not Dragged
[2015.12.17-10.16.49:491][811]LogBlueprintUserMessages: [DirectionalLight_Blueprint_C_2] 285.0
[2015.12.17-10.16.49:491][811]LogBlueprintUserMessages: [DirectionalLight_Blueprint_C_2] 18
[2015.12.17-10.16.49:999][870]LogBlueprintUserMessages: [DirectionalLight_Blueprint_C_2] Not Dragged
[2015.12.17-10.16.49:999][870]LogBlueprintUserMessages: [DirectionalLight_Blueprint_C_2] 285.0
[2015.12.17-10.16.49:999][870]LogBlueprintUserMessages: [DirectionalLight_Blueprint_C_2] 18
[2015.12.17-10.16.50:507][929]LogBlueprintUserMessages: [DirectionalLight_Blueprint_C_2] Not Dragged
[2015.12.17-10.16.50:507][929]LogBlueprintUserMessages: [DirectionalLight_Blueprint_C_2] 300.0
[2015.12.17-10.16.50:507][929]LogBlueprintUserMessages: [DirectionalLight_Blueprint_C_2] 19
[2015.12.17-10.16.51:007][987]LogBlueprintUserMessages: [DirectionalLight_Blueprint_C_2] Not Dragged
[2015.12.17-10.16.51:007][987]LogBlueprintUserMessages: [DirectionalLight_Blueprint_C_2] 300.0
[2015.12.17-10.16.51:007][987]LogBlueprintUserMessages: [DirectionalLight_Blueprint_C_2] 19
[2015.12.17-10.16.51:513][ 46]LogBlueprintUserMessages: [DirectionalLight_Blueprint_C_2] Not Dragged
[2015.12.17-10.16.51:513][ 46]LogBlueprintUserMessages: [DirectionalLight_Blueprint_C_2] 315.0
[2015.12.17-10.16.51:513][ 46]LogBlueprintUserMessages: [DirectionalLight_Blueprint_C_2] 20
[2015.12.17-10.16.52:019][105]LogBlueprintUserMessages: [DirectionalLight_Blueprint_C_2] Not Dragged
[2015.12.17-10.16.52:019][105]LogBlueprintUserMessages: [DirectionalLight_Blueprint_C_2] 315.0
[2015.12.17-10.16.52:019][105]LogBlueprintUserMessages: [DirectionalLight_Blueprint_C_2] 20
[2015.12.17-10.16.52:527][164]LogBlueprintUserMessages: [DirectionalLight_Blueprint_C_2] Not Dragged
[2015.12.17-10.16.52:527][164]LogBlueprintUserMessages: [DirectionalLight_Blueprint_C_2] 330.0
[2015.12.17-10.16.52:527][164]LogBlueprintUserMessages: [DirectionalLight_Blueprint_C_2] 21
[2015.12.17-10.16.53:032][223]LogBlueprintUserMessages: [DirectionalLight_Blueprint_C_2] Not Dragged
[2015.12.17-10.16.53:032][223]LogBlueprintUserMessages: [DirectionalLight_Blueprint_C_2] 330.0
[2015.12.17-10.16.53:032][223]LogBlueprintUserMessages: [DirectionalLight_Blueprint_C_2] 21
[2015.12.17-10.16.53:539][282]LogBlueprintUserMessages: [DirectionalLight_Blueprint_C_2] Not Dragged
[2015.12.17-10.16.53:540][282]LogBlueprintUserMessages: [DirectionalLight_Blueprint_C_2] 345.0
[2015.12.17-10.16.53:540][282]LogBlueprintUserMessages: [DirectionalLight_Blueprint_C_2] 22
[2015.12.17-10.16.54:047][340]LogBlueprintUserMessages: [DirectionalLight_Blueprint_C_2] Not Dragged
[2015.12.17-10.16.54:047][340]LogBlueprintUserMessages: [DirectionalLight_Blueprint_C_2] 345.0
[2015.12.17-10.16.54:047][340]LogBlueprintUserMessages: [DirectionalLight_Blueprint_C_2] 22
[2015.12.17-10.16.54:550][397]LogBlueprintUserMessages: [DirectionalLight_Blueprint_C_2] Not Dragged
[2015.12.17-10.16.54:550][397]LogBlueprintUserMessages: [DirectionalLight_Blueprint_C_2] 360.0
[2015.12.17-10.16.54:550][397]LogBlueprintUserMessages: [DirectionalLight_Blueprint_C_2] 23
[2015.12.17-10.16.55:057][456]LogBlueprintUserMessages: [DirectionalLight_Blueprint_C_2] Not Dragged
[2015.12.17-10.16.55:057][456]LogBlueprintUserMessages: [DirectionalLight_Blueprint_C_2] 0.0
[2015.12.17-10.16.55:057][456]LogBlueprintUserMessages: [DirectionalLight_Blueprint_C_2] 23
[2015.12.17-10.16.55:564][515]LogBlueprintUserMessages: [DirectionalLight_Blueprint_C_2] Not Dragged
[2015.12.17-10.16.55:564][515]LogBlueprintUserMessages: [DirectionalLight_Blueprint_C_2] 15.0
[2015.12.17-10.16.55:564][515]LogBlueprintUserMessages: [DirectionalLight_Blueprint_C_2] 0
[2015.12.17-10.16.56:066][573]LogBlueprintUserMessages: [DirectionalLight_Blueprint_C_2] Not Dragged
[2015.12.17-10.16.56:066][573]LogBlueprintUserMessages: [DirectionalLight_Blueprint_C_2] 15.0
[2015.12.17-10.16.56:066][573]LogBlueprintUserMessages: [DirectionalLight_Blueprint_C_2] 0
[2015.12.17-10.16.56:574][632]LogBlueprintUserMessages: [DirectionalLight_Blueprint_C_2] Not Dragged
[2015.12.17-10.16.56:574][632]LogBlueprintUserMessages: [DirectionalLight_Blueprint_C_2] 30.0
[2015.12.17-10.16.56:574][632]LogBlueprintUserMessages: [DirectionalLight_Blueprint_C_2] 1
[2015.12.17-10.16.57:077][690]LogBlueprintUserMessages: [DirectionalLight_Blueprint_C_2] Not Dragged
[2015.12.17-10.16.57:077][690]LogBlueprintUserMessages: [DirectionalLight_Blueprint_C_2] 30.0
[2015.12.17-10.16.57:077][690]LogBlueprintUserMessages: [DirectionalLight_Blueprint_C_2] 1
[2015.12.17-10.16.57:577][748]LogBlueprintUserMessages: [DirectionalLight_Blueprint_C_2] Not Dragged
[2015.12.17-10.16.57:577][748]LogBlueprintUserMessages: [DirectionalLight_Blueprint_C_2] 45.0
[2015.12.17-10.16.57:577][748]LogBlueprintUserMessages: [DirectionalLight_Blueprint_C_2] 2
[2015.12.17-10.16.57:680][760]LogBlueprintUserMessages: [WeatherContorller_C_0] Hello
[2015.12.17-10.16.57:681][760]LogBlueprintUserMessages: [WeatherContorller_C_0] Hello
[2015.12.17-10.16.58:078][806]LogBlueprintUserMessages: [DirectionalLight_Blueprint_C_2] Not Dragged
[2015.12.17-10.16.58:078][806]LogBlueprintUserMessages: [DirectionalLight_Blueprint_C_2] 45.0
[2015.12.17-10.16.58:078][806]LogBlueprintUserMessages: [DirectionalLight_Blueprint_C_2] 2
[2015.12.17-10.16.58:578][864]LogBlueprintUserMessages: [DirectionalLight_Blueprint_C_2] Not Dragged
[2015.12.17-10.16.58:578][864]LogBlueprintUserMessages: [DirectionalLight_Blueprint_C_2] 60.0
[2015.12.17-10.16.58:578][864]LogBlueprintUserMessages: [DirectionalLight_Blueprint_C_2] 3
[2015.12.17-10.16.59:086][923]LogBlueprintUserMessages: [DirectionalLight_Blueprint_C_2] Not Dragged
[2015.12.17-10.16.59:086][923]LogBlueprintUserMessages: [DirectionalLight_Blueprint_C_2] 60.0
[2015.12.17-10.16.59:086][923]LogBlueprintUserMessages: [DirectionalLight_Blueprint_C_2] 3
[2015.12.17-10.16.59:594][982]LogBlueprintUserMessages: [DirectionalLight_Blueprint_C_2] Not Dragged
[2015.12.17-10.16.59:594][982]LogBlueprintUserMessages: [DirectionalLight_Blueprint_C_2] 75.0
[2015.12.17-10.16.59:594][982]LogBlueprintUserMessages: [DirectionalLight_Blueprint_C_2] 4
[2015.12.17-10.17.00:101][ 41]LogBlueprintUserMessages: [DirectionalLight_Blueprint_C_2] Not Dragged
[2015.12.17-10.17.00:101][ 41]LogBlueprintUserMessages: [DirectionalLight_Blueprint_C_2] 75.0
[2015.12.17-10.17.00:101][ 41]LogBlueprintUserMessages: [DirectionalLight_Blueprint_C_2] 4
[2015.12.17-10.17.00:602][ 99]LogBlueprintUserMessages: [DirectionalLight_Blueprint_C_2] Not Dragged
[2015.12.17-10.17.00:602][ 99]LogBlueprintUserMessages: [DirectionalLight_Blueprint_C_2] 90.0
[2015.12.17-10.17.00:602][ 99]LogBlueprintUserMessages: [DirectionalLight_Blueprint_C_2] 5
[2015.12.17-10.17.00:920][136]LogBlueprintUserMessages: [WeatherContorller_C_0] Hello
[2015.12.17-10.17.01:109][158]LogBlueprintUserMessages: [DirectionalLight_Blueprint_C_2] Not Dragged
[2015.12.17-10.17.01:109][158]LogBlueprintUserMessages: [DirectionalLight_Blueprint_C_2] 90.0
[2015.12.17-10.17.01:109][158]LogBlueprintUserMessages: [DirectionalLight_Blueprint_C_2] 5
[2015.12.17-10.17.01:609][216]LogBlueprintUserMessages: [DirectionalLight_Blueprint_C_2] Not Dragged
[2015.12.17-10.17.01:609][216]LogBlueprintUserMessages: [DirectionalLight_Blueprint_C_2] 105.0
[2015.12.17-10.17.01:609][216]LogBlueprintUserMessages: [DirectionalLight_Blueprint_C_2] 6
[2015.12.17-10.17.02:115][275]LogBlueprintUserMessages: [DirectionalLight_Blueprint_C_2] Not Dragged
[2015.12.17-10.17.02:115][275]LogBlueprintUserMessages: [DirectionalLight_Blueprint_C_2] 105.0
[2015.12.17-10.17.02:115][275]LogBlueprintUserMessages: [DirectionalLight_Blueprint_C_2] 6
[2015.12.17-10.17.02:621][334]LogBlueprintUserMessages: [DirectionalLight_Blueprint_C_2] Not Dragged
[2015.12.17-10.17.02:621][334]LogBlueprintUserMessages: [DirectionalLight_Blueprint_C_2] 120.0
[2015.12.17-10.17.02:621][334]LogBlueprintUserMessages: [DirectionalLight_Blueprint_C_2] 7
[2015.12.17-10.17.03:128][393]LogBlueprintUserMessages: [DirectionalLight_Blueprint_C_2] Not Dragged
[2015.12.17-10.17.03:129][393]LogBlueprintUserMessages: [DirectionalLight_Blueprint_C_2] 120.0
[2015.12.17-10.17.03:129][393]LogBlueprintUserMessages: [DirectionalLight_Blueprint_C_2] 7
[2015.12.17-10.17.03:637][452]LogBlueprintUserMessages: [DirectionalLight_Blueprint_C_2] Not Dragged
[2015.12.17-10.17.03:637][452]LogBlueprintUserMessages: [DirectionalLight_Blueprint_C_2] 135.0
[2015.12.17-10.17.03:637][452]LogBlueprintUserMessages: [DirectionalLight_Blueprint_C_2] 8
[2015.12.17-10.17.03:931][486]LogBlueprintUserMessages: [WeatherContorller_C_0] Hello
[2015.12.17-10.17.04:139][510]LogBlueprintUserMessages: [DirectionalLight_Blueprint_C_2] Not Dragged
[2015.12.17-10.17.04:139][510]LogBlueprintUserMessages: [DirectionalLight_Blueprint_C_2] 135.0
[2015.12.17-10.17.04:139][510]LogBlueprintUserMessages: [DirectionalLight_Blueprint_C_2] 8
[2015.12.17-10.17.04:645][569]LogBlueprintUserMessages: [DirectionalLight_Blueprint_C_2] Not Dragged
[2015.12.17-10.17.04:645][569]LogBlueprintUserMessages: [DirectionalLight_Blueprint_C_2] 150.0
[2015.12.17-10.17.04:645][569]LogBlueprintUserMessages: [DirectionalLight_Blueprint_C_2] 9
[2015.12.17-10.17.05:152][628]LogBlueprintUserMessages: [DirectionalLight_Blueprint_C_2] Not Dragged
[2015.12.17-10.17.05:152][628]LogBlueprintUserMessages: [DirectionalLight_Blueprint_C_2] 150.0
[2015.12.17-10.17.05:152][628]LogBlueprintUserMessages: [DirectionalLight_Blueprint_C_2] 9
[2015.12.17-10.17.05:660][687]LogBlueprintUserMessages: [DirectionalLight_Blueprint_C_2] Not Dragged
[2015.12.17-10.17.05:660][687]LogBlueprintUserMessages: [DirectionalLight_Blueprint_C_2] 165.0
[2015.12.17-10.17.05:660][687]LogBlueprintUserMessages: [DirectionalLight_Blueprint_C_2] 10
[2015.12.17-10.17.06:168][746]LogBlueprintUserMessages: [DirectionalLight_Blueprint_C_2] Not Dragged
[2015.12.17-10.17.06:168][746]LogBlueprintUserMessages: [DirectionalLight_Blueprint_C_2] 165.0
[2015.12.17-10.17.06:168][746]LogBlueprintUserMessages: [DirectionalLight_Blueprint_C_2] 10
[2015.12.17-10.17.06:669][804]LogBlueprintUserMessages: [DirectionalLight_Blueprint_C_2] Not Dragged
[2015.12.17-10.17.06:670][804]LogBlueprintUserMessages: [DirectionalLight_Blueprint_C_2] 180.0
[2015.12.17-10.17.06:670][804]LogBlueprintUserMessages: [DirectionalLight_Blueprint_C_2] 11
[2015.12.17-10.17.07:172][862]LogBlueprintUserMessages: [DirectionalLight_Blueprint_C_2] Not Dragged
[2015.12.17-10.17.07:172][862]LogBlueprintUserMessages: [DirectionalLight_Blueprint_C_2] 180.0
[2015.12.17-10.17.07:172][862]LogBlueprintUserMessages: [DirectionalLight_Blueprint_C_2] 11
[2015.12.17-10.17.07:673][920]LogBlueprintUserMessages: [DirectionalLight_Blueprint_C_2] Not Dragged
[2015.12.17-10.17.07:673][920]LogBlueprintUserMessages: [DirectionalLight_Blueprint_C_2] 195.0
[2015.12.17-10.17.07:673][920]LogBlueprintUserMessages: [DirectionalLight_Blueprint_C_2] 12
[2015.12.17-10.17.08:180][979]LogBlueprintUserMessages: [DirectionalLight_Blueprint_C_2] Not Dragged
[2015.12.17-10.17.08:180][979]LogBlueprintUserMessages: [DirectionalLight_Blueprint_C_2] 195.0
[2015.12.17-10.17.08:180][979]LogBlueprintUserMessages: [DirectionalLight_Blueprint_C_2] 12
[2015.12.17-10.17.08:688][ 38]LogBlueprintUserMessages: [DirectionalLight_Blueprint_C_2] Not Dragged
[2015.12.17-10.17.08:688][ 38]LogBlueprintUserMessages: [DirectionalLight_Blueprint_C_2] 210.0
[2015.12.17-10.17.08:688][ 38]LogBlueprintUserMessages: [DirectionalLight_Blueprint_C_2] 13
[2015.12.17-10.17.09:189][ 96]LogBlueprintUserMessages: [DirectionalLight_Blueprint_C_2] Not Dragged
[2015.12.17-10.17.09:189][ 96]LogBlueprintUserMessages: [DirectionalLight_Blueprint_C_2] 210.0
[2015.12.17-10.17.09:189][ 96]LogBlueprintUserMessages: [DirectionalLight_Blueprint_C_2] 13
[2015.12.17-10.17.09:691][154]LogBlueprintUserMessages: [DirectionalLight_Blueprint_C_2] Not Dragged
[2015.12.17-10.17.09:691][154]LogBlueprintUserMessages: [DirectionalLight_Blueprint_C_2] 225.0
[2015.12.17-10.17.09:691][154]LogBlueprintUserMessages: [DirectionalLight_Blueprint_C_2] 14
[2015.12.17-10.17.10:195][212]LogBlueprintUserMessages: [DirectionalLight_Blueprint_C_2] Not Dragged
[2015.12.17-10.17.10:195][212]LogBlueprintUserMessages: [DirectionalLight_Blueprint_C_2] 225.0
[2015.12.17-10.17.10:195][212]LogBlueprintUserMessages: [DirectionalLight_Blueprint_C_2] 14
[2015.12.17-10.17.10:698][270]LogBlueprintUserMessages: [DirectionalLight_Blueprint_C_2] Not Dragged
[2015.12.17-10.17.10:698][270]LogBlueprintUserMessages: [DirectionalLight_Blueprint_C_2] 240.0
[2015.12.17-10.17.10:698][270]LogBlueprintUserMessages: [DirectionalLight_Blueprint_C_2] 15
[2015.12.17-10.17.11:203][328]LogBlueprintUserMessages: [DirectionalLight_Blueprint_C_2] Not Dragged
[2015.12.17-10.17.11:203][328]LogBlueprintUserMessages: [DirectionalLight_Blueprint_C_2] 240.0
[2015.12.17-10.17.11:203][328]LogBlueprintUserMessages: [DirectionalLight_Blueprint_C_2] 15
[2015.12.17-10.17.11:704][386]LogBlueprintUserMessages: [DirectionalLight_Blueprint_C_2] Not Dragged
[2015.12.17-10.17.11:704][386]LogBlueprintUserMessages: [DirectionalLight_Blueprint_C_2] 255.0
[2015.12.17-10.17.11:704][386]LogBlueprintUserMessages: [DirectionalLight_Blueprint_C_2] 16
[2015.12.17-10.17.12:205][444]LogBlueprintUserMessages: [DirectionalLight_Blueprint_C_2] Not Dragged
[2015.12.17-10.17.12:205][444]LogBlueprintUserMessages: [DirectionalLight_Blueprint_C_2] 255.0
[2015.12.17-10.17.12:205][444]LogBlueprintUserMessages: [DirectionalLight_Blueprint_C_2] 16
[2015.12.17-10.17.12:405][467]LogBlueprintUserMessages: [WeatherContorller_C_0] Hello
[2015.12.17-10.17.12:405][467]LogBlueprintUserMessages: [WeatherContorller_C_0] Hello
[2015.12.17-10.17.12:713][503]LogBlueprintUserMessages: [DirectionalLight_Blueprint_C_2] Not Dragged
[2015.12.17-10.17.12:713][503]LogBlueprintUserMessages: [DirectionalLight_Blueprint_C_2] 270.0
[2015.12.17-10.17.12:713][503]LogBlueprintUserMessages: [DirectionalLight_Blueprint_C_2] 17
[2015.12.17-10.17.13:218][562]LogBlueprintUserMessages: [DirectionalLight_Blueprint_C_2] Not Dragged
[2015.12.17-10.17.13:218][562]LogBlueprintUserMessages: [DirectionalLight_Blueprint_C_2] 270.0
[2015.12.17-10.17.13:218][562]LogBlueprintUserMessages: [DirectionalLight_Blueprint_C_2] 17
[2015.12.17-10.17.13:724][621]LogBlueprintUserMessages: [DirectionalLight_Blueprint_C_2] Not Dragged
[2015.12.17-10.17.13:724][621]LogBlueprintUserMessages: [DirectionalLight_Blueprint_C_2] 285.0
[2015.12.17-10.17.13:724][621]LogBlueprintUserMessages: [DirectionalLight_Blueprint_C_2] 18
[2015.12.17-10.17.14:229][680]LogBlueprintUserMessages: [DirectionalLight_Blueprint_C_2] Not Dragged
[2015.12.17-10.17.14:229][680]LogBlueprintUserMessages: [DirectionalLight_Blueprint_C_2] 285.0
[2015.12.17-10.17.14:229][680]LogBlueprintUserMessages: [DirectionalLight_Blueprint_C_2] 18
[2015.12.17-10.17.14:736][739]LogBlueprintUserMessages: [DirectionalLight_Blueprint_C_2] Not Dragged
[2015.12.17-10.17.14:736][739]LogBlueprintUserMessages: [DirectionalLight_Blueprint_C_2] 300.0
[2015.12.17-10.17.14:736][739]LogBlueprintUserMessages: [DirectionalLight_Blueprint_C_2] 19
[2015.12.17-10.17.15:243][798]LogBlueprintUserMessages: [DirectionalLight_Blueprint_C_2] Not Dragged
[2015.12.17-10.17.15:243][798]LogBlueprintUserMessages: [DirectionalLight_Blueprint_C_2] 300.0
[2015.12.17-10.17.15:243][798]LogBlueprintUserMessages: [DirectionalLight_Blueprint_C_2] 19
[2015.12.17-10.17.15:749][857]LogBlueprintUserMessages: [DirectionalLight_Blueprint_C_2] Not Dragged
[2015.12.17-10.17.15:749][857]LogBlueprintUserMessages: [DirectionalLight_Blueprint_C_2] 315.0
[2015.12.17-10.17.15:749][857]LogBlueprintUserMessages: [DirectionalLight_Blueprint_C_2] 20
[2015.12.17-10.17.15:950][880]LogBlueprintUserMessages: Early EndPlayMap Detection: Level '/Game/StarterContent/Maps/Minimal_Default.Minimal_Default:PersistentLevel' has LevelScriptBlueprint '/Game/StarterContent/Maps/Minimal_Default.Minimal_Default:PersistentLevel.Minimal_Default' with GeneratedClass '/Game/StarterContent/Maps/Minimal_Default.Minimal_Default_C' with ClassGeneratedBy '/Game/StarterContent/Maps/Minimal_Default.Minimal_Default:PersistentLevel.Minimal_Default'
[2015.12.17-10.17.15:998][880]LogBlueprintUserMessages: Late EndPlayMap Detection: Level '/Game/StarterContent/Maps/Minimal_Default.Minimal_Default:PersistentLevel' has LevelScriptBlueprint '/Game/StarterContent/Maps/Minimal_Default.Minimal_Default:PersistentLevel.Minimal_Default' with GeneratedClass '/Game/StarterContent/Maps/Minimal_Default.Minimal_Default_C' with ClassGeneratedBy '/Game/StarterContent/Maps/Minimal_Default.Minimal_Default:PersistentLevel.Minimal_Default'
[2015.12.17-10.17.16:024][880]LogParticles: Destroying 0 GPU particle simulations for FXSystem 0x000000001C55D120
[2015.12.17-10.17.29:009][766]LogLinker:Warning: Asset '../../../Engine/Content/ArtTools/RenderToTexture/Macros/RenderToTextureMacros.uasset' has been saved with empty engine version. The asset will be loaded but may be incompatible.
[2015.12.17-10.17.29:430][766]LogContentBrowser: Native class hierarchy updated for 'BlueprintGraph' in 0.0006 seconds. Added 107 classes and 0 folders.
[2015.12.17-10.19.01:687][503]SourceControl:Error: Error Failed to enable Git source control. You need to initialize the project as a Git repository first.
[2015.12.17-10.19.12:665][653]SourceControl: Info Source control is disabled
[2015.12.17-10.19.38:422][507]SourceControl:Error: Error Failed to enable Git source control. You need to initialize the project as a Git repository first.
[2015.12.17-11.07.33:149][616]LogParticles: Destroying 0 GPU particle simulations for FXSystem 0x000000002AEE25C0
[2015.12.17-11.07.36:331][928]Cmd: QUIT_EDITOR
[2015.12.17-11.07.36:552][928]LogExit: Preparing to exit.
[2015.12.17-11.07.37:761][928]LogExit: Editor shut down
[2015.12.17-11.07.37:762][928]LogExit: Transaction tracking system shut down
[2015.12.17-11.07.37:767][928]LogParticles: Destroying 0 GPU particle simulations for FXSystem 0x0000000027A98AE0
[2015.12.17-11.07.37:768][928]LogParticles: Destroying 0 GPU particle simulations for FXSystem 0x00000000285DB880
[2015.12.17-11.07.37:768][928]LogParticles: Destroying 0 GPU particle simulations for FXSystem 0x0000000026F83BA0
[2015.12.17-11.07.37:768][928]LogParticles: Destroying 0 GPU particle simulations for FXSystem 0x000000002C4251C0
[2015.12.17-11.07.37:768][928]LogParticles: Destroying 0 GPU particle simulations for FXSystem 0x000000002C425300
[2015.12.17-11.07.38:035][928]LogExit: Object subsystem successfully closed.
[2015.12.17-11.07.38:083][928]LogD3D11RHI: Shutdown
[2015.12.17-11.07.38:083][928]LogD3D11RHI: CleanupD3DDevice
[2015.12.17-11.07.38:211][928]LogD3D11RHI: ~FD3D11DynamicRHI
[2015.12.17-11.07.38:233][928]LogModuleManager: Shutting down and abandoning module BlueprintGraph (198)
[2015.12.17-11.07.38:233][928]LogModuleManager: Shutting down and abandoning module CrashTracker (197)
[2015.12.17-11.07.38:233][928]LogModuleManager: Shutting down and abandoning module SceneOutliner (196)
[2015.12.17-11.07.38:234][928]LogModuleManager: Shutting down and abandoning module SuperSearch (195)
[2015.12.17-11.07.38:234][928]LogModuleManager: Shutting down and abandoning module WidgetCarousel (194)
[2015.12.17-11.07.38:234][928]LogModuleManager: Shutting down and abandoning module AddContentDialog (193)
[2015.12.17-11.07.38:244][928]LogModuleManager: Shutting down and abandoning module EditorWidgets (192)
[2015.12.17-11.07.38:244][928]LogModuleManager: Shutting down and abandoning module CollectionManager (191)
[2015.12.17-11.07.38:244][928]LogModuleManager: Shutting down and abandoning module StatsViewer (190)
[2015.12.17-11.07.38:244][928]LogModuleManager: Shutting down and abandoning module FoliageEdit (189)
[2015.12.17-11.07.38:244][928]LogModuleManager: Shutting down and abandoning module LandscapeEditor (188)
[2015.12.17-11.07.38:244][928]LogModuleManager: Shutting down and abandoning module ActorPickerMode (187)
[2015.12.17-11.07.38:244][928]LogModuleManager: Shutting down and abandoning module GeometryMode (186)
[2015.12.17-11.07.38:244][928]LogModuleManager: Shutting down and abandoning module TextureAlignMode (185)
[2015.12.17-11.07.38:244][928]LogModuleManager: Shutting down and abandoning module BspMode (184)
[2015.12.17-11.07.38:244][928]LogModuleManager: Shutting down and abandoning module PlacementMode (183)
[2015.12.17-11.07.38:244][928]LogModuleManager: Shutting down and abandoning module AutomationWorker (182)
[2015.12.17-11.07.38:244][928]LogModuleManager: Shutting down and abandoning module CharacterAI (181)
[2015.12.17-11.07.38:244][928]LogModuleManager: Shutting down and abandoning module SmartSnapping (180)
[2015.12.17-11.07.38:244][928]LogModuleManager: Shutting down and abandoning module ViewportSnapping (179)
[2015.12.17-11.07.38:244][928]LogModuleManager: Shutting down and abandoning module LogVisualizer (178)
[2015.12.17-11.07.38:244][928]LogModuleManager: Shutting down and abandoning module GameProjectGeneration (177)
[2015.12.17-11.07.38:244][928]LogModuleManager: Shutting down and abandoning module IntroTutorials (176)
[2015.12.17-11.07.38:245][928]LogModuleManager: Shutting down and abandoning module EditorLiveStreaming (175)
[2015.12.17-11.07.38:245][928]LogModuleManager: Shutting down and abandoning module IOSPlatformEditor (174)
[2015.12.17-11.07.38:245][928]LogModuleManager: Shutting down and abandoning module HTML5PlatformEditor (173)
[2015.12.17-11.07.38:245][928]LogModuleManager: Shutting down and abandoning module AndroidDeviceDetection (172)
[2015.12.17-11.07.38:659][928]LogModuleManager: Shutting down and abandoning module AndroidPlatformEditor (171)
[2015.12.17-11.07.38:659][928]LogModuleManager: Shutting down and abandoning module IOSRuntimeSettings (170)
[2015.12.17-11.07.38:659][928]LogModuleManager: Shutting down and abandoning module AndroidRuntimeSettings (169)
[2015.12.17-11.07.38:659][928]LogModuleManager: Shutting down and abandoning module MergeActors (168)
[2015.12.17-11.07.38:659][928]LogModuleManager: Shutting down and abandoning module SizeMap (167)
[2015.12.17-11.07.38:659][928]LogModuleManager: Shutting down and abandoning module TreeMap (166)
[2015.12.17-11.07.38:659][928]LogModuleManager: Shutting down and abandoning module ReferenceViewer (165)
[2015.12.17-11.07.38:659][928]LogModuleManager: Shutting down and abandoning module LocalizationService (164)
[2015.12.17-11.07.38:659][928]LogModuleManager: Shutting down and abandoning module LocalizationDashboard (163)
[2015.12.17-11.07.38:659][928]LogModuleManager: Shutting down and abandoning module HardwareTargeting (162)
[2015.12.17-11.07.38:659][928]LogModuleManager: Shutting down and abandoning module DeviceProfileEditor (161)
[2015.12.17-11.07.38:659][928]LogModuleManager: Shutting down and abandoning module UndoHistory (160)
[2015.12.17-11.07.38:659][928]LogModuleManager: Shutting down and abandoning module GameplayTagsEditor (159)
[2015.12.17-11.07.38:659][928]LogModuleManager: Shutting down and abandoning module UserFeedback (158)
[2015.12.17-11.07.38:659][928]LogModuleManager: Shutting down and abandoning module XmlParser (157)
[2015.12.17-11.07.38:659][928]LogModuleManager: Shutting down and abandoning module Blutility (156)
[2015.12.17-11.07.38:659][928]LogModuleManager: Shutting down and abandoning module ProjectTargetPlatformEditor (155)
[2015.12.17-11.07.38:659][928]LogModuleManager: Shutting down and abandoning module ProjectSettingsViewer (154)
[2015.12.17-11.07.38:659][928]LogModuleManager: Shutting down and abandoning module InputBindingEditor (153)
[2015.12.17-11.07.38:660][928]LogModuleManager: Shutting down and abandoning module EditorSettingsViewer (152)
[2015.12.17-11.07.38:660][928]LogModuleManager: Shutting down and abandoning module SettingsEditor (151)
[2015.12.17-11.07.38:660][928]LogModuleManager: Shutting down and abandoning module ProjectLauncher (150)
[2015.12.17-11.07.38:660][928]LogModuleManager: Shutting down and abandoning module SessionFrontend (149)
[2015.12.17-11.07.38:660][928]LogModuleManager: Shutting down and abandoning module ProfilerClient (148)
[2015.12.17-11.07.38:660][928]LogModuleManager: Shutting down and abandoning module TargetDeviceServices (147)
[2015.12.17-11.07.38:660][928]LogModuleManager: Shutting down and abandoning module DeviceManager (146)
[2015.12.17-11.07.38:660][928]LogModuleManager: Shutting down and abandoning module AutomationController (145)
[2015.12.17-11.07.38:660][928]LogModuleManager: Shutting down and abandoning module AutomationWindow (144)
[2015.12.17-11.07.38:660][928]LogModuleManager: Shutting down and abandoning module Layers (143)
[2015.12.17-11.07.38:660][928]LogModuleManager: Shutting down and abandoning module ComponentVisualizers (142)
[2015.12.17-11.07.38:660][928]LogModuleManager: Shutting down and abandoning module DetailCustomizations (141)
[2015.12.17-11.07.38:660][928]LogModuleManager: Shutting down and abandoning module PackagesDialog (140)
[2015.12.17-11.07.38:660][928]LogModuleManager: Shutting down and abandoning module Persona (139)
[2015.12.17-11.07.38:660][928]LogModuleManager: Shutting down and abandoning module Kismet (138)
[2015.12.17-11.07.38:661][928]LogModuleManager: Shutting down and abandoning module GraphEditor (137)
[2015.12.17-11.07.38:661][928]LogModuleManager: Shutting down and abandoning module ClassViewer (136)
[2015.12.17-11.07.38:661][928]LogModuleManager: Shutting down and abandoning module Toolbox (135)
[2015.12.17-11.07.38:661][928]LogModuleManager: Shutting down and abandoning module ModuleUI (134)
[2015.12.17-11.07.38:661][928]LogModuleManager: Shutting down and abandoning module MovieSceneTools (133)
[2015.12.17-11.07.38:661][928]LogModuleManager: Shutting down and abandoning module OutputLog (132)
[2015.12.17-11.07.38:661][928]LogModuleManager: Shutting down and abandoning module GammaUI (131)
[2015.12.17-11.07.38:661][928]LogModuleManager: Shutting down and abandoning module Documentation (130)
[2015.12.17-11.07.38:661][928]LogModuleManager: Shutting down and abandoning module GameLiveStreaming (129)
[2015.12.17-11.07.38:661][928]LogModuleManager: Shutting down and abandoning module StreamingPauseRendering (128)
[2015.12.17-11.07.38:661][928]LogModuleManager: Shutting down and abandoning module AnalyticsET (127)
[2015.12.17-11.07.38:661][928]LogModuleManager: Shutting down and abandoning module Analytics (126)
[2015.12.17-11.07.38:661][928]LogModuleManager: Shutting down and abandoning module AITestSuite (125)
[2015.12.17-11.07.38:661][928]LogModuleManager: Shutting down and abandoning module GameplayDebugger (124)
[2015.12.17-11.07.38:661][928]LogModuleManager: Shutting down and abandoning module AIModule (123)
[2015.12.17-11.07.38:661][928]LogModuleManager: Shutting down and abandoning module ProfilerService (122)
[2015.12.17-11.07.38:777][928]LogModuleManager: Shutting down and abandoning module TaskGraph (121)
[2015.12.17-11.07.38:777][928]LogModuleManager: Shutting down and abandoning module SlateRemote (120)
[2015.12.17-11.07.38:777][928]LogModuleManager: Shutting down and abandoning module SteamVRController (119)
[2015.12.17-11.07.38:777][928]LogModuleManager: Shutting down and abandoning module SteamVR (118)
[2015.12.17-11.07.38:777][928]LogModuleManager: Shutting down and abandoning module ProceduralMeshComponent (117)
[2015.12.17-11.07.38:777][928]LogModuleManager: Shutting down and abandoning module OculusRift (116)
[2015.12.17-11.07.38:777][928]LogModuleManager: Shutting down and abandoning module OculusLibrary (115)
[2015.12.17-11.07.38:777][928]LogModuleManager: Shutting down and abandoning module LeapMotionController (114)
[2015.12.17-11.07.38:784][928]LogModuleManager: Shutting down and abandoning module CustomMeshComponent (113)
[2015.12.17-11.07.38:784][928]LogModuleManager: Shutting down and abandoning module CableComponent (112)
[2015.12.17-11.07.38:784][928]LogModuleManager: Shutting down and abandoning module ArchVisCharacter (111)
[2015.12.17-11.07.38:784][928]LogModuleManager: Shutting down and abandoning module MessagingDebugger (110)
[2015.12.17-11.07.38:784][928]LogModuleManager: Shutting down and abandoning module MediaPlayerEditor (109)
[2015.12.17-11.07.38:784][928]LogModuleManager: Shutting down and abandoning module HTML5Networking (108)
[2015.12.17-11.07.38:784][928]LogModuleManager: Shutting down and abandoning module SpeedTreeImporter (107)
[2015.12.17-11.07.38:784][928]LogModuleManager: Shutting down and abandoning module PluginBrowser (106)
[2015.12.17-11.07.38:784][928]LogModuleManager: Shutting down and abandoning module EpicSurvey (105)
[2015.12.17-11.07.38:784][928]LogModuleManager: Shutting down and abandoning module DesktopPlatform (104)
[2015.12.17-11.07.38:784][928]LogModuleManager: Shutting down and abandoning module VisualStudioSourceCodeAccess (103)
[2015.12.17-11.07.38:784][928]LogModuleManager: Shutting down and abandoning module UObjectPlugin (102)
[2015.12.17-11.07.38:784][928]LogModuleManager: Shutting down and abandoning module SubversionSourceControl (101)
[2015.12.17-11.07.38:784][928]LogModuleManager: Shutting down and abandoning module PerforceSourceControl (100)
[2015.12.17-11.07.38:784][928]LogModuleManager: Shutting down and abandoning module SourceControl (99)
[2015.12.17-11.07.38:784][928]LogModuleManager: Shutting down and abandoning module GitSourceControl (98)
[2015.12.17-11.07.38:784][928]LogModuleManager: Shutting down and abandoning module LightPropagationVolumeEditor (97)
[2015.12.17-11.07.38:784][928]LogModuleManager: Shutting down and abandoning module PaperTiledImporter (96)
[2015.12.17-11.07.38:784][928]LogModuleManager: Shutting down and abandoning module PaperSpriteSheetImporter (95)
[2015.12.17-11.07.38:784][928]LogModuleManager: Shutting down and abandoning module MeshPaint (94)
[2015.12.17-11.07.38:784][928]LogModuleManager: Shutting down and abandoning module SlateReflector (93)
[2015.12.17-11.07.38:784][928]LogModuleManager: Shutting down and abandoning module HotReload (92)
[2015.12.17-11.07.38:784][928]LogModuleManager: Shutting down and abandoning module MainFrame (91)
[2015.12.17-11.07.38:784][928]LogModuleManager: Shutting down and abandoning module LevelEditor (90)
[2015.12.17-11.07.38:785][928]LogModuleManager: Shutting down and abandoning module DirectoryWatcher (89)
[2015.12.17-11.07.38:785][928]LogModuleManager: Shutting down and abandoning module AssetRegistry (88)
[2015.12.17-11.07.39:181][928]LogModuleManager: Shutting down and abandoning module ContentBrowser (87)
[2015.12.17-11.07.39:182][928]LogModuleManager: Shutting down and abandoning module Paper2DEditor (86)
[2015.12.17-11.07.39:182][928]LogModuleManager: Shutting down and abandoning module UdpMessaging (85)
[2015.12.17-11.07.39:282][928]LogModuleManager: Shutting down and abandoning module LightPropagationVolumeRuntime (84)
[2015.12.17-11.07.39:282][928]LogModuleManager: Shutting down and abandoning module Paper2D (83)
[2015.12.17-11.07.39:282][928]LogModuleManager: Shutting down and abandoning module WindowsMoviePlayer (82)
[2015.12.17-11.07.39:284][928]LogModuleManager: Shutting down and abandoning module Media (81)
[2015.12.17-11.07.39:284][928]LogModuleManager: Shutting down and abandoning module WmfMedia (80)
[2015.12.17-11.07.39:284][928]LogModuleManager: Shutting down and abandoning module OnlineBlueprintSupport (79)
[2015.12.17-11.07.39:284][928]LogModuleManager: Shutting down and abandoning module GameplayTasksEditor (78)
[2015.12.17-11.07.39:284][928]LogModuleManager: Shutting down and abandoning module PropertyEditor (77)
[2015.12.17-11.07.39:284][928]LogModuleManager: Shutting down and abandoning module BehaviorTreeEditor (76)
[2015.12.17-11.07.39:284][928]LogModuleManager: Shutting down and abandoning module FunctionalTesting (75)
[2015.12.17-11.07.39:285][928]LogModuleManager: Shutting down and abandoning module CollisionAnalyzer (74)
[2015.12.17-11.07.39:285][928]LogModuleManager: Shutting down and abandoning module WorkspaceMenuStructure (73)
[2015.12.17-11.07.39:285][928]LogModuleManager: Shutting down and abandoning module MessageLog (72)
[2015.12.17-11.07.39:285][928]LogModuleManager: Shutting down and abandoning module Sequencer (71)
[2015.12.17-11.07.39:285][928]LogModuleManager: Shutting down and abandoning module AssetTools (70)
[2015.12.17-11.07.39:285][928]LogModuleManager: Shutting down and abandoning module UMGEditor (69)
[2015.12.17-11.07.39:285][928]LogModuleManager: Shutting down and abandoning module UMG (68)
[2015.12.17-11.07.39:285][928]LogModuleManager: Shutting down and abandoning module Slate (67)
[2015.12.17-11.07.39:285][928]LogModuleManager: Shutting down and abandoning module EditorStyle (66)
[2015.12.17-11.07.39:286][928]LogModuleManager: Shutting down and abandoning module SessionServices (65)
[2015.12.17-11.07.39:286][928]LogModuleManager: Shutting down and abandoning module SourceCodeAccess (64)
[2015.12.17-11.07.39:286][928]LogModuleManager: Shutting down and abandoning module HeadMountedDisplay (63)
[2015.12.17-11.07.39:286][928]LogModuleManager: Shutting down and abandoning module XAudio2 (62)
[2015.12.17-11.07.39:286][928]LogModuleManager: Shutting down and abandoning module Networking (60)
[2015.12.17-11.07.39:286][928]LogModuleManager: Shutting down and abandoning module Core (59)
[2015.12.17-11.07.39:286][928]LogModuleManager: Shutting down and abandoning module KismetCompiler (58)
[2015.12.17-11.07.39:286][928]LogModuleManager: Shutting down and abandoning module PhysXFormats (57)
[2015.12.17-11.07.39:286][928]LogModuleManager: Shutting down and abandoning module MeshUtilities (56)
[2015.12.17-11.07.39:286][928]LogModuleManager: Shutting down and abandoning module CookingStats (55)
[2015.12.17-11.07.39:287][928]LogModuleManager: Shutting down and abandoning module DerivedDataCache (54)
[2015.12.17-11.07.39:316][928]LogDerivedDataCache: Shutdown
[2015.12.17-11.07.39:316][928]LogModuleManager: Shutting down and abandoning module ShaderFormatOpenGL (53)
[2015.12.17-11.07.39:316][928]LogModuleManager: Shutting down and abandoning module ShaderFormatD3D (52)
[2015.12.17-11.07.39:316][928]LogModuleManager: Shutting down and abandoning module MetalShaderFormat (51)
[2015.12.17-11.07.39:316][928]LogModuleManager: Shutting down and abandoning module TextureFormatUncompressed (50)
[2015.12.17-11.07.39:316][928]LogModuleManager: Shutting down and abandoning module TextureFormatPVR (49)
[2015.12.17-11.07.39:316][928]LogModuleManager: Shutting down and abandoning module TextureFormatIntelISPCTexComp (48)
[2015.12.17-11.07.39:316][928]LogModuleManager: Shutting down and abandoning module TextureFormatDXT (47)
[2015.12.17-11.07.39:316][928]LogModuleManager: Shutting down and abandoning module ImageWrapper (46)
[2015.12.17-11.07.39:316][928]LogModuleManager: Shutting down and abandoning module TextureFormatASTC (45)
[2015.12.17-11.07.39:316][928]LogModuleManager: Shutting down and abandoning module TextureFormatAndroid (44)
[2015.12.17-11.07.39:316][928]LogModuleManager: Shutting down and abandoning module AudioFormatOpus (43)
[2015.12.17-11.07.39:316][928]LogModuleManager: Shutting down and abandoning module AudioFormatOgg (42)
[2015.12.17-11.07.39:316][928]LogModuleManager: Shutting down and abandoning module AudioFormatADPCM (41)
[2015.12.17-11.07.39:316][928]LogModuleManager: Shutting down and abandoning module LinuxTargetPlatform (40)
[2015.12.17-11.07.39:316][928]LogModuleManager: Shutting down and abandoning module LinuxServerTargetPlatform (39)
[2015.12.17-11.07.39:316][928]LogModuleManager: Shutting down and abandoning module LinuxNoEditorTargetPlatform (38)
[2015.12.17-11.07.39:316][928]LogModuleManager: Shutting down and abandoning module Messaging (37)
[2015.12.17-11.07.39:316][928]LogModuleManager: Shutting down and abandoning module IOSTargetPlatform (36)
[2015.12.17-11.07.39:316][928]LogModuleManager: Shutting down and abandoning module HTML5TargetPlatform (35)
[2015.12.17-11.07.39:316][928]LogModuleManager: Shutting down and abandoning module Android_PVRTCTargetPlatform (34)
[2015.12.17-11.07.39:316][928]LogModuleManager: Shutting down and abandoning module Android_ETC2TargetPlatform (33)
[2015.12.17-11.07.39:316][928]LogModuleManager: Shutting down and abandoning module Android_ETC1TargetPlatform (32)
[2015.12.17-11.07.39:316][928]LogModuleManager: Shutting down and abandoning module Android_DXTTargetPlatform (31)
[2015.12.17-11.07.39:316][928]LogModuleManager: Shutting down and abandoning module Android_ATCTargetPlatform (30)
[2015.12.17-11.07.39:316][928]LogModuleManager: Shutting down and abandoning module Android_ASTCTargetPlatform (29)
[2015.12.17-11.07.39:316][928]LogModuleManager: Shutting down and abandoning module AndroidTargetPlatform (28)
[2015.12.17-11.07.39:316][928]LogModuleManager: Shutting down and abandoning module WindowsTargetPlatform (27)
[2015.12.17-11.07.39:316][928]LogModuleManager: Shutting down and abandoning module WindowsServerTargetPlatform (26)
[2015.12.17-11.07.39:316][928]LogModuleManager: Shutting down and abandoning module WindowsNoEditorTargetPlatform (25)
[2015.12.17-11.07.39:316][928]LogModuleManager: Shutting down and abandoning module WindowsClientTargetPlatform (24)
[2015.12.17-11.07.39:316][928]LogModuleManager: Shutting down and abandoning module AllDesktopTargetPlatform (23)
[2015.12.17-11.07.39:316][928]LogModuleManager: Shutting down and abandoning module TargetPlatform (22)
[2015.12.17-11.07.39:316][928]LogModuleManager: Shutting down and abandoning module InputCore (21)
[2015.12.17-11.07.39:316][928]LogModuleManager: Shutting down and abandoning module Settings (20)
[2015.12.17-11.07.39:316][928]LogModuleManager: Shutting down and abandoning module OnlineSubsystem (18)
[2015.12.17-11.07.39:316][928]LogModuleManager: Shutting down and abandoning module HTTP (17)
[2015.12.17-11.07.40:316][928]LogModuleManager: Shutting down and abandoning module XMPP (16)
[2015.12.17-11.07.40:316][928]LogModuleManager: Shutting down and abandoning module ExampleDeviceProfileSelector (15)
[2015.12.17-11.07.40:316][928]LogModuleManager: Shutting down and abandoning module TextureCompressor (14)
[2015.12.17-11.07.40:316][928]LogModuleManager: Shutting down and abandoning module ShaderCore (13)
[2015.12.17-11.07.40:316][928]LogModuleManager: Shutting down and abandoning module Landscape (12)
[2015.12.17-11.07.40:316][928]LogModuleManager: Shutting down and abandoning module SlateRHIRenderer (11)
[2015.12.17-11.07.40:317][928]LogModuleManager: Shutting down and abandoning module OpenGLDrv (10)
[2015.12.17-11.07.40:317][928]LogModuleManager: Shutting down and abandoning module D3D11RHI (9)
[2015.12.17-11.07.40:317][928]LogModuleManager: Shutting down and abandoning module AnimGraphRuntime (8)
[2015.12.17-11.07.40:317][928]LogModuleManager: Shutting down and abandoning module Renderer (7)
[2015.12.17-11.07.40:317][928]LogModuleManager: Shutting down and abandoning module Engine (6)
[2015.12.17-11.07.40:317][928]LogModuleManager: Shutting down and abandoning module CoreUObject (5)
[2015.12.17-11.07.40:317][928]LogModuleManager: Shutting down and abandoning module NetworkFile (4)
[2015.12.17-11.07.40:317][928]LogModuleManager: Shutting down and abandoning module StreamingFile (3)
[2015.12.17-11.07.40:317][928]LogModuleManager: Shutting down and abandoning module SandboxFile (2)
[2015.12.17-11.07.40:317][928]LogModuleManager: Shutting down and abandoning module PakFile (1)
[2015.12.17-11.07.40:318][928]LogExit: Exiting.
[2015.12.17-11.07.40:337][928]Log file closed, 12/17/15 11:07:40
